Log file open, 05/24/17 13:21:49
LogInit:Display: Running engine for game: hasamu
LogPlatformFile: Not using cached read wrapper
LogInit:Display: RandInit(-798222615) SRandInit(-798222615).
LogTaskGraph: Started task graph with 5 named threads and 6 total threads with 1 sets of task threads.
LogStats: Stats thread started at 0.225543
LogPluginManager:Warning: Plugin 'GitSourceControl' exists at '../../../Engine/Plugins/Developer/GitSourceControl/GitSourceControl.uplugin' and '../../../Engine/Plugins/Developer/UE4GitPlugin-1.0-beta/GitSourceControl.uplugin' - second location will be ignored
LogInit: Using libcurl 7.47.1
LogInit:  - built for x86_64-pc-win32
LogInit:  - supports SSL with OpenSSL/1.0.2g
LogInit:  - supports HTTP deflate (compression) using libz 1.2.8
LogInit:  - other features:
LogInit:      CURL_VERSION_SSL
LogInit:      CURL_VERSION_LIBZ
LogInit:      CURL_VERSION_IPV6
LogInit:      CURL_VERSION_ASYNCHDNS
LogInit:      CURL_VERSION_LARGEFILE
LogInit:      CURL_VERSION_IDN
LogInit:  CurlRequestOptions (configurable via config and command line):
LogInit:  - bVerifyPeer = false  - Libcurl will NOT verify peer certificate
LogInit:  - bUseHttpProxy = false  - Libcurl will NOT use HTTP proxy
LogInit:  - bDontReuseConnections = false  - Libcurl will reuse connections
LogInit:  - CertBundlePath = nullptr  - Libcurl will use whatever was configured at build time.
LogInit: Build: ++UE4+Release-4.15-CL-3348071
LogInit: Engine Version: 4.15.1-3348071+++UE4+Release-4.15
LogInit: Compatible Engine Version: 4.15.0-3299760+++UE4+Release-4.15
LogInit: Net CL: 3299760
LogDevObjectVersion: Number of dev versions registered: 14
LogDevObjectVersion:   Dev-Blueprints (B0D832E4-1F89-4F0D-ACCF-7EB736FD4AA2): 8
LogDevObjectVersion:   Dev-Build (E1C64328-A22C-4D53-A36C-8E866417BD8C): 0
LogDevObjectVersion:   Dev-Core (375EC13C-06E4-48FB-B500-84F0262A717E): 2
LogDevObjectVersion:   Dev-Editor (E4B068ED-F494-42E9-A231-DA0B2E46BB41): 14
LogDevObjectVersion:   Dev-Framework (CFFC743F-43B0-4480-9391-14DF171D2073): 22
LogDevObjectVersion:   Dev-Mobile (B02B49B5-BB20-44E9-A304-32B752E40360): 0
LogDevObjectVersion:   Dev-Networking (A4E4105C-59A1-49B5-A7C5-40C4547EDFEE): 0
LogDevObjectVersion:   Dev-Online (39C831C9-5AE6-47DC-9A44-9C173E1C8E7C): 0
LogDevObjectVersion:   Dev-Physics (78F01B33-EBEA-4F98-B9B4-84EACCB95AA2): 0
LogDevObjectVersion:   Dev-Platform (6631380F-2D4D-43E0-8009-CF276956A95A): 0
LogDevObjectVersion:   Dev-Rendering (12F88B9F-8875-4AFC-A67C-D90C383ABD29): 12
LogDevObjectVersion:   Dev-Sequencer (7B5AE74C-D270-4C10-A958-57980B212A5A): 3
LogDevObjectVersion:   Dev-VR (D7296918-1DD6-4BDD-9DE2-64A83CC13884): 0
LogDevObjectVersion:   Dev-LoadTimes (C2A15278-BFE7-4AFE-6C17-90FF531DF755): 1
LogInit: Compiled (64-bit): Mar 15 2017 16:52:47
LogInit: Compiled with Visual C++: 19.00.23026.00
LogInit: Build Configuration: Development
LogInit: Branch Name: ++UE4+Release-4.15
LogInit: Command line:  
LogInit: Base directory: C:/Program Files (x86)/Epic Games/UE_4.15/Engine/Binaries/Win64/
LogInit: Installed Engine Build: 1
LogInit: Presizing for max 8388607 objects, including 0 objects not considered by GC, pre-allocating 0 bytes for permanent pool.
LogInit: Object subsystem initialized
[2017.05.24-04.21.50:815][  0]LogInit: Selected Device Profile: [Windows]
[2017.05.24-04.21.50:815][  0]LogInit: Applying CVar settings loaded from the selected device profile: [Windows]
[2017.05.24-04.21.50:828][  0]LogInit: Computer: 16DELL-156
[2017.05.24-04.21.50:828][  0]LogInit: User: 16147006
[2017.05.24-04.21.50:828][  0]LogInit: CPU Page size=65536, Cores=2
[2017.05.24-04.21.50:828][  0]LogInit: High frequency timer resolution =2.143505 MHz
[2017.05.24-04.21.50:829][  0]LogMemory: Memory total: Physical=7.9GB (8GB approx)
[2017.05.24-04.21.50:829][  0]LogMemory: Platform Memory Stats for Windows
[2017.05.24-04.21.50:829][  0]LogMemory: Process Physical Memory: 263.41 MB used, 263.41 MB peak
[2017.05.24-04.21.50:829][  0]LogMemory: Process Virtual Memory: 263.80 MB used, 263.80 MB peak
[2017.05.24-04.21.50:829][  0]LogMemory: Physical Memory: 4027.58 MB used,  4075.03 MB free, 8102.61 MB total
[2017.05.24-04.21.50:829][  0]LogMemory: Virtual Memory: 627.77 MB used,  4075.03 MB free, 8388608.00 MB total
[2017.05.24-04.21.50:922][  0]LogTextLocalizationManager: No specific translations for ('ja-JP') exist, so ('ja') translations will be used.
[2017.05.24-04.21.51:038][  0]LogTextLocalizationManager:Warning: Loaded localization resources contain conflicting entries for (Namespace:UObjectToolTips, Key:AnimNode_AssetPlayerBase:bIgnoreForRelevancyTest):
Localization Resource: (C:/Program Files (x86)/Epic Games/UE_4.15/Engine/Content/Localization/EditorTutorials/ja/EditorTutorials.locres) Source String Hash: (319969718) Localized String: (真の場合、Relevant anim ノードはアニメーションで最も高いウェイトのものを無視します。
このノード)
Localization Resource: (C:/Program Files (x86)/Epic Games/UE_4.15/Engine/Content/Localization/Engine/ja/Engine.locres) Source String Hash: (319969718) Localized String: (真の場合、アニメーションで最も高いウェイトのものを無視するRelevant anim ノードは
このノードを無視します)
[2017.05.24-04.21.51:038][  0]LogTextLocalizationManager:Warning: Loaded localization resources contain conflicting entries for (Namespace:UObjectToolTips, Key:AnimNode_BlendSpacePlayer:bLoop):
Localization Resource: (C:/Program Files (x86)/Epic Games/UE_4.15/Engine/Content/Localization/EditorTutorials/ja/EditorTutorials.locres) Source String Hash: (2133979316) Localized String: (再生が最後まで終わった後、ループ再生するようにしますか？)
Localization Resource: (C:/Program Files (x86)/Epic Games/UE_4.15/Engine/Content/Localization/ToolTips/ja/ToolTips.locres) Source String Hash: (2133979316) Localized String: (ループが最後まで到達した時に、アニメーションのループを継続するべきか？)
[2017.05.24-04.21.51:038][  0]LogTextLocalizationManager:Warning: Loaded localization resources contain conflicting entries for (Namespace:UObjectToolTips, Key:AnimNode_BlendSpacePlayer:X):
Localization Resource: (C:/Program Files (x86)/Epic Games/UE_4.15/Engine/Content/Localization/EditorTutorials/ja/EditorTutorials.locres) Source String Hash: (2060772590) Localized String: (ブレンドスペースで値を取得するX座標)
Localization Resource: (C:/Program Files (x86)/Epic Games/UE_4.15/Engine/Content/Localization/ToolTips/ja/ToolTips.locres) Source String Hash: (2060772590) Localized String: (ブレンドスペースでサンプリングするX座標)
[2017.05.24-04.21.51:038][  0]LogTextLocalizationManager:Warning: Loaded localization resources contain conflicting entries for (Namespace:UObjectToolTips, Key:AnimNode_BlendSpacePlayer:Y):
Localization Resource: (C:/Program Files (x86)/Epic Games/UE_4.15/Engine/Content/Localization/EditorTutorials/ja/EditorTutorials.locres) Source String Hash: (-1719607538) Localized String: (ブレンドスペースで値を取得するY座標)
Localization Resource: (C:/Program Files (x86)/Epic Games/UE_4.15/Engine/Content/Localization/ToolTips/ja/ToolTips.locres) Source String Hash: (-1719607538) Localized String: (ブレンドスペースでサンプリングするY座標)
[2017.05.24-04.21.51:038][  0]LogTextLocalizationManager:Warning: Loaded localization resources contain conflicting entries for (Namespace:UObjectToolTips, Key:AnimNode_BlendSpacePlayer:Z):
Localization Resource: (C:/Program Files (x86)/Epic Games/UE_4.15/Engine/Content/Localization/EditorTutorials/ja/EditorTutorials.locres) Source String Hash: (1728943471) Localized String: (ブレンドスペースで値を取得するZ座標)
Localization Resource: (C:/Program Files (x86)/Epic Games/UE_4.15/Engine/Content/Localization/ToolTips/ja/ToolTips.locres) Source String Hash: (1728943471) Localized String: (ブレンドスペースでサンプリングするZ座標)
[2017.05.24-04.21.51:038][  0]LogTextLocalizationManager:Warning: Loaded localization resources contain conflicting entries for (Namespace:UObjectToolTips, Key:AnimNode_BlendSpacePlayer:BlendSpace):
Localization Resource: (C:/Program Files (x86)/Epic Games/UE_4.15/Engine/Content/Localization/EditorTutorials/ja/EditorTutorials.locres) Source String Hash: (1599043277) Localized String: (再生するブレンドスペースのアセット)
Localization Resource: (C:/Program Files (x86)/Epic Games/UE_4.15/Engine/Content/Localization/ToolTips/ja/ToolTips.locres) Source String Hash: (1599043277) Localized String: (再生するブレンド空間アセット)
[2017.05.24-04.21.51:038][  0]LogTextLocalizationManager:Warning: Loaded localization resources contain conflicting entries for (Namespace:UObjectToolTips, Key:AnimNode_StateMachine:MaxTransitionsPerFrame):
Localization Resource: (C:/Program Files (x86)/Epic Games/UE_4.15/Engine/Content/Localization/EditorTutorials/ja/EditorTutorials.locres) Source String Hash: (1567650430) Localized String: (このマシーンで1フレームあたりに同時に処理できるトランジションの最大数)
Localization Resource: (C:/Program Files (x86)/Epic Games/UE_4.15/Engine/Content/Localization/ToolTips/ja/ToolTips.locres) Source String Hash: (1567650430) Localized String: (単一フレームでマシーンが「同時」に受け取れる遷移の最大数)
[2017.05.24-04.21.51:038][  0]LogTextLocalizationManager:Warning: Loaded localization resources contain conflicting entries for (Namespace:UObjectToolTips, Key:AnimNode_BlendSpacePlayer:PlayRate):
Localization Resource: (C:/Program Files (x86)/Epic Games/UE_4.15/Engine/Content/Localization/EditorTutorials/ja/EditorTutorials.locres) Source String Hash: (-1274923958) Localized String: (再生速度の倍率です。負の数値も使う事ができます。その場合逆再生になります。)
Localization Resource: (C:/Program Files (x86)/Epic Games/UE_4.15/Engine/Content/Localization/ToolTips/ja/ToolTips.locres) Source String Hash: (-1274923958) Localized String: (再生レート乗数。アニメーションを逆再生する負の値にすることができます。)
[2017.05.24-04.21.51:038][  0]LogTextLocalizationManager:Warning: Loaded localization resources contain conflicting entries for (Namespace:UObjectToolTips, Key:AnimNode_SequencePlayer:bLoopAnimation):
Localization Resource: (C:/Program Files (x86)/Epic Games/UE_4.15/Engine/Content/Localization/ToolTips/ja/ToolTips.locres) Source String Hash: (2133979316) Localized String: (ループが最後まで到達した時に、アニメーションのループを継続するべきか？)
Localization Resource: (C:/Program Files (x86)/Epic Games/UE_4.15/Engine/Content/Localization/Engine/ja/Engine.locres) Source String Hash: (2133979316) Localized String: (最後に到達した時にアニメーションのループを継続しますか？)
[2017.05.24-04.21.51:039][  0]LogTextLocalizationManager:Warning: Loaded localization resources contain conflicting entries for (Namespace:UObjectToolTips, Key:AnimNode_SequencePlayer:PlayRate):
Localization Resource: (C:/Program Files (x86)/Epic Games/UE_4.15/Engine/Content/Localization/ToolTips/ja/ToolTips.locres) Source String Hash: (-1274923958) Localized String: (再生レート乗数。アニメーションを逆再生する負の値にすることができます。)
Localization Resource: (C:/Program Files (x86)/Epic Games/UE_4.15/Engine/Content/Localization/Engine/ja/Engine.locres) Source String Hash: (-1274923958) Localized String: (再生速度の倍率です。負の数値も使う事ができます。その場合逆再生になります。)
[2017.05.24-04.21.51:501][  0]LogD3D11RHI: D3D11 adapters:
[2017.05.24-04.21.51:510][  0]LogD3D11RHI:    0. 'Intel(R) HD Graphics 5500' (Feature Level 11_0)
[2017.05.24-04.21.51:510][  0]LogD3D11RHI:       192/0/1632 MB DedicatedVideo/DedicatedSystem/SharedSystem, Outputs:1, VendorId:0x8086
[2017.05.24-04.21.51:510][  0]LogD3D11RHI: Chosen D3D11 Adapter: 0
[2017.05.24-04.21.51:516][  0]LogD3D11RHI: Creating new Direct3DDevice
[2017.05.24-04.21.51:516][  0]LogD3D11RHI:     GPU DeviceId: 0x1616 (for the marketing name, search the web for "GPU Device Id")
[2017.05.24-04.21.51:516][  0]LogWindows: EnumDisplayDevices:
[2017.05.24-04.21.51:516][  0]LogWindows:    0. 'Intel(R) HD Graphics 5500' (P:1 D:1)
[2017.05.24-04.21.51:516][  0]LogWindows:    1. 'Intel(R) HD Graphics 5500' (P:0 D:0)
[2017.05.24-04.21.51:516][  0]LogWindows:    2. 'Intel(R) HD Graphics 5500' (P:0 D:0)
[2017.05.24-04.21.51:516][  0]LogWindows:    3. 'RDPDD Chained DD' (P:0 D:0)
[2017.05.24-04.21.51:517][  0]LogWindows:    4. 'RDP Encoder Mirror Driver' (P:0 D:0)
[2017.05.24-04.21.51:517][  0]LogWindows:    5. 'RDP Reflector Display Driver' (P:0 D:0)
[2017.05.24-04.21.51:517][  0]LogWindows: DebugString: GetVideoDriverDetailsInvalid PrimaryIsNotTheChoosenAdapter GetVideoDriverDetailsInvalid PrimaryIsNotTheChoosenAdapter GetVideoDriverDetailsInvalid PrimaryIsNotTheChoosenAdapter FoundDriverCount:3 
[2017.05.24-04.21.51:517][  0]LogD3D11RHI:     Adapter Name: Intel(R) HD Graphics 5500
[2017.05.24-04.21.51:517][  0]LogD3D11RHI:   Driver Version: 10.18.14.4264 (internal:10.18.14.4264, unified:10.18.14.4264)
[2017.05.24-04.21.51:517][  0]LogD3D11RHI:      Driver Date: 8-4-2015
[2017.05.24-04.21.51:517][  0]LogRHI: Texture pool is 705 MB (70% of 1008 MB)
[2017.05.24-04.21.51:526][  0]LogD3D11RHI: Async texture creation enabled
[2017.05.24-04.21.51:533][  0]LogD3D11RHI: GPU Timing Frequency: 12.500000 (Debug: 2 0)
[2017.05.24-04.21.51:534][  0]LogShaderCompilers: Guid format shader working directory is -9 characters bigger than the processId version (../../../../../../Users/16147006/Documents/UE4CraneProject/Intermediate/Shaders/WorkingDirectory/7872/).
[2017.05.24-04.21.51:534][  0]LogShaderCompilers: Cleaned the shader compiler working directory 'C:/Users/16147006/AppData/Local/Temp/UnrealShaderWorkingDir/9459F04A49E3C6D47577A585322DDE2C/'.
[2017.05.24-04.21.51:534][  0]LogShaderCompilers:Display: Using Local Shader Compiler.
[2017.05.24-04.21.52:893][  0]LogTemp:Display: Loaded TP AllDesktopTargetPlatform
[2017.05.24-04.21.52:950][  0]LogTemp:Display: Loaded TP MacClientTargetPlatform
[2017.05.24-04.21.53:007][  0]LogTemp:Display: Loaded TP MacNoEditorTargetPlatform
[2017.05.24-04.21.53:064][  0]LogTemp:Display: Loaded TP MacServerTargetPlatform
[2017.05.24-04.21.53:123][  0]LogTemp:Display: Loaded TP MacTargetPlatform
[2017.05.24-04.21.53:180][  0]LogTemp:Display: Loaded TP WindowsClientTargetPlatform
[2017.05.24-04.21.53:237][  0]LogTemp:Display: Loaded TP WindowsNoEditorTargetPlatform
[2017.05.24-04.21.53:294][  0]LogTemp:Display: Loaded TP WindowsServerTargetPlatform
[2017.05.24-04.21.53:341][  0]LogTemp:Display: Loaded TP WindowsTargetPlatform
[2017.05.24-04.21.53:398][  0]LogTemp:Display: Loaded TP AndroidTargetPlatform
[2017.05.24-04.21.53:456][  0]LogTemp:Display: Loaded TP Android_ASTCTargetPlatform
[2017.05.24-04.21.53:511][  0]LogTemp:Display: Loaded TP Android_ATCTargetPlatform
[2017.05.24-04.21.53:570][  0]LogTemp:Display: Loaded TP Android_DXTTargetPlatform
[2017.05.24-04.21.53:627][  0]LogTemp:Display: Loaded TP Android_ETC1TargetPlatform
[2017.05.24-04.21.53:683][  0]LogTemp:Display: Loaded TP Android_ETC2TargetPlatform
[2017.05.24-04.21.53:797][  0]LogTemp:Display: Loaded TP Android_MultiTargetPlatform
[2017.05.24-04.21.53:797][  0]LogTemp:Display: Loaded TP Android_PVRTCTargetPlatform
[2017.05.24-04.21.53:835][  0]LogTemp:Display: Loaded TP HTML5TargetPlatform
[2017.05.24-04.21.53:932][  0]LogTemp:Display: Loaded TP IOSTargetPlatform
[2017.05.24-04.21.53:992][  0]LogTemp:Display: Loaded TP TVOSTargetPlatform
[2017.05.24-04.21.54:051][  0]LogTemp:Display: Loaded TP LinuxClientTargetPlatform
[2017.05.24-04.21.54:112][  0]LogTemp:Display: Loaded TP LinuxNoEditorTargetPlatform
[2017.05.24-04.21.54:169][  0]LogTemp:Display: Loaded TP LinuxServerTargetPlatform
[2017.05.24-04.21.54:228][  0]LogTemp:Display: Loaded TP LinuxTargetPlatform
[2017.05.24-04.21.54:228][  0]LogTargetPlatformManager:Display: Building Assets For Windows
[2017.05.24-04.21.54:774][  0]LogDerivedDataCache:Display: Max Cache Size: 512 MB
[2017.05.24-04.21.54:844][  0]LogDerivedDataCache: Loaded boot cache 0.07s 50MB C:/Users/16147006/AppData/Local/UnrealEngine/4.15/DerivedDataCache/Boot.ddc.
[2017.05.24-04.21.54:844][  0]LogDerivedDataCache:Display: Loaded Boot cache: C:/Users/16147006/AppData/Local/UnrealEngine/4.15/DerivedDataCache/Boot.ddc
[2017.05.24-04.21.54:844][  0]LogDerivedDataCache: FDerivedDataBackendGraph:  Pak pak cache file ../../../../../../Users/16147006/Documents/UE4CraneProject/DerivedDataCache/DDC.ddp not found, will not use a pak cache.
[2017.05.24-04.21.54:844][  0]LogDerivedDataCache: Unable to find inner node Pak for hierarchical cache Hierarchy.
[2017.05.24-04.21.54:844][  0]LogDerivedDataCache: FDerivedDataBackendGraph:  CompressedPak pak cache file ../../../../../../Users/16147006/Documents/UE4CraneProject/DerivedDataCache/Compressed.ddp not found, will not use a pak cache.
[2017.05.24-04.21.54:844][  0]LogDerivedDataCache: Unable to find inner node CompressedPak for hierarchical cache Hierarchy.
[2017.05.24-04.21.54:870][  0]LogDerivedDataCache:Display: Pak cache opened for reading ../../../Engine/DerivedDataCache/Compressed.ddp.
[2017.05.24-04.21.54:882][  0]LogDerivedDataCache: Using Local data cache path C:/Users/16147006/AppData/Local/UnrealEngine/Common/DerivedDataCache: Writable
[2017.05.24-04.21.54:896][  0]LogSlate: Using Freetype 2.6.0
[2017.05.24-04.21.54:896][  0]LogSlate: SlateFontCache - WITH_FREETYPE: 1, WITH_HARFBUZZ: 1
[2017.05.24-04.21.54:896][  0]LogSlate: SlateFontCache - WITH_FREETYPE: 1, WITH_HARFBUZZ: 1
[2017.05.24-04.21.55:301][  0]LogInit: Selected Device Profile: [Windows]
[2017.05.24-04.21.55:305][  0]LogContentStreaming: Texture pool size is 0.00 MB
[2017.05.24-04.21.55:551][  0]LogMeshUtilities: Using QuadricMeshReduction for automatic static mesh reduction
[2017.05.24-04.21.55:594][  0]LogSimplygon: Simplygon DLL not present - disabling.
[2017.05.24-04.21.55:639][  0]LogMeshUtilities: Using SimplygonSwarm for distributed automatic mesh merging
[2017.05.24-04.21.55:639][  0]LogMeshUtilities: No automatic skeletal mesh reduction module available
[2017.05.24-04.21.55:639][  0]LogMeshUtilities: No automatic mesh merging module available
[2017.05.24-04.21.56:428][  0]LogNetVersion: GetLocalNetworkVersion: CL: 3299760, ProjectName: hasamu, ProjectVersion: , EngineNetworkVersion: 2, GameNetworkVersion: 0, NetworkChecksum: 671900762
[2017.05.24-04.21.56:471][  0]LogAssetRegistry: FAssetRegistry took 0.0196 seconds to start up
[2017.05.24-04.21.56:536][  0]LogPackageLocalizationCache: Processed 3 localized package path(s) for 2 prioritized culture(s) in 0.036681 seconds
[2017.05.24-04.21.56:546][  0]LogUObjectArray: 32493 objects as part of root set at end of initial load.
[2017.05.24-04.21.56:546][  0]LogUObjectAllocator: 7077024 out of 0 bytes used by permanent object pool.
[2017.05.24-04.21.56:546][  0]LogUObjectArray: CloseDisregardForGC: 0/0 objects in disregard for GC pool
[2017.05.24-04.21.56:615][  0]LogInit: WinSock: version 1.1 (2.2), MaxSocks=32767, MaxUdp=65467
[2017.05.24-04.21.58:757][  0]LogTcpMessaging: Initializing TcpMessaging bridge
[2017.05.24-04.21.58:799][  0]LogUdpMessaging: Initializing bridge on interface 0.0.0.0:0 to multicast group 230.0.0.1:6666.
[2017.05.24-04.21.59:313][  0]LogMaterial: Uniform references updated for custom material expression Custom.
[2017.05.24-04.21.59:703][  0]SourceControl: 情報 ソースコントロールは無効です
[2017.05.24-04.22.01:565][  0]LogEngine: Initializing Engine...
[2017.05.24-04.22.01:565][  0]LogHMD: Failed to initialize OpenVR with code 110
[2017.05.24-04.22.01:834][  0]LogAIModule: Creating AISystem for world Untitled
[2017.05.24-04.22.01:848][  0]LogInit: XAudio2 using 'スピーカー / ヘッドホン (Realtek High Definition Audio)' : 2 channels at 48 kHz using 32 bits per sample (channel mask 0x3)
[2017.05.24-04.22.02:072][  0]LogInit: FAudioDevice initialized.
[2017.05.24-04.22.02:102][  0]LogDerivedDataCache: Saved boot cache 0.03s 50MB C:/Users/16147006/AppData/Local/UnrealEngine/4.15/DerivedDataCache/Boot.ddc.
[2017.05.24-04.22.02:109][  0]LogInit: Texture streaming: Enabled
[2017.05.24-04.22.02:203][  0]LogEngineSessionManager: EngineSessionManager initialized
[2017.05.24-04.22.02:298][  0]LogInit: Transaction tracking system initialized
[2017.05.24-04.22.02:668][  0]BlueprintLog: New page: エディタの読み込み
[2017.05.24-04.22.03:735][  0]LocalizationService: 情報 ローカライズのサービスが無効になりました
[2017.05.24-04.22.04:438][  0]LogConsoleResponse:Display: 
[2017.05.24-04.22.04:634][  0]LogCook:Display: Max memory allowance for cook 16384mb min free memory 0mb
[2017.05.24-04.22.04:634][  0]LogCook:Display: Mobile HDR setting 1
[2017.05.24-04.22.05:865][  0]LogFileCache: Scanning file cache for directory 'C:/Users/16147006/Documents/UE4CraneProject/Content/' took 0.01s
[2017.05.24-04.22.06:122][  0]Cmd: MAP LOAD FILE="../../../../../../Users/16147006/Documents/UE4CraneProject/Content/ThirdPersonBP/Maps/ThirdPersonExampleMap.umap" TEMPLATE=0 SHOWPROGRESS=1 FEATURELEVEL=3
[2017.05.24-04.22.06:122][  0]LightingResults: New page: ライティングのビルド
[2017.05.24-04.22.06:192][  0]MapCheck: New page: マップをチェック
[2017.05.24-04.22.06:192][  0]LightingResults: New page: <何も選択されていません>
[2017.05.24-04.22.06:365][  0]LogLinker:Warning: ファイル '/Game/StarterContent/Audio/Explosion_Cue' が見つかりません
[2017.05.24-04.22.06:365][  0]LogLinker:Warning: ../../../../../../Users/16147006/Documents/UE4CraneProject/Content/ThirdPersonBP/PlayerShotWeapon.uasset のロード中にアセット '/Game/StarterContent/Audio/Explosion_Cue'  のファイルが見つかりません
[2017.05.24-04.22.06:365][  0]LoadErrors:Error: エラー /Game/ThirdPersonBP/PlayerShotWeapon : アセットのファイルが見つかりません /Game/StarterContent/Audio/Explosion_Cue
[2017.05.24-04.22.06:365][  0]LogLinker:Warning: ファイル '/Game/StarterContent/Particles/P_Fire' が見つかりません
[2017.05.24-04.22.06:365][  0]LogLinker:Warning: ../../../../../../Users/16147006/Documents/UE4CraneProject/Content/ThirdPersonBP/PlayerShotWeapon.uasset のロード中にアセット '/Game/StarterContent/Particles/P_Fire'  のファイルが見つかりません
[2017.05.24-04.22.06:366][  0]LoadErrors:Error: エラー /Game/ThirdPersonBP/PlayerShotWeapon : アセットのファイルが見つかりません /Game/StarterContent/Particles/P_Fire
[2017.05.24-04.22.06:366][  0]LogLinker:Warning: ファイル '/Game/StarterContent/Particles/P_Fire' が見つかりません
[2017.05.24-04.22.06:366][  0]LogLinker:Warning: ../../../../../../Users/16147006/Documents/UE4CraneProject/Content/ThirdPersonBP/PlayerShotWeapon.uasset のロード中にアセット '/Game/StarterContent/Particles/P_Fire'  のファイルが見つかりません
[2017.05.24-04.22.06:366][  0]LoadErrors:Error: エラー /Game/ThirdPersonBP/PlayerShotWeapon : アセットのファイルが見つかりません /Game/StarterContent/Particles/P_Fire
[2017.05.24-04.22.06:366][  0]LogLinker:Warning: ファイル '/Game/StarterContent/Audio/Explosion_Cue' が見つかりません
[2017.05.24-04.22.06:366][  0]LogLinker:Warning: ../../../../../../Users/16147006/Documents/UE4CraneProject/Content/ThirdPersonBP/PlayerShotWeapon.uasset のロード中にアセット '/Game/StarterContent/Audio/Explosion_Cue'  のファイルが見つかりません
[2017.05.24-04.22.06:366][  0]LoadErrors:Error: エラー /Game/ThirdPersonBP/PlayerShotWeapon : アセットのファイルが見つかりません /Game/StarterContent/Audio/Explosion_Cue
[2017.05.24-04.22.06:367][  0]LogLinker:Warning: ファイル '/Game/StarterContent/Audio/Explosion_Cue' が見つかりません
[2017.05.24-04.22.06:367][  0]LogLinker:Warning: ../../../../../../Users/16147006/Documents/UE4CraneProject/Content/ThirdPersonBP/Blueprints/ThirdPersonCharacter.uasset のロード中にアセット '/Game/StarterContent/Audio/Explosion_Cue'  のファイルが見つかりません
[2017.05.24-04.22.06:367][  0]LoadErrors:Error: エラー /Game/ThirdPersonBP/Blueprints/ThirdPersonCharacter : アセットのファイルが見つかりません /Game/StarterContent/Audio/Explosion_Cue
[2017.05.24-04.22.06:367][  0]LogLinker:Warning: ファイル '/Game/StarterContent/Particles/P_Fire' が見つかりません
[2017.05.24-04.22.06:368][  0]LogLinker:Warning: ../../../../../../Users/16147006/Documents/UE4CraneProject/Content/ThirdPersonBP/Blueprints/ThirdPersonCharacter.uasset のロード中にアセット '/Game/StarterContent/Particles/P_Fire'  のファイルが見つかりません
[2017.05.24-04.22.06:368][  0]LoadErrors:Error: エラー /Game/ThirdPersonBP/Blueprints/ThirdPersonCharacter : アセットのファイルが見つかりません /Game/StarterContent/Particles/P_Fire
[2017.05.24-04.22.06:368][  0]LogLinker:Warning: ファイル '/Game/StarterContent/Particles/P_Fire' が見つかりません
[2017.05.24-04.22.06:368][  0]LogLinker:Warning: ../../../../../../Users/16147006/Documents/UE4CraneProject/Content/ThirdPersonBP/Blueprints/ThirdPersonCharacter.uasset のロード中にアセット '/Game/StarterContent/Particles/P_Fire'  のファイルが見つかりません
[2017.05.24-04.22.06:368][  0]LoadErrors:Error: エラー /Game/ThirdPersonBP/Blueprints/ThirdPersonCharacter : アセットのファイルが見つかりません /Game/StarterContent/Particles/P_Fire
[2017.05.24-04.22.06:368][  0]LogLinker:Warning: ファイル '/Game/StarterContent/Audio/Explosion_Cue' が見つかりません
[2017.05.24-04.22.06:368][  0]LogLinker:Warning: ../../../../../../Users/16147006/Documents/UE4CraneProject/Content/ThirdPersonBP/Blueprints/ThirdPersonCharacter.uasset のロード中にアセット '/Game/StarterContent/Audio/Explosion_Cue'  のファイルが見つかりません
[2017.05.24-04.22.06:368][  0]LoadErrors:Error: エラー /Game/ThirdPersonBP/Blueprints/ThirdPersonCharacter : アセットのファイルが見つかりません /Game/StarterContent/Audio/Explosion_Cue
[2017.05.24-04.22.06:370][  0]LogLinker:Warning: ファイル '/Game/StarterContent/Particles/P_Fire' が見つかりません
[2017.05.24-04.22.06:370][  0]LoadErrors: 情報 ロードに失敗しました /Game/StarterContent/Particles/P_Fire.P_Fire 参照元 ParticleSystem_GEN_VARIABLE
[2017.05.24-04.22.06:370][  0]LogLinker:Warning: ../../../../../../Users/16147006/Documents/UE4CraneProject/Content/ThirdPersonBP/Blueprints/ThirdPersonCharacter.uasset のロード中にアセット '/Game/StarterContent/Particles/P_Fire'  のファイルが見つかりません
[2017.05.24-04.22.06:370][  0]LoadErrors: 情報 ロードに失敗しました /Game/StarterContent/Particles/P_Fire.P_Fire 参照元 ParticleSystem_GEN_VARIABLE
[2017.05.24-04.22.06:370][  0]LoadErrors:Error: エラー /Game/ThirdPersonBP/Blueprints/ThirdPersonCharacter : アセットのファイルが見つかりません /Game/StarterContent/Particles/P_Fire
[2017.05.24-04.22.06:370][  0]LogLinker:Warning: ファイル '/Game/StarterContent/Audio/Explosion_Cue' が見つかりません
[2017.05.24-04.22.06:370][  0]LoadErrors: 情報 ロードに失敗しました /Game/StarterContent/Audio/Explosion_Cue.Explosion_Cue 参照元 Audio_GEN_VARIABLE
[2017.05.24-04.22.06:370][  0]LogLinker:Warning: ../../../../../../Users/16147006/Documents/UE4CraneProject/Content/ThirdPersonBP/Blueprints/ThirdPersonCharacter.uasset のロード中にアセット '/Game/StarterContent/Audio/Explosion_Cue'  のファイルが見つかりません
[2017.05.24-04.22.06:370][  0]LoadErrors: 情報 ロードに失敗しました /Game/StarterContent/Audio/Explosion_Cue.Explosion_Cue 参照元 Audio_GEN_VARIABLE
[2017.05.24-04.22.06:370][  0]LoadErrors:Error: エラー /Game/ThirdPersonBP/Blueprints/ThirdPersonCharacter : アセットのファイルが見つかりません /Game/StarterContent/Audio/Explosion_Cue
[2017.05.24-04.22.06:400][  0]LogBlueprint:Warning: [Compiler ThirdPersonCharacter] 警告 インプットアクション イベントは  インプットアクション Shot  に不明なアクション 'Shot'' を参照しています
[2017.05.24-04.22.06:400][  0]LogBlueprint:Warning: [Compiler ThirdPersonCharacter] 警告 インプットアクション イベントは  インプットアクション ResetVR  に不明なアクション 'ResetVR'' を参照しています
[2017.05.24-04.22.06:400][  0]LogBlueprint:Warning: [Compiler ThirdPersonCharacter] 警告 インプット軸イベントは  インプットAxis LookUpRate  に不明な軸 'LookUpRate' を参照しています
[2017.05.24-04.22.06:400][  0]LogBlueprint:Warning: [Compiler ThirdPersonCharacter] 警告 インプット軸イベントは  インプットAxis TurnRate  に不明な軸 'TurnRate' を参照しています
[2017.05.24-04.22.06:400][  0]LogBlueprint:Warning: [Compiler ThirdPersonCharacter] 警告 インプットアクション イベントは  インプットアクション Jump  に不明なアクション 'Jump'' を参照しています
[2017.05.24-04.22.06:401][  0]LogBlueprint:Warning: [Compiler ThirdPersonCharacter] 警告 インプット軸イベントは  インプットAxis LookUp  に不明な軸 'LookUp' を参照しています
[2017.05.24-04.22.06:401][  0]LogBlueprint:Warning: [Compiler ThirdPersonCharacter] 警告 インプット軸イベントは  インプットAxis Turn  に不明な軸 'Turn' を参照しています
[2017.05.24-04.22.06:407][  0]LogBlueprint:Warning: [Compiler ThirdPersonCharacter] 警告 [0018.25] Compile of ThirdPersonCharacter successful, but with 7 Warning(s) [in 11 ms] (/Game/ThirdPersonBP/Blueprints/ThirdPersonCharacter.ThirdPersonCharacter)
[2017.05.24-04.22.06:407][  0]LogBlueprint:Warning: [Compiler ThirdPersonCharacter] 警告 [0018.25] Compile of ThirdPersonCharacter successful, but with 8 Warning(s) [in 0 ms] (/Game/ThirdPersonBP/Blueprints/ThirdPersonCharacter.ThirdPersonCharacter)
[2017.05.24-04.22.06:407][  0]LogBlueprint:Warning: [Compiler ThirdPersonCharacter] 警告 [0018.25] Compile of ThirdPersonCharacter successful, but with 9 Warning(s) [in 0 ms] (/Game/ThirdPersonBP/Blueprints/ThirdPersonCharacter.ThirdPersonCharacter)
[2017.05.24-04.22.06:414][  0]LogBlueprint:Warning: [Compiler ThirdPersonCharacter] 警告 インプットアクション イベントは  インプットアクション Shot  に不明なアクション 'Shot'' を参照しています
[2017.05.24-04.22.06:414][  0]LogBlueprint:Warning: [Compiler ThirdPersonCharacter] 警告 インプットアクション イベントは  インプットアクション ResetVR  に不明なアクション 'ResetVR'' を参照しています
[2017.05.24-04.22.06:415][  0]LogBlueprint:Warning: [Compiler ThirdPersonCharacter] 警告 インプット軸イベントは  インプットAxis LookUpRate  に不明な軸 'LookUpRate' を参照しています
[2017.05.24-04.22.06:415][  0]LogBlueprint:Warning: [Compiler ThirdPersonCharacter] 警告 インプット軸イベントは  インプットAxis TurnRate  に不明な軸 'TurnRate' を参照しています
[2017.05.24-04.22.06:415][  0]LogBlueprint:Warning: [Compiler ThirdPersonCharacter] 警告 インプットアクション イベントは  インプットアクション Jump  に不明なアクション 'Jump'' を参照しています
[2017.05.24-04.22.06:415][  0]LogBlueprint:Warning: [Compiler ThirdPersonCharacter] 警告 インプット軸イベントは  インプットAxis LookUp  に不明な軸 'LookUp' を参照しています
[2017.05.24-04.22.06:415][  0]LogBlueprint:Warning: [Compiler ThirdPersonCharacter] 警告 インプット軸イベントは  インプットAxis Turn  に不明な軸 'Turn' を参照しています
[2017.05.24-04.22.06:421][  0]LogBlueprint:Warning: [Compiler ThirdPersonCharacter] 警告 [0018.26] Compile of ThirdPersonCharacter successful, but with 7 Warning(s) [in 11 ms] (/Game/ThirdPersonBP/Blueprints/ThirdPersonCharacter.ThirdPersonCharacter)
[2017.05.24-04.22.06:421][  0]LogBlueprint:Warning: [Compiler ThirdPersonCharacter] 警告 [0018.26] Compile of ThirdPersonCharacter successful, but with 8 Warning(s) [in 0 ms] (/Game/ThirdPersonBP/Blueprints/ThirdPersonCharacter.ThirdPersonCharacter)
[2017.05.24-04.22.06:421][  0]LogBlueprint:Warning: [Compiler ThirdPersonCharacter] 警告 [0018.26] Compile of ThirdPersonCharacter successful, but with 9 Warning(s) [in 0 ms] (/Game/ThirdPersonBP/Blueprints/ThirdPersonCharacter.ThirdPersonCharacter)
[2017.05.24-04.22.06:460][  0]LogLinker:Warning: ファイル '/Game/StarterContent/Materials/M_Water_Ocean' が見つかりません
[2017.05.24-04.22.06:460][  0]LoadErrors: 情報 ロードに失敗しました /Game/StarterContent/Materials/M_Water_Ocean.M_Water_Ocean 参照元 CharacterMesh0
[2017.05.24-04.22.06:460][  0]LogLinker:Warning: ../../../../../../Users/16147006/Documents/UE4CraneProject/Content/ThirdPersonBP/EnemyCharacter.uasset のロード中にアセット '/Game/StarterContent/Materials/M_Water_Ocean'  のファイルが見つかりません
[2017.05.24-04.22.06:460][  0]LoadErrors: 情報 ロードに失敗しました /Game/StarterContent/Materials/M_Water_Ocean.M_Water_Ocean 参照元 CharacterMesh0
[2017.05.24-04.22.06:460][  0]LoadErrors:Error: エラー /Game/ThirdPersonBP/EnemyCharacter : アセットのファイルが見つかりません /Game/StarterContent/Materials/M_Water_Ocean
[2017.05.24-04.22.06:460][  0]LogLinker:Warning: ファイル '/Game/StarterContent/Materials/M_Wood_Floor_Walnut_Polished' が見つかりません
[2017.05.24-04.22.06:460][  0]LoadErrors: 情報 ロードに失敗しました /Game/StarterContent/Materials/M_Wood_Floor_Walnut_Polished.M_Wood_Floor_Walnut_Polished 参照元 CharacterMesh0
[2017.05.24-04.22.06:460][  0]LogLinker:Warning: ../../../../../../Users/16147006/Documents/UE4CraneProject/Content/ThirdPersonBP/EnemyCharacter.uasset のロード中にアセット '/Game/StarterContent/Materials/M_Wood_Floor_Walnut_Polished'  のファイルが見つかりません
[2017.05.24-04.22.06:460][  0]LoadErrors: 情報 ロードに失敗しました /Game/StarterContent/Materials/M_Wood_Floor_Walnut_Polished.M_Wood_Floor_Walnut_Polished 参照元 CharacterMesh0
[2017.05.24-04.22.06:460][  0]LoadErrors:Error: エラー /Game/ThirdPersonBP/EnemyCharacter : アセットのファイルが見つかりません /Game/StarterContent/Materials/M_Wood_Floor_Walnut_Polished
[2017.05.24-04.22.06:461][  0]LogLinker:Warning: ファイル '/Game/StarterContent/Materials/M_Water_Ocean' が見つかりません
[2017.05.24-04.22.06:461][  0]LogLinker:Warning: ../../../../../../Users/16147006/Documents/UE4CraneProject/Content/ThirdPersonBP/EnemyCharacter.uasset のロード中にアセット '/Game/StarterContent/Materials/M_Water_Ocean'  のファイルが見つかりません
[2017.05.24-04.22.06:461][  0]LoadErrors:Error: エラー /Game/ThirdPersonBP/EnemyCharacter : アセットのファイルが見つかりません /Game/StarterContent/Materials/M_Water_Ocean
[2017.05.24-04.22.06:461][  0]LogLinker:Warning: ファイル '/Game/StarterContent/Materials/M_Wood_Floor_Walnut_Polished' が見つかりません
[2017.05.24-04.22.06:461][  0]LogLinker:Warning: ../../../../../../Users/16147006/Documents/UE4CraneProject/Content/ThirdPersonBP/EnemyCharacter.uasset のロード中にアセット '/Game/StarterContent/Materials/M_Wood_Floor_Walnut_Polished'  のファイルが見つかりません
[2017.05.24-04.22.06:461][  0]LoadErrors:Error: エラー /Game/ThirdPersonBP/EnemyCharacter : アセットのファイルが見つかりません /Game/StarterContent/Materials/M_Wood_Floor_Walnut_Polished
[2017.05.24-04.22.06:461][  0]LogLinker:Warning: ファイル '/Game/StarterContent/Materials/M_Water_Ocean' が見つかりません
[2017.05.24-04.22.06:461][  0]LogLinker:Warning: ../../../../../../Users/16147006/Documents/UE4CraneProject/Content/ThirdPersonBP/EnemyCharacter.uasset のロード中にアセット '/Game/StarterContent/Materials/M_Water_Ocean'  のファイルが見つかりません
[2017.05.24-04.22.06:461][  0]LoadErrors:Error: エラー /Game/ThirdPersonBP/EnemyCharacter : アセットのファイルが見つかりません /Game/StarterContent/Materials/M_Water_Ocean
[2017.05.24-04.22.06:462][  0]LogLinker:Warning: ファイル '/Game/StarterContent/Materials/M_Wood_Floor_Walnut_Polished' が見つかりません
[2017.05.24-04.22.06:462][  0]LogLinker:Warning: ../../../../../../Users/16147006/Documents/UE4CraneProject/Content/ThirdPersonBP/EnemyCharacter.uasset のロード中にアセット '/Game/StarterContent/Materials/M_Wood_Floor_Walnut_Polished'  のファイルが見つかりません
[2017.05.24-04.22.06:462][  0]LoadErrors:Error: エラー /Game/ThirdPersonBP/EnemyCharacter : アセットのファイルが見つかりません /Game/StarterContent/Materials/M_Wood_Floor_Walnut_Polished
[2017.05.24-04.22.06:462][  0]LogLinker:Warning: ファイル '/Game/StarterContent/Particles/P_Steam_Lit' が見つかりません
[2017.05.24-04.22.06:462][  0]LogLinker:Warning: ../../../../../../Users/16147006/Documents/UE4CraneProject/Content/ThirdPersonBP/EnemyCharacter.uasset のロード中にアセット '/Game/StarterContent/Particles/P_Steam_Lit'  のファイルが見つかりません
[2017.05.24-04.22.06:462][  0]LoadErrors:Error: エラー /Game/ThirdPersonBP/EnemyCharacter : アセットのファイルが見つかりません /Game/StarterContent/Particles/P_Steam_Lit
[2017.05.24-04.22.06:462][  0]LogLinker:Warning: ファイル '/Game/StarterContent/Particles/P_Steam_Lit' が見つかりません
[2017.05.24-04.22.06:462][  0]LogLinker:Warning: ../../../../../../Users/16147006/Documents/UE4CraneProject/Content/ThirdPersonBP/EnemyCharacter.uasset のロード中にアセット '/Game/StarterContent/Particles/P_Steam_Lit'  のファイルが見つかりません
[2017.05.24-04.22.06:462][  0]LoadErrors:Error: エラー /Game/ThirdPersonBP/EnemyCharacter : アセットのファイルが見つかりません /Game/StarterContent/Particles/P_Steam_Lit
[2017.05.24-04.22.06:463][  0]LogLinker:Warning: ファイル '/Game/StarterContent/Particles/P_Steam_Lit' が見つかりません
[2017.05.24-04.22.06:463][  0]LoadErrors: 情報 ロードに失敗しました /Game/StarterContent/Particles/P_Steam_Lit.P_Steam_Lit 参照元 K2Node_CallFunction_1
[2017.05.24-04.22.06:463][  0]LogLinker:Warning: ../../../../../../Users/16147006/Documents/UE4CraneProject/Content/ThirdPersonBP/EnemyCharacter.uasset のロード中にアセット '/Game/StarterContent/Particles/P_Steam_Lit'  のファイルが見つかりません
[2017.05.24-04.22.06:463][  0]LoadErrors: 情報 ロードに失敗しました /Game/StarterContent/Particles/P_Steam_Lit.P_Steam_Lit 参照元 K2Node_CallFunction_1
[2017.05.24-04.22.06:463][  0]LoadErrors:Error: エラー /Game/ThirdPersonBP/EnemyCharacter : アセットのファイルが見つかりません /Game/StarterContent/Particles/P_Steam_Lit
[2017.05.24-04.22.06:498][  0]LogLinker:Warning: ファイル '/Game/StarterContent/Materials/M_Water_Ocean' が見つかりません
[2017.05.24-04.22.06:498][  0]LogLinker:Warning: ../../../../../../Users/16147006/Documents/UE4CraneProject/Content/ThirdPersonBP/EnemyCharacter.uasset のロード中にアセット '/Game/StarterContent/Materials/M_Water_Ocean'  のファイルが見つかりません
[2017.05.24-04.22.06:498][  0]LoadErrors:Error: エラー /Game/ThirdPersonBP/EnemyCharacter : アセットのファイルが見つかりません /Game/StarterContent/Materials/M_Water_Ocean
[2017.05.24-04.22.06:498][  0]LogLinker:Warning: ファイル '/Game/StarterContent/Materials/M_Wood_Floor_Walnut_Polished' が見つかりません
[2017.05.24-04.22.06:498][  0]LogLinker:Warning: ../../../../../../Users/16147006/Documents/UE4CraneProject/Content/ThirdPersonBP/EnemyCharacter.uasset のロード中にアセット '/Game/StarterContent/Materials/M_Wood_Floor_Walnut_Polished'  のファイルが見つかりません
[2017.05.24-04.22.06:499][  0]LoadErrors:Error: エラー /Game/ThirdPersonBP/EnemyCharacter : アセットのファイルが見つかりません /Game/StarterContent/Materials/M_Wood_Floor_Walnut_Polished
[2017.05.24-04.22.06:499][  0]LogLinker:Warning: ファイル '/Game/StarterContent/Materials/M_Water_Ocean' が見つかりません
[2017.05.24-04.22.06:499][  0]LogLinker:Warning: ../../../../../../Users/16147006/Documents/UE4CraneProject/Content/ThirdPersonBP/EnemyCharacter.uasset のロード中にアセット '/Game/StarterContent/Materials/M_Water_Ocean'  のファイルが見つかりません
[2017.05.24-04.22.06:499][  0]LoadErrors:Error: エラー /Game/ThirdPersonBP/EnemyCharacter : アセットのファイルが見つかりません /Game/StarterContent/Materials/M_Water_Ocean
[2017.05.24-04.22.06:499][  0]LogLinker:Warning: ファイル '/Game/StarterContent/Materials/M_Wood_Floor_Walnut_Polished' が見つかりません
[2017.05.24-04.22.06:499][  0]LogLinker:Warning: ../../../../../../Users/16147006/Documents/UE4CraneProject/Content/ThirdPersonBP/EnemyCharacter.uasset のロード中にアセット '/Game/StarterContent/Materials/M_Wood_Floor_Walnut_Polished'  のファイルが見つかりません
[2017.05.24-04.22.06:499][  0]LoadErrors:Error: エラー /Game/ThirdPersonBP/EnemyCharacter : アセットのファイルが見つかりません /Game/StarterContent/Materials/M_Wood_Floor_Walnut_Polished
[2017.05.24-04.22.06:499][  0]LogLinker:Warning: ファイル '/Game/StarterContent/Particles/P_Steam_Lit' が見つかりません
[2017.05.24-04.22.06:499][  0]LogLinker:Warning: ../../../../../../Users/16147006/Documents/UE4CraneProject/Content/ThirdPersonBP/EnemyCharacter.uasset のロード中にアセット '/Game/StarterContent/Particles/P_Steam_Lit'  のファイルが見つかりません
[2017.05.24-04.22.06:499][  0]LoadErrors:Error: エラー /Game/ThirdPersonBP/EnemyCharacter : アセットのファイルが見つかりません /Game/StarterContent/Particles/P_Steam_Lit
[2017.05.24-04.22.06:500][  0]LogLinker:Warning: ファイル '/Game/StarterContent/Particles/P_Steam_Lit' が見つかりません
[2017.05.24-04.22.06:500][  0]LogLinker:Warning: ../../../../../../Users/16147006/Documents/UE4CraneProject/Content/ThirdPersonBP/EnemyCharacter.uasset のロード中にアセット '/Game/StarterContent/Particles/P_Steam_Lit'  のファイルが見つかりません
[2017.05.24-04.22.06:500][  0]LoadErrors:Error: エラー /Game/ThirdPersonBP/EnemyCharacter : アセットのファイルが見つかりません /Game/StarterContent/Particles/P_Steam_Lit
[2017.05.24-04.22.06:975][  0]LogAIModule: Creating AISystem for world ThirdPersonExampleMap
[2017.05.24-04.22.07:008][  0]LogEditorServer: Finished looking for orphan Actors (0.000 secs)
[2017.05.24-04.22.07:010][  0]Cmd: MAP CHECKDEP NOCLEARLOG
[2017.05.24-04.22.07:076][  0]MapCheck: 情報 マップチェックが完了: 0 エラー、 0 警告、完了に 65.812ミリ秒かかりました。
[2017.05.24-04.22.07:076][  0]LogFileHelpers: Loading map 'ThirdPersonExampleMap' took 0.954
[2017.05.24-04.22.07:354][  0]LogCollectionManager: Loaded 0 collections in 0.001613 seconds
[2017.05.24-04.22.07:449][  0]LogFileCache: Scanning file cache for directory 'C:/Users/16147006/Documents/UE4CraneProject/Saved/Collections/' took 0.01s
[2017.05.24-04.22.07:449][  0]LogFileCache: Scanning file cache for directory 'C:/Users/16147006/Documents/UE4CraneProject/Content/Developers/16147006/Collections/' took 0.01s
[2017.05.24-04.22.07:449][  0]LogFileCache: Scanning file cache for directory 'C:/Users/16147006/Documents/UE4CraneProject/Content/Collections/' took 0.01s
[2017.05.24-04.22.07:449][  0]LogCollectionManager: Rebuilt the GUID cache for 0 collections in 0.000002 seconds
[2017.05.24-04.22.07:459][  0]LogContentBrowser: Native class hierarchy populated in 0.0105 seconds. Added 2245 classes and 453 folders.
[2017.05.24-04.22.07:464][  0]LogStats: UGameplayTagsManager::ConstructGameplayTagTree: Construct from data asset -  0.000 s
[2017.05.24-04.22.07:464][  0]LogStats: UGameplayTagsManager::ConstructGameplayTagTree: GameplayTagTreeChangedEvent.Broadcast -  0.000 s
[2017.05.24-04.22.07:528][  0]LogContentBrowser: Native class hierarchy updated for 'WidgetCarousel' in 0.0006 seconds. Added 0 classes and 0 folders.
[2017.05.24-04.22.07:572][  0]LogContentBrowser: Native class hierarchy updated for 'AddContentDialog' in 0.0006 seconds. Added 0 classes and 0 folders.
[2017.05.24-04.22.07:617][  0]LogContentBrowser: Native class hierarchy updated for 'SceneOutliner' in 0.0007 seconds. Added 1 classes and 2 folders.
[2017.05.24-04.22.07:754][  0]LogCrashTracker: Crashtracker disabled due to settings.
[2017.05.24-04.22.07:762][  0]LogUObjectGlobals:Warning: オブジェクト 'Class なし.' が見つかりませんでした
[2017.05.24-04.22.07:840][  0]LogContentBrowser: Native class hierarchy updated for 'HierarchicalLODOutliner' in 0.0012 seconds. Added 1 classes and 2 folders.
[2017.05.24-04.22.07:840][  0]LogLoad: (Engine Initialization) Total time: 19.68 seconds
[2017.05.24-04.22.07:840][  0]LogLoad: (Engine Initialization) Total Blueprint compile time: 0.30 seconds
[2017.05.24-04.22.07:840][  0]LogExternalProfiler: Found external profiler: VSPerf
[2017.05.24-04.22.07:840][  0]LogExternalProfiler: Using external profiler: VSPerf
[2017.05.24-04.22.07:853][  0]LogOcInput: OculusInput pre-init called
[2017.05.24-04.22.07:874][  0]SourceControl: 情報 On branch master
[2017.05.24-04.22.07:874][  0]SourceControl: 情報 Your branch is up-to-date with 'origin/master'.
[2017.05.24-04.22.07:875][  0]SourceControl: 情報 Changes not staged for commit:
[2017.05.24-04.22.07:875][  0]SourceControl: 情報   (use "git add/rm <file>..." to update what will be committed)
[2017.05.24-04.22.07:875][  0]SourceControl: 情報   (use "git checkout -- <file>..." to discard changes in working directory)
[2017.05.24-04.22.07:875][  0]SourceControl: 情報 	modified:   Intermediate/CachedAssetRegistry.bin
[2017.05.24-04.22.07:875][  0]SourceControl: 情報 	modified:   Saved/AutoScreenshot.png
[2017.05.24-04.22.07:875][  0]SourceControl: 情報 	modified:   Saved/Config/Windows/EditorPerProjectUserSettings.ini
[2017.05.24-04.22.07:875][  0]SourceControl: 情報 	modified:   Saved/Config/Windows/Engine.ini
[2017.05.24-04.22.07:875][  0]SourceControl: 情報 	deleted:    Saved/Logs/UE4CC-Windows-24917ECD46B13DF70BA1AD9601BFECFD/CrashReportClient.ini
[2017.05.24-04.22.07:875][  0]SourceControl: 情報 	deleted:    Saved/Logs/UE4CC-Windows-5958D13444281703DF5A5C86B388D169/CrashReportClient.ini
[2017.05.24-04.22.07:875][  0]SourceControl: 情報 	deleted:    Saved/Logs/UE4CC-Windows-6DA9D3EE404974012E0C58B260DCA4FC/CrashReportClient.ini
[2017.05.24-04.22.07:875][  0]SourceControl: 情報 	deleted:    Saved/Logs/UE4CC-Windows-7A3F0881414FA3B5599597B82CC7F824/CrashReportClient.ini
[2017.05.24-04.22.07:875][  0]SourceControl: 情報 	deleted:    Saved/Logs/UE4CC-Windows-85EFF2E94A70662268B6F3B5FF2E1036/CrashReportClient.ini
[2017.05.24-04.22.07:875][  0]SourceControl: 情報 	deleted:    Saved/Logs/UE4CC-Windows-A2F1BBF44B47AC9F074133A90BB0B80B/CrashReportClient.ini
[2017.05.24-04.22.07:875][  0]SourceControl: 情報 	deleted:    Saved/Logs/UE4CC-Windows-A6B5CA2B4B6720AB19E206B4F2116287/CrashReportClient.ini
[2017.05.24-04.22.07:875][  0]SourceControl: 情報 	deleted:    Saved/Logs/UE4CC-Windows-C665199D4D1DCB496FEEC5A8181C38A4/CrashReportClient.ini
[2017.05.24-04.22.07:875][  0]SourceControl: 情報 	deleted:    Saved/Logs/UE4CC-Windows-CC84CACE4CF80A2ED0393CB4D91294FB/CrashReportClient.ini
[2017.05.24-04.22.07:875][  0]SourceControl: 情報 	deleted:    Saved/Logs/UE4CC-Windows-D08ADA884DF9AE97F45A4FA50465C6A5/CrashReportClient.ini
[2017.05.24-04.22.07:875][  0]SourceControl: 情報 	deleted:    Saved/Logs/UE4CC-Windows-D0D215914C02A72558AB2C8F56933C9D/CrashReportClient.ini
[2017.05.24-04.22.07:875][  0]SourceControl: 情報 	deleted:    Saved/Logs/UE4CC-Windows-E820515542A3E56669F4D4B71E54CA34/CrashReportClient.ini
[2017.05.24-04.22.07:875][  0]SourceControl: 情報 	deleted:    Saved/Logs/hasamu-backup-2017.05.18-13.27.08.log
[2017.05.24-04.22.07:875][  0]SourceControl: 情報 	deleted:    Saved/Logs/hasamu-backup-2017.05.18-14.00.11.log
[2017.05.24-04.22.07:875][  0]SourceControl: 情報 	modified:   Saved/Logs/hasamu.log
[2017.05.24-04.22.07:875][  0]SourceControl: 情報 	deleted:    Saved/Logs/mugen-backup-2017.05.10-11.41.38.log
[2017.05.24-04.22.07:875][  0]SourceControl: 情報 	deleted:    Saved/Logs/mugen-backup-2017.05.10-13.04.43.log
[2017.05.24-04.22.07:875][  0]SourceControl: 情報 	deleted:    Saved/Logs/mugen-backup-2017.05.12-09.44.39.log
[2017.05.24-04.22.07:875][  0]SourceControl: 情報 	deleted:    Saved/Logs/mugen-backup-2017.05.13-17.28.36.log
[2017.05.24-04.22.07:875][  0]SourceControl: 情報 	deleted:    Saved/Logs/mugen-backup-2017.05.15-13.22.12.log
[2017.05.24-04.22.07:875][  0]SourceControl: 情報 Untracked files:
[2017.05.24-04.22.07:875][  0]SourceControl: 情報   (use "git add <file>..." to include in what will be committed)
[2017.05.24-04.22.07:875][  0]SourceControl: 情報 	Saved/Logs/UE4CC-Windows-0505E1B74C4AD9FAFFFDCA96F5FC24EE/
[2017.05.24-04.22.07:875][  0]SourceControl: 情報 	Saved/Logs/UE4CC-Windows-599CEC3F4DA9A1497185FB9788170016/
[2017.05.24-04.22.07:875][  0]SourceControl: 情報 	Saved/Logs/UE4CC-Windows-976EEC2147D535C4F9773CAA518B5F2C/
[2017.05.24-04.22.07:875][  0]SourceControl: 情報 	Saved/Logs/hasamu-backup-2017.05.24-13.06.42.log
[2017.05.24-04.22.07:875][  0]SourceControl: 情報 	Saved/Logs/hasamu-backup-2017.05.24-13.14.00.log
[2017.05.24-04.22.07:875][  0]SourceControl: 情報 	Saved/Logs/hasamu-backup-2017.05.24-13.21.49.log
[2017.05.24-04.22.07:875][  0]SourceControl: 情報 no changes added to commit (use "git add" and/or "git commit -a")
[2017.05.24-04.22.07:875][  0]LogContentStreaming: Texture pool size now 1000 MB
[2017.05.24-04.22.07:894][  0]LogSlate: Took 0.000393 seconds to synchronously load lazily loaded font '../../../Engine/Content/Slate/Fonts/Roboto-Regular.ttf' (155K)
[2017.05.24-04.22.07:906][  0]LogSlate: Took 0.006049 seconds to synchronously load lazily loaded font '../../../Engine/Content/Slate/Fonts/DroidSansFallback.ttf' (3848K)
[2017.05.24-04.22.07:908][  0]LogSlate: Took 0.000210 seconds to synchronously load lazily loaded font '../../../Engine/Content/Slate/Fonts/Roboto-Bold.ttf' (160K)
[2017.05.24-04.22.07:915][  0]LogSlate: Took 0.000181 seconds to synchronously load lazily loaded font '../../../Engine/Content/Editor/Slate/Fonts/FontAwesome.ttf' (139K)
[2017.05.24-04.22.08:061][  0]LogSlate: Took 0.000211 seconds to synchronously load lazily loaded font '../../../Engine/Content/Slate/Fonts/Roboto-Light.ttf' (159K)
[2017.05.24-04.22.08:139][  0]LogRenderer: Reallocating scene render targets to support 856x372 NumSamples 1 (Frame:2).
[2017.05.24-04.22.09:533][  3]LogAssetRegistry: Asset discovery search completed in 13.0820 seconds
[2017.05.24-04.22.09:534][  3]LogCollectionManager: Rebuilt the object cache for 0 collections in 0.000009 seconds (found 0 objects)
[2017.05.24-04.22.09:534][  3]LogCollectionManager: Fixed up redirectors for 0 collections in 0.000087 seconds (updated 0 objects)
[2017.05.24-04.22.20:297][143]LogSlate: Took 0.000279 seconds to synchronously load lazily loaded font '../../../Engine/Content/Slate/Fonts/Roboto-Light.ttf' (159K)
[2017.05.24-04.22.20:484][143]LogFactory: FactoryCreateFile: StaticMesh with FbxFactory (0 0 C:\Users\16147006\Desktop\arm.fbx)
[2017.05.24-04.22.20:510][143]LogFbx: ItemName: GlobalSettings, ItemCount : 1
[2017.05.24-04.22.20:510][143]LogFbx: ItemName: AnimationStack, ItemCount : 1
[2017.05.24-04.22.20:510][143]LogFbx: ItemName: AnimationLayer, ItemCount : 1
[2017.05.24-04.22.20:510][143]LogFbx: ItemName: Geometry, ItemCount : 1
[2017.05.24-04.22.20:510][143]LogFbx: ItemName: Material, ItemCount : 1
[2017.05.24-04.22.20:510][143]LogFbx: ItemName: Texture, ItemCount : 1
[2017.05.24-04.22.20:510][143]LogFbx: ItemName: Model, ItemCount : 10
[2017.05.24-04.22.20:510][143]LogFbx: ItemName: NodeAttribute, ItemCount : 9
[2017.05.24-04.22.20:511][143]LogFbx: ItemName: AnimationCurveNode, ItemCount : 9
[2017.05.24-04.22.20:511][143]LogFbx: ItemName: Pose, ItemCount : 1
[2017.05.24-04.22.20:511][143]LogFbx: ItemName: Deformer, ItemCount : 10
[2017.05.24-04.22.20:511][143]LogFbx: ItemName: Video, ItemCount : 1
[2017.05.24-04.22.20:521][143]LogFbx: Loading FBX Scene from C:\Users\16147006\Desktop\arm.fbx
[2017.05.24-04.22.20:533][143]LogFbx: FBX Scene Loaded Succesfully
[2017.05.24-04.22.24:224][143]LogFbx: Loading FBX Scene from C:\Users\16147006\Desktop\arm.fbx
[2017.05.24-04.22.24:240][143]LogFbx: FBX Scene Loaded Succesfully
[2017.05.24-04.22.24:244][143]LogFbx: =================================================
[2017.05.24-04.22.24:244][143]LogFbx: Dumping Node START [pCylinder1] 
[2017.05.24-04.22.24:244][143]LogFbx: 	Total Deformer Count 1021249088.
[2017.05.24-04.22.24:244][143]LogFbx: 		[Node 1]  (Type Skin).
[2017.05.24-04.22.24:244][143]LogFbx: =================================================
[2017.05.24-04.22.24:244][143]LogFbx: 	Attribute () Type (4).
[2017.05.24-04.22.24:244][143]LogFbx: 		[Node Attribute Child 1] pCylinder1 (Type Mesh).
[2017.05.24-04.22.24:244][143]LogFbx: Dumping Node END [pCylinder1]
[2017.05.24-04.22.24:244][143]LogFbx: =================================================
[2017.05.24-04.22.24:244][143]LogFbx: Dumping Node START [pCylinder1] 
[2017.05.24-04.22.24:244][143]LogFbx: 	Total Deformer Count 1021249088.
[2017.05.24-04.22.24:244][143]LogFbx: 		[Node 1]  (Type Skin).
[2017.05.24-04.22.24:244][143]LogFbx: =================================================
[2017.05.24-04.22.24:244][143]LogFbx: 	Attribute () Type (4).
[2017.05.24-04.22.24:244][143]LogFbx: 		[Node Attribute Child 1] pCylinder1 (Type Mesh).
[2017.05.24-04.22.24:244][143]LogFbx: Dumping Node END [pCylinder1]
[2017.05.24-04.22.24:245][143]LogFbx: Valid bind pose for Pose (skinCluster1) - pCylinder1
[2017.05.24-04.22.24:252][143]FBXImport:Error: エラー エラー、 pCylinder1 をインポートできません
複製するボーン名が見つかりました('joint3')。各ボーンは固有名でなくてはいけません。 
[2017.05.24-04.22.24:252][143]FBXImport:Error: エラー 複数のノードが見つかりました 
[2017.05.24-04.22.24:252][143]FBXImport:Warning: 警告 インポートデータの取得が失敗しました。 
[2017.05.24-04.22.24:253][143]FBXImport:Error: エラー インポートに失敗しました。 
[2017.05.24-04.22.27:456][143]LogAssetTools:Warning: 'C:\Users\16147006\Desktop\arm.fbx' のインポートに失敗しました。アセット '/Game/ThirdPersonBP/Blueprints/arm' の作成に失敗しました。
詳細はアウトプットログを確認してください。
[2017.05.24-04.23.00:152][818]LogWindows: LaunchURL http://docs.unrealengine.com/latest/JPN/Shared/Editor/FbxErrors/index.html?utm_source=editor&utm_medium=docs&utm_campaign=msg_log
[2017.05.24-04.25.24:871][542]Cmd: QUIT_EDITOR
[2017.05.24-04.25.24:961][542]LogExit: Preparing to exit.
[2017.05.24-04.25.26:019][542]LogDirectoryWatcher: A directory notification for 'C:/Users/16147006/Documents/UE4CraneProject/Content/' was aborted.
[2017.05.24-04.25.26:042][542]LogExit: Editor shut down
[2017.05.24-04.25.26:043][542]LogExit: Transaction tracking system shut down
[2017.05.24-04.25.26:105][542]LogObj: Freed 0b from 0 cluster array pools.
[2017.05.24-04.25.26:105][542]LogExit: Object subsystem successfully closed.
[2017.05.24-04.25.26:123][542]LogD3D11RHI: Shutdown
[2017.05.24-04.25.26:123][542]LogD3D11RHI: CleanupD3DDevice
[2017.05.24-04.25.26:241][542]LogD3D11RHI: ~FD3D11DynamicRHI
[2017.05.24-04.25.26:257][542]LogModuleManager: Shutting down and abandoning module HierarchicalLODOutliner (498)
[2017.05.24-04.25.26:257][542]LogModuleManager: Shutting down and abandoning module CrashTracker (496)
[2017.05.24-04.25.26:257][542]LogModuleManager: Shutting down and abandoning module SceneOutliner (494)
[2017.05.24-04.25.26:257][542]LogModuleManager: Shutting down and abandoning module AddContentDialog (492)
[2017.05.24-04.25.26:257][542]LogDirectoryWatcher: A directory notification for 'C:/Program Files (x86)/Epic Games/UE_4.15/FeaturePacks/' was aborted.
[2017.05.24-04.25.26:259][542]LogModuleManager: Shutting down and abandoning module WidgetCarousel (491)
[2017.05.24-04.25.26:259][542]LogModuleManager: Shutting down and abandoning module EditorWidgets (488)
[2017.05.24-04.25.26:259][542]LogModuleManager: Shutting down and abandoning module CollectionManager (486)
[2017.05.24-04.25.26:259][542]LogDirectoryWatcher: A directory notification for 'C:/Users/16147006/Documents/UE4CraneProject/Content/Collections/' was aborted.
[2017.05.24-04.25.26:259][542]LogDirectoryWatcher: A directory notification for 'C:/Users/16147006/Documents/UE4CraneProject/Content/Developers/16147006/Collections/' was aborted.
[2017.05.24-04.25.26:259][542]LogDirectoryWatcher: A directory notification for 'C:/Users/16147006/Documents/UE4CraneProject/Saved/Collections/' was aborted.
[2017.05.24-04.25.26:260][542]LogModuleManager: Shutting down and abandoning module StatsViewer (484)
[2017.05.24-04.25.26:260][542]LogModuleManager: Shutting down and abandoning module FoliageEdit (482)
[2017.05.24-04.25.26:260][542]LogModuleManager: Shutting down and abandoning module LandscapeEditor (480)
[2017.05.24-04.25.26:260][542]LogModuleManager: Shutting down and abandoning module SceneDepthPickerMode (478)
[2017.05.24-04.25.26:260][542]LogModuleManager: Shutting down and abandoning module ActorPickerMode (476)
[2017.05.24-04.25.26:260][542]LogModuleManager: Shutting down and abandoning module GeometryMode (474)
[2017.05.24-04.25.26:260][542]LogModuleManager: Shutting down and abandoning module TextureAlignMode (472)
[2017.05.24-04.25.26:260][542]LogModuleManager: Shutting down and abandoning module BspMode (470)
[2017.05.24-04.25.26:260][542]LogModuleManager: Shutting down and abandoning module HardwareSurvey (468)
[2017.05.24-04.25.26:260][542]LogModuleManager: Shutting down and abandoning module SequenceRecorderSections (466)
[2017.05.24-04.25.26:260][542]LogModuleManager: Shutting down and abandoning module AutomationWorker (464)
[2017.05.24-04.25.26:260][542]LogModuleManager: Shutting down and abandoning module MatineeToLevelSequence (462)
[2017.05.24-04.25.26:260][542]LogModuleManager: Shutting down and abandoning module LevelSequenceEditor (460)
[2017.05.24-04.25.26:260][542]LogModuleManager: Shutting down and abandoning module PlacementMode (459)
[2017.05.24-04.25.26:260][542]LogModuleManager: Shutting down and abandoning module WmfMediaFactory (456)
[2017.05.24-04.25.26:260][542]LogModuleManager: Shutting down and abandoning module WmfMediaEditor (454)
[2017.05.24-04.25.26:260][542]LogModuleManager: Shutting down and abandoning module MfMediaFactory (452)
[2017.05.24-04.25.26:260][542]LogModuleManager: Shutting down and abandoning module MfMediaEditor (450)
[2017.05.24-04.25.26:260][542]LogModuleManager: Shutting down and abandoning module AvfMediaFactory (448)
[2017.05.24-04.25.26:260][542]LogModuleManager: Shutting down and abandoning module AvfMediaEditor (446)
[2017.05.24-04.25.26:260][542]LogModuleManager: Shutting down and abandoning module AndroidMediaFactory (444)
[2017.05.24-04.25.26:260][542]LogModuleManager: Shutting down and abandoning module Media (443)
[2017.05.24-04.25.26:260][542]LogModuleManager: Shutting down and abandoning module AndroidMediaEditor (440)
[2017.05.24-04.25.26:260][542]LogModuleManager: Shutting down and abandoning module CharacterAI (438)
[2017.05.24-04.25.26:260][542]LogModuleManager: Shutting down and abandoning module AudioCapture (436)
[2017.05.24-04.25.26:260][542]LogModuleManager: Shutting down and abandoning module SequenceRecorder (435)
[2017.05.24-04.25.26:260][542]LogModuleManager: Shutting down and abandoning module SmartSnapping (432)
[2017.05.24-04.25.26:260][542]LogModuleManager: Shutting down and abandoning module SessionServices (430)
[2017.05.24-04.25.26:260][542]LogModuleManager: Shutting down and abandoning module ViewportSnapping (428)
[2017.05.24-04.25.26:260][542]LogModuleManager: Shutting down and abandoning module ViewportInteraction (426)
[2017.05.24-04.25.26:260][542]LogModuleManager: Shutting down and abandoning module LogVisualizer (424)
[2017.05.24-04.25.26:260][542]LogModuleManager: Shutting down and abandoning module IntroTutorials (422)
[2017.05.24-04.25.26:260][542]LogModuleManager: Shutting down and abandoning module GameProjectGeneration (421)
[2017.05.24-04.25.26:260][542]LogModuleManager: Shutting down and abandoning module EditorLiveStreaming (418)
[2017.05.24-04.25.26:260][542]LogModuleManager: Shutting down and abandoning module IOSPlatformEditor (416)
[2017.05.24-04.25.26:260][542]LogModuleManager: Shutting down and abandoning module HTML5PlatformEditor (414)
[2017.05.24-04.25.26:260][542]LogModuleManager: Shutting down and abandoning module AndroidPlatformEditor (412)
[2017.05.24-04.25.26:260][542]LogModuleManager: Shutting down and abandoning module AndroidDeviceDetection (411)
[2017.05.24-04.25.27:217][542]LogModuleManager: Shutting down and abandoning module IOSRuntimeSettings (408)
[2017.05.24-04.25.27:217][542]LogModuleManager: Shutting down and abandoning module AndroidRuntimeSettings (406)
[2017.05.24-04.25.27:217][542]LogModuleManager: Shutting down and abandoning module InputBindingEditor (404)
[2017.05.24-04.25.27:217][542]LogModuleManager: Shutting down and abandoning module NiagaraEditor (402)
[2017.05.24-04.25.27:217][542]LogModuleManager: Shutting down and abandoning module MergeActors (400)
[2017.05.24-04.25.27:217][542]LogModuleManager: Shutting down and abandoning module SizeMap (398)
[2017.05.24-04.25.27:217][542]LogModuleManager: Shutting down and abandoning module TreeMap (396)
[2017.05.24-04.25.27:217][542]LogModuleManager: Shutting down and abandoning module ReferenceViewer (394)
[2017.05.24-04.25.27:217][542]LogModuleManager: Shutting down and abandoning module LocalizationDashboard (392)
[2017.05.24-04.25.27:217][542]LogModuleManager: Shutting down and abandoning module LocalizationService (391)
[2017.05.24-04.25.27:217][542]LogModuleManager: Shutting down and abandoning module HardwareTargeting (388)
[2017.05.24-04.25.27:217][542]LogModuleManager: Shutting down and abandoning module DeviceProfileEditor (386)
[2017.05.24-04.25.27:217][542]LogModuleManager: Shutting down and abandoning module UndoHistory (384)
[2017.05.24-04.25.27:217][542]LogModuleManager: Shutting down and abandoning module UserFeedback (382)
[2017.05.24-04.25.27:217][542]LogModuleManager: Shutting down and abandoning module XmlParser (380)
[2017.05.24-04.25.27:217][542]LogModuleManager: Shutting down and abandoning module Blutility (378)
[2017.05.24-04.25.27:217][542]LogModuleManager: Shutting down and abandoning module ProjectSettingsViewer (376)
[2017.05.24-04.25.27:217][542]LogModuleManager: Shutting down and abandoning module ProjectTargetPlatformEditor (375)
[2017.05.24-04.25.27:217][542]LogModuleManager: Shutting down and abandoning module EditorSettingsViewer (372)
[2017.05.24-04.25.27:217][542]LogModuleManager: Shutting down and abandoning module SettingsEditor (370)
[2017.05.24-04.25.27:217][542]LogModuleManager: Shutting down and abandoning module ProjectLauncher (368)
[2017.05.24-04.25.27:217][542]LogModuleManager: Shutting down and abandoning module SessionFrontend (366)
[2017.05.24-04.25.27:217][542]LogModuleManager: Shutting down and abandoning module ProfilerClient (364)
[2017.05.24-04.25.27:218][542]LogModuleManager: Shutting down and abandoning module DeviceManager (362)
[2017.05.24-04.25.27:218][542]LogModuleManager: Shutting down and abandoning module TargetDeviceServices (361)
[2017.05.24-04.25.27:258][542]LogModuleManager: Shutting down and abandoning module AutomationController (358)
[2017.05.24-04.25.27:258][542]LogModuleManager: Shutting down and abandoning module AutomationWindow (356)
[2017.05.24-04.25.27:258][542]LogModuleManager: Shutting down and abandoning module Layers (354)
[2017.05.24-04.25.27:258][542]LogModuleManager: Shutting down and abandoning module ComponentVisualizers (352)
[2017.05.24-04.25.27:258][542]LogModuleManager: Shutting down and abandoning module DetailCustomizations (350)
[2017.05.24-04.25.27:258][542]LogModuleManager: Shutting down and abandoning module PackagesDialog (348)
[2017.05.24-04.25.27:258][542]LogModuleManager: Shutting down and abandoning module Persona (346)
[2017.05.24-04.25.27:258][542]LogModuleManager: Shutting down and abandoning module AnimGraph (345)
[2017.05.24-04.25.27:258][542]LogModuleManager: Shutting down and abandoning module Kismet (342)
[2017.05.24-04.25.27:259][542]LogModuleManager: Shutting down and abandoning module GraphEditor (340)
[2017.05.24-04.25.27:259][542]LogModuleManager: Shutting down and abandoning module ClassViewer (338)
[2017.05.24-04.25.27:259][542]LogModuleManager: Shutting down and abandoning module Toolbox (336)
[2017.05.24-04.25.27:259][542]LogModuleManager: Shutting down and abandoning module ModuleUI (334)
[2017.05.24-04.25.27:259][542]LogModuleManager: Shutting down and abandoning module MovieSceneTools (332)
[2017.05.24-04.25.27:259][542]LogModuleManager: Shutting down and abandoning module OutputLog (330)
[2017.05.24-04.25.27:259][542]LogModuleManager: Shutting down and abandoning module GammaUI (328)
[2017.05.24-04.25.27:259][542]LogModuleManager: Shutting down and abandoning module Documentation (326)
[2017.05.24-04.25.27:259][542]LogModuleManager: Shutting down and abandoning module Niagara (324)
[2017.05.24-04.25.27:259][542]LogModuleManager: Shutting down and abandoning module StreamingPauseRendering (322)
[2017.05.24-04.25.27:259][542]LogModuleManager: Shutting down and abandoning module AnalyticsET (320)
[2017.05.24-04.25.27:259][542]LogModuleManager: Shutting down and abandoning module PortalServices (318)
[2017.05.24-04.25.27:259][542]LogModuleManager: Shutting down and abandoning module PortalRpc (316)
[2017.05.24-04.25.27:259][542]LogModuleManager: Shutting down and abandoning module MessagingRpc (314)
[2017.05.24-04.25.27:259][542]LogModuleManager: Shutting down and abandoning module AIModule (312)
[2017.05.24-04.25.27:259][542]LogModuleManager: Shutting down and abandoning module GameplayDebugger (311)
[2017.05.24-04.25.27:259][542]LogModuleManager: Shutting down and abandoning module AITestSuite (309)
[2017.05.24-04.25.27:259][542]LogModuleManager: Shutting down and abandoning module ProfilerService (306)
[2017.05.24-04.25.27:480][542]LogModuleManager: Shutting down and abandoning module TaskGraph (304)
[2017.05.24-04.25.27:480][542]LogModuleManager: Shutting down and abandoning module SteamVRController (302)
[2017.05.24-04.25.27:480][542]LogModuleManager: Shutting down and abandoning module SteamVR (300)
[2017.05.24-04.25.27:480][542]LogModuleManager: Shutting down and abandoning module ProceduralMeshComponentEditor (298)
[2017.05.24-04.25.27:480][542]LogModuleManager: Shutting down and abandoning module ProceduralMeshComponent (296)
[2017.05.24-04.25.27:480][542]LogModuleManager: Shutting down and abandoning module OculusLibrary (294)
[2017.05.24-04.25.27:480][542]LogModuleManager: Shutting down and abandoning module OculusInput (292)
[2017.05.24-04.25.27:480][542]LogModuleManager: Shutting down and abandoning module MobilePatchingUtils (290)
[2017.05.24-04.25.27:480][542]LogModuleManager: Shutting down and abandoning module CustomMeshComponent (288)
[2017.05.24-04.25.27:480][542]LogModuleManager: Shutting down and abandoning module CableComponent (286)
[2017.05.24-04.25.27:480][542]LogModuleManager: Shutting down and abandoning module ArchVisCharacter (284)
[2017.05.24-04.25.27:480][542]LogModuleManager: Shutting down and abandoning module MediaPlayerEditor (280)
[2017.05.24-04.25.27:480][542]LogModuleManager: Shutting down and abandoning module HTML5Networking (278)
[2017.05.24-04.25.27:480][542]LogModuleManager: Shutting down and abandoning module AlembicImporter (276)
[2017.05.24-04.25.27:480][542]LogModuleManager: Shutting down and abandoning module AlembicLibrary (275)
[2017.05.24-04.25.27:480][542]LogModuleManager: Shutting down and abandoning module GeometryCache (274)
[2017.05.24-04.25.27:480][542]LogModuleManager: Shutting down and abandoning module GeometryCacheEd (273)
[2017.05.24-04.25.27:480][542]LogModuleManager: Shutting down and abandoning module SuperSearchEditor (268)
[2017.05.24-04.25.27:480][542]LogModuleManager: Shutting down and abandoning module SuperSearch (267)
[2017.05.24-04.25.27:480][542]LogModuleManager: Shutting down and abandoning module SpeedTreeImporter (264)
[2017.05.24-04.25.27:480][542]LogModuleManager: Shutting down and abandoning module PluginBrowser (262)
[2017.05.24-04.25.27:480][542]LogModuleManager: Shutting down and abandoning module MobileLauncherProfileWizard (260)
[2017.05.24-04.25.27:480][542]LogModuleManager: Shutting down and abandoning module EpicSurvey (258)
[2017.05.24-04.25.27:480][542]LogModuleManager: Shutting down and abandoning module VisualStudioSourceCodeAccess (256)
[2017.05.24-04.25.27:480][542]LogModuleManager: Shutting down and abandoning module DesktopPlatform (255)
[2017.05.24-04.25.27:480][542]LogModuleManager: Shutting down and abandoning module UObjectPlugin (252)
[2017.05.24-04.25.27:481][542]LogModuleManager: Shutting down and abandoning module SubversionSourceControl (250)
[2017.05.24-04.25.27:481][542]LogModuleManager: Shutting down and abandoning module PerforceSourceControl (248)
[2017.05.24-04.25.27:481][542]LogModuleManager: Shutting down and abandoning module GitSourceControl (246)
[2017.05.24-04.25.27:481][542]LogModuleManager: Shutting down and abandoning module SourceControl (245)
[2017.05.24-04.25.27:481][542]LogModuleManager: Shutting down and abandoning module LightPropagationVolumeEditor (242)
[2017.05.24-04.25.27:481][542]LogModuleManager: Shutting down and abandoning module PaperTiledImporter (240)
[2017.05.24-04.25.27:481][542]LogModuleManager: Shutting down and abandoning module PaperSpriteSheetImporter (238)
[2017.05.24-04.25.27:481][542]LogModuleManager: Shutting down and abandoning module Paper2DEditor (236)
[2017.05.24-04.25.27:481][542]LogModuleManager: Shutting down and abandoning module MeshPaint (235)
[2017.05.24-04.25.27:481][542]LogModuleManager: Shutting down and abandoning module LevelEditor (233)
[2017.05.24-04.25.27:482][542]LogModuleManager: Shutting down and abandoning module PixelInspectorModule (232)
[2017.05.24-04.25.27:482][542]LogModuleManager: Shutting down and abandoning module MainFrame (230)
[2017.05.24-04.25.27:482][542]LogModuleManager: Shutting down and abandoning module HotReload (229)
[2017.05.24-04.25.27:482][542]LogModuleManager: Shutting down and abandoning module ContentBrowser (225)
[2017.05.24-04.25.27:483][542]LogModuleManager: Shutting down and abandoning module PhysXVehiclesEditor (222)
[2017.05.24-04.25.27:483][542]LogModuleManager: Shutting down and abandoning module PhysXVehicles (220)
[2017.05.24-04.25.27:483][542]LogModuleManager: Shutting down and abandoning module LocationServicesBPLibrary (218)
[2017.05.24-04.25.27:483][542]LogModuleManager: Shutting down and abandoning module UdpMessaging (216)
[2017.05.24-04.25.27:583][542]LogModuleManager: Shutting down and abandoning module TcpMessaging (214)
[2017.05.24-04.25.27:683][542]LogModuleManager: Shutting down and abandoning module GameplayTagsEditor (212)
[2017.05.24-04.25.27:683][542]LogModuleManager: Shutting down and abandoning module FacialAnimationEditor (210)
[2017.05.24-04.25.27:683][542]LogModuleManager: Shutting down and abandoning module FacialAnimation (208)
[2017.05.24-04.25.27:683][542]LogModuleManager: Shutting down and abandoning module LightPropagationVolumeRuntime (206)
[2017.05.24-04.25.27:683][542]LogModuleManager: Shutting down and abandoning module Paper2D (204)
[2017.05.24-04.25.27:683][542]LogModuleManager: Shutting down and abandoning module WindowsMoviePlayer (202)
[2017.05.24-04.25.27:683][542]LogModuleManager: Shutting down and abandoning module WmfMedia (200)
[2017.05.24-04.25.27:683][542]LogModuleManager: Shutting down and abandoning module MfMedia (198)
[2017.05.24-04.25.27:683][542]LogModuleManager: Shutting down and abandoning module MediaAssets (196)
[2017.05.24-04.25.27:683][542]LogModuleManager: Shutting down and abandoning module GameLiveStreaming (194)
[2017.05.24-04.25.27:683][542]LogModuleManager: Shutting down and abandoning module VREditor (192)
[2017.05.24-04.25.27:683][542]LogModuleManager: Shutting down and abandoning module GameplayTasksEditor (190)
[2017.05.24-04.25.27:683][542]LogModuleManager: Shutting down and abandoning module BehaviorTreeEditor (188)
[2017.05.24-04.25.27:683][542]LogModuleManager: Shutting down and abandoning module FunctionalTesting (186)
[2017.05.24-04.25.27:683][542]LogModuleManager: Shutting down and abandoning module CollisionAnalyzer (184)
[2017.05.24-04.25.27:683][542]LogModuleManager: Shutting down and abandoning module UMG (182)
[2017.05.24-04.25.27:683][542]LogModuleManager: Shutting down and abandoning module UMGEditor (181)
[2017.05.24-04.25.27:683][542]LogModuleManager: Shutting down and abandoning module Sequencer (180)
[2017.05.24-04.25.27:684][542]LogModuleManager: Shutting down and abandoning module AssetTools (178)
[2017.05.24-04.25.27:684][542]LogModuleManager: Shutting down and abandoning module MessageLog (177)
[2017.05.24-04.25.27:684][542]LogModuleManager: Shutting down and abandoning module WorkspaceMenuStructure (176)
[2017.05.24-04.25.27:684][542]LogModuleManager: Shutting down and abandoning module SlateReflector (170)
[2017.05.24-04.25.27:684][542]LogModuleManager: Shutting down and abandoning module Slate (168)
[2017.05.24-04.25.27:684][542]LogModuleManager: Shutting down and abandoning module EditorStyle (166)
[2017.05.24-04.25.27:686][542]LogModuleManager: Shutting down and abandoning module SourceCodeAccess (164)
[2017.05.24-04.25.27:686][542]LogModuleManager: Shutting down and abandoning module HeadMountedDisplay (162)
[2017.05.24-04.25.27:686][542]LogModuleManager: Shutting down and abandoning module XAudio2 (160)
[2017.05.24-04.25.27:686][542]LogModuleManager: Shutting down and abandoning module Networking (158)
[2017.05.24-04.25.27:686][542]LogModuleManager: Shutting down and abandoning module Core (154)
[2017.05.24-04.25.27:686][542]LogModuleManager: Shutting down and abandoning module AssetRegistry (152)
[2017.05.24-04.25.27:808][542]LogDirectoryWatcher: A directory notification for '../../../Engine/Content/' was aborted.
[2017.05.24-04.25.27:808][542]LogDirectoryWatcher: A directory notification for '../../../../../../Users/16147006/Documents/UE4CraneProject/Content/' was aborted.
[2017.05.24-04.25.27:808][542]LogDirectoryWatcher: A directory notification for '../../../Engine/Plugins/2D/Paper2D/Content/' was aborted.
[2017.05.24-04.25.27:808][542]LogModuleManager: Shutting down and abandoning module DirectoryWatcher (151)
[2017.05.24-04.25.27:809][542]LogModuleManager: Shutting down and abandoning module KismetCompiler (148)
[2017.05.24-04.25.27:809][542]LogModuleManager: Shutting down and abandoning module PhysXFormats (146)
[2017.05.24-04.25.27:809][542]LogModuleManager: Shutting down and abandoning module MeshUtilities (144)
[2017.05.24-04.25.27:809][542]LogModuleManager: Shutting down and abandoning module SimplygonSwarm (143)
[2017.05.24-04.25.27:809][542]LogModuleManager: Shutting down and abandoning module SimplygonMeshReduction (141)
[2017.05.24-04.25.27:809][542]LogModuleManager: Shutting down and abandoning module QuadricMeshReduction (139)
[2017.05.24-04.25.27:809][542]LogModuleManager: Shutting down and abandoning module PropertyEditor (137)
[2017.05.24-04.25.27:809][542]LogModuleManager: Shutting down and abandoning module DerivedDataCache (134)
[2017.05.24-04.25.27:893][542]LogDerivedDataCache: Shutdown
[2017.05.24-04.25.27:893][542]LogModuleManager: Shutting down and abandoning module TargetPlatform (132)
[2017.05.24-04.25.27:893][542]LogModuleManager: Shutting down and abandoning module VulkanShaderFormat (131)
[2017.05.24-04.25.27:893][542]LogModuleManager: Shutting down and abandoning module ShaderFormatOpenGL (129)
[2017.05.24-04.25.27:893][542]LogModuleManager: Shutting down and abandoning module ShaderFormatD3D (127)
[2017.05.24-04.25.27:893][542]LogModuleManager: Shutting down and abandoning module MetalShaderFormat (125)
[2017.05.24-04.25.27:893][542]LogModuleManager: Shutting down and abandoning module TextureFormatUncompressed (123)
[2017.05.24-04.25.27:893][542]LogModuleManager: Shutting down and abandoning module TextureFormatPVR (121)
[2017.05.24-04.25.27:893][542]LogModuleManager: Shutting down and abandoning module TextureFormatDXT (119)
[2017.05.24-04.25.27:893][542]LogModuleManager: Shutting down and abandoning module TextureFormatIntelISPCTexComp (117)
[2017.05.24-04.25.27:893][542]LogModuleManager: Shutting down and abandoning module TextureFormatASTC (115)
[2017.05.24-04.25.27:893][542]LogModuleManager: Shutting down and abandoning module ImageWrapper (114)
[2017.05.24-04.25.27:893][542]LogModuleManager: Shutting down and abandoning module TextureFormatAndroid (111)
[2017.05.24-04.25.27:893][542]LogModuleManager: Shutting down and abandoning module AudioFormatOpus (109)
[2017.05.24-04.25.27:893][542]LogModuleManager: Shutting down and abandoning module AudioFormatOgg (107)
[2017.05.24-04.25.27:893][542]LogModuleManager: Shutting down and abandoning module AudioFormatADPCM (105)
[2017.05.24-04.25.27:893][542]LogModuleManager: Shutting down and abandoning module LinuxTargetPlatform (103)
[2017.05.24-04.25.27:893][542]LogModuleManager: Shutting down and abandoning module LinuxServerTargetPlatform (101)
[2017.05.24-04.25.27:893][542]LogModuleManager: Shutting down and abandoning module LinuxNoEditorTargetPlatform (99)
[2017.05.24-04.25.27:893][542]LogModuleManager: Shutting down and abandoning module LinuxClientTargetPlatform (97)
[2017.05.24-04.25.27:893][542]LogModuleManager: Shutting down and abandoning module TVOSTargetPlatform (95)
[2017.05.24-04.25.27:893][542]LogModuleManager: Shutting down and abandoning module Messaging (93)
[2017.05.24-04.25.27:893][542]LogModuleManager: Shutting down and abandoning module IOSTargetPlatform (91)
[2017.05.24-04.25.27:893][542]LogModuleManager: Shutting down and abandoning module HTML5TargetPlatform (89)
[2017.05.24-04.25.27:893][542]LogModuleManager: Shutting down and abandoning module Android_PVRTCTargetPlatform (87)
[2017.05.24-04.25.27:893][542]LogModuleManager: Shutting down and abandoning module Android_MultiTargetPlatform (85)
[2017.05.24-04.25.27:893][542]LogModuleManager: Shutting down and abandoning module Android_ETC2TargetPlatform (83)
[2017.05.24-04.25.27:893][542]LogModuleManager: Shutting down and abandoning module Android_ETC1TargetPlatform (81)
[2017.05.24-04.25.27:893][542]LogModuleManager: Shutting down and abandoning module Android_DXTTargetPlatform (79)
[2017.05.24-04.25.27:893][542]LogModuleManager: Shutting down and abandoning module Android_ATCTargetPlatform (77)
[2017.05.24-04.25.27:893][542]LogModuleManager: Shutting down and abandoning module Android_ASTCTargetPlatform (75)
[2017.05.24-04.25.27:893][542]LogModuleManager: Shutting down and abandoning module AndroidTargetPlatform (73)
[2017.05.24-04.25.27:893][542]LogModuleManager: Shutting down and abandoning module WindowsTargetPlatform (71)
[2017.05.24-04.25.27:893][542]LogModuleManager: Shutting down and abandoning module WindowsServerTargetPlatform (69)
[2017.05.24-04.25.27:894][542]LogModuleManager: Shutting down and abandoning module WindowsNoEditorTargetPlatform (67)
[2017.05.24-04.25.27:894][542]LogModuleManager: Shutting down and abandoning module WindowsClientTargetPlatform (65)
[2017.05.24-04.25.27:894][542]LogModuleManager: Shutting down and abandoning module MacTargetPlatform (63)
[2017.05.24-04.25.27:894][542]LogModuleManager: Shutting down and abandoning module MacServerTargetPlatform (61)
[2017.05.24-04.25.27:894][542]LogModuleManager: Shutting down and abandoning module MacNoEditorTargetPlatform (59)
[2017.05.24-04.25.27:894][542]LogModuleManager: Shutting down and abandoning module MacClientTargetPlatform (57)
[2017.05.24-04.25.27:894][542]LogModuleManager: Shutting down and abandoning module AllDesktopTargetPlatform (55)
[2017.05.24-04.25.27:894][542]LogModuleManager: Shutting down and abandoning module InputCore (52)
[2017.05.24-04.25.27:894][542]LogModuleManager: Shutting down and abandoning module Settings (50)
[2017.05.24-04.25.27:894][542]LogModuleManager: Shutting down and abandoning module OculusRift (48)
[2017.05.24-04.25.27:894][542]LogModuleManager: Shutting down and abandoning module GearVR (46)
[2017.05.24-04.25.27:894][542]LogModuleManager: Shutting down and abandoning module ExampleDeviceProfileSelector (44)
[2017.05.24-04.25.27:894][542]LogModuleManager: Shutting down and abandoning module OnlineBlueprintSupport (42)
[2017.05.24-04.25.27:894][542]LogModuleManager: Shutting down and abandoning module OnlineSubsystem (38)
[2017.05.24-04.25.27:894][542]LogOnline:Display: Unloading online subsystem: NULL
[2017.05.24-04.25.27:894][542]LogModuleManager: Shutting down and abandoning module XMPP (37)
[2017.05.24-04.25.27:894][542]LogModuleManager: Shutting down and abandoning module HTTP (35)
[2017.05.24-04.25.27:894][542]LogHttp:Display: Http module shutting down, but needs to wait on 1 outstanding Http requests:
[2017.05.24-04.25.27:894][542]LogHttp:Display: 	verb=[POST] url=[https://datarouter.ol.epicgames.com/datarouter/api/v1/public/data?SessionID=%7B463515A3-4772-657F-80BA-C88FD679E107%7D&AppID=UEEditor.Rocket.Release&AppVersion=4.15.1-3348071%2B%2B%2BUE4%2BRelease-4.15&UserID=ca68aeb146fd2da8def0499d85ce1c43%7C8946633df60b49f39a7813cef32cd67b%7C123d1d78-d500-4324-8750-eb230958395b&AppEnvironment=datacollector-binary&UploadType=eteventstream] status=Processing
[2017.05.24-04.25.27:914][542]LogModuleManager: Shutting down and abandoning module SSL (34)
[2017.05.24-04.25.27:916][542]LogModuleManager: Shutting down and abandoning module AudioEditor (30)
[2017.05.24-04.25.27:916][542]LogModuleManager: Shutting down and abandoning module TextureCompressor (28)
[2017.05.24-04.25.27:916][542]LogModuleManager: Shutting down and abandoning module ShaderCore (26)
[2017.05.24-04.25.27:916][542]LogModuleManager: Shutting down and abandoning module Landscape (24)
[2017.05.24-04.25.27:916][542]LogModuleManager: Shutting down and abandoning module SlateRHIRenderer (22)
[2017.05.24-04.25.27:919][542]LogModuleManager: Shutting down and abandoning module OpenGLDrv (20)
[2017.05.24-04.25.27:919][542]LogModuleManager: Shutting down and abandoning module D3D11RHI (18)
[2017.05.24-04.25.27:919][542]LogModuleManager: Shutting down and abandoning module AnimGraphRuntime (16)
[2017.05.24-04.25.27:919][542]LogModuleManager: Shutting down and abandoning module Renderer (14)
[2017.05.24-04.25.27:919][542]LogModuleManager: Shutting down and abandoning module Engine (12)
[2017.05.24-04.25.27:919][542]LogModuleManager: Shutting down and abandoning module CoreUObject (10)
[2017.05.24-04.25.27:919][542]LogModuleManager: Shutting down and abandoning module NetworkFile (8)
[2017.05.24-04.25.27:919][542]LogModuleManager: Shutting down and abandoning module StreamingFile (6)
[2017.05.24-04.25.27:919][542]LogModuleManager: Shutting down and abandoning module SandboxFile (4)
[2017.05.24-04.25.27:919][542]LogModuleManager: Shutting down and abandoning module PakFile (2)
[2017.05.24-04.25.27:920][542]LogExit: Exiting.
[2017.05.24-04.25.27:922][542]Log file closed, 05/24/17 13:25:27
