Log file open, 05/18/17 12:58:58
LogInit:Display: Running engine for game: hasamu
LogPlatformFile: Not using cached read wrapper
LogInit:Display: RandInit(1865016398) SRandInit(1865016398).
LogTaskGraph: Started task graph with 5 named threads and 6 total threads with 1 sets of task threads.
LogStats: Stats thread started at 4.905016
LogPluginManager:Warning: Plugin 'GitSourceControl' exists at '../../../Engine/Plugins/Developer/GitSourceControl/GitSourceControl.uplugin' and '../../../Engine/Plugins/Developer/UE4GitPlugin-1.0-beta/GitSourceControl.uplugin' - second location will be ignored
LogInit: Using libcurl 7.47.1
LogInit:  - built for x86_64-pc-win32
LogInit:  - supports SSL with OpenSSL/1.0.2g
LogInit:  - supports HTTP deflate (compression) using libz 1.2.8
LogInit:  - other features:
LogInit:      CURL_VERSION_SSL
LogInit:      CURL_VERSION_LIBZ
LogInit:      CURL_VERSION_IPV6
LogInit:      CURL_VERSION_ASYNCHDNS
LogInit:      CURL_VERSION_LARGEFILE
LogInit:      CURL_VERSION_IDN
LogInit:  CurlRequestOptions (configurable via config and command line):
LogInit:  - bVerifyPeer = false  - Libcurl will NOT verify peer certificate
LogInit:  - bUseHttpProxy = false  - Libcurl will NOT use HTTP proxy
LogInit:  - bDontReuseConnections = false  - Libcurl will reuse connections
LogInit:  - CertBundlePath = nullptr  - Libcurl will use whatever was configured at build time.
LogInit: Build: ++UE4+Release-4.15-CL-3348071
LogInit: Engine Version: 4.15.1-3348071+++UE4+Release-4.15
LogInit: Compatible Engine Version: 4.15.0-3299760+++UE4+Release-4.15
LogInit: Net CL: 3299760
LogDevObjectVersion: Number of dev versions registered: 14
LogDevObjectVersion:   Dev-Blueprints (B0D832E4-1F89-4F0D-ACCF-7EB736FD4AA2): 8
LogDevObjectVersion:   Dev-Build (E1C64328-A22C-4D53-A36C-8E866417BD8C): 0
LogDevObjectVersion:   Dev-Core (375EC13C-06E4-48FB-B500-84F0262A717E): 2
LogDevObjectVersion:   Dev-Editor (E4B068ED-F494-42E9-A231-DA0B2E46BB41): 14
LogDevObjectVersion:   Dev-Framework (CFFC743F-43B0-4480-9391-14DF171D2073): 22
LogDevObjectVersion:   Dev-Mobile (B02B49B5-BB20-44E9-A304-32B752E40360): 0
LogDevObjectVersion:   Dev-Networking (A4E4105C-59A1-49B5-A7C5-40C4547EDFEE): 0
LogDevObjectVersion:   Dev-Online (39C831C9-5AE6-47DC-9A44-9C173E1C8E7C): 0
LogDevObjectVersion:   Dev-Physics (78F01B33-EBEA-4F98-B9B4-84EACCB95AA2): 0
LogDevObjectVersion:   Dev-Platform (6631380F-2D4D-43E0-8009-CF276956A95A): 0
LogDevObjectVersion:   Dev-Rendering (12F88B9F-8875-4AFC-A67C-D90C383ABD29): 12
LogDevObjectVersion:   Dev-Sequencer (7B5AE74C-D270-4C10-A958-57980B212A5A): 3
LogDevObjectVersion:   Dev-VR (D7296918-1DD6-4BDD-9DE2-64A83CC13884): 0
LogDevObjectVersion:   Dev-LoadTimes (C2A15278-BFE7-4AFE-6C17-90FF531DF755): 1
LogInit: Compiled (64-bit): Mar 15 2017 16:52:47
LogInit: Compiled with Visual C++: 19.00.23026.00
LogInit: Build Configuration: Development
LogInit: Branch Name: ++UE4+Release-4.15
LogInit: Command line:  
LogInit: Base directory: C:/Program Files (x86)/Epic Games/UE_4.15/Engine/Binaries/Win64/
LogInit: Installed Engine Build: 1
LogInit: Presizing for max 8388607 objects, including 0 objects not considered by GC, pre-allocating 0 bytes for permanent pool.
LogInit: Object subsystem initialized
[2017.05.18-03.59.00:880][  0]LogInit: Selected Device Profile: [Windows]
[2017.05.18-03.59.00:880][  0]LogInit: Applying CVar settings loaded from the selected device profile: [Windows]
[2017.05.18-03.59.01:039][  0]LogInit: Computer: 16DELL-156
[2017.05.18-03.59.01:039][  0]LogInit: User: 16147006
[2017.05.18-03.59.01:039][  0]LogInit: CPU Page size=65536, Cores=2
[2017.05.18-03.59.01:039][  0]LogInit: High frequency timer resolution =2.143486 MHz
[2017.05.18-03.59.01:040][  0]LogMemory: Memory total: Physical=7.9GB (8GB approx)
[2017.05.18-03.59.01:040][  0]LogMemory: Platform Memory Stats for Windows
[2017.05.18-03.59.01:040][  0]LogMemory: Process Physical Memory: 263.37 MB used, 263.37 MB peak
[2017.05.18-03.59.01:040][  0]LogMemory: Process Virtual Memory: 263.79 MB used, 263.79 MB peak
[2017.05.18-03.59.01:040][  0]LogMemory: Physical Memory: 4008.51 MB used,  4094.10 MB free, 8102.61 MB total
[2017.05.18-03.59.01:040][  0]LogMemory: Virtual Memory: 627.77 MB used,  4094.10 MB free, 8388608.00 MB total
[2017.05.18-03.59.03:050][  0]LogTextLocalizationManager: No specific translations for ('ja-JP') exist, so ('ja') translations will be used.
[2017.05.18-03.59.03:598][  0]LogTextLocalizationManager:Warning: Loaded localization resources contain conflicting entries for (Namespace:UObjectToolTips, Key:AnimNode_AssetPlayerBase:bIgnoreForRelevancyTest):
Localization Resource: (C:/Program Files (x86)/Epic Games/UE_4.15/Engine/Content/Localization/EditorTutorials/ja/EditorTutorials.locres) Source String Hash: (319969718) Localized String: (真の場合、Relevant anim ノードはアニメーションで最も高いウェイトのものを無視します。
このノード)
Localization Resource: (C:/Program Files (x86)/Epic Games/UE_4.15/Engine/Content/Localization/Engine/ja/Engine.locres) Source String Hash: (319969718) Localized String: (真の場合、アニメーションで最も高いウェイトのものを無視するRelevant anim ノードは
このノードを無視します)
[2017.05.18-03.59.03:598][  0]LogTextLocalizationManager:Warning: Loaded localization resources contain conflicting entries for (Namespace:UObjectToolTips, Key:AnimNode_BlendSpacePlayer:bLoop):
Localization Resource: (C:/Program Files (x86)/Epic Games/UE_4.15/Engine/Content/Localization/EditorTutorials/ja/EditorTutorials.locres) Source String Hash: (2133979316) Localized String: (再生が最後まで終わった後、ループ再生するようにしますか？)
Localization Resource: (C:/Program Files (x86)/Epic Games/UE_4.15/Engine/Content/Localization/ToolTips/ja/ToolTips.locres) Source String Hash: (2133979316) Localized String: (ループが最後まで到達した時に、アニメーションのループを継続するべきか？)
[2017.05.18-03.59.03:598][  0]LogTextLocalizationManager:Warning: Loaded localization resources contain conflicting entries for (Namespace:UObjectToolTips, Key:AnimNode_BlendSpacePlayer:X):
Localization Resource: (C:/Program Files (x86)/Epic Games/UE_4.15/Engine/Content/Localization/EditorTutorials/ja/EditorTutorials.locres) Source String Hash: (2060772590) Localized String: (ブレンドスペースで値を取得するX座標)
Localization Resource: (C:/Program Files (x86)/Epic Games/UE_4.15/Engine/Content/Localization/ToolTips/ja/ToolTips.locres) Source String Hash: (2060772590) Localized String: (ブレンドスペースでサンプリングするX座標)
[2017.05.18-03.59.03:598][  0]LogTextLocalizationManager:Warning: Loaded localization resources contain conflicting entries for (Namespace:UObjectToolTips, Key:AnimNode_BlendSpacePlayer:Y):
Localization Resource: (C:/Program Files (x86)/Epic Games/UE_4.15/Engine/Content/Localization/EditorTutorials/ja/EditorTutorials.locres) Source String Hash: (-1719607538) Localized String: (ブレンドスペースで値を取得するY座標)
Localization Resource: (C:/Program Files (x86)/Epic Games/UE_4.15/Engine/Content/Localization/ToolTips/ja/ToolTips.locres) Source String Hash: (-1719607538) Localized String: (ブレンドスペースでサンプリングするY座標)
[2017.05.18-03.59.03:598][  0]LogTextLocalizationManager:Warning: Loaded localization resources contain conflicting entries for (Namespace:UObjectToolTips, Key:AnimNode_BlendSpacePlayer:Z):
Localization Resource: (C:/Program Files (x86)/Epic Games/UE_4.15/Engine/Content/Localization/EditorTutorials/ja/EditorTutorials.locres) Source String Hash: (1728943471) Localized String: (ブレンドスペースで値を取得するZ座標)
Localization Resource: (C:/Program Files (x86)/Epic Games/UE_4.15/Engine/Content/Localization/ToolTips/ja/ToolTips.locres) Source String Hash: (1728943471) Localized String: (ブレンドスペースでサンプリングするZ座標)
[2017.05.18-03.59.03:598][  0]LogTextLocalizationManager:Warning: Loaded localization resources contain conflicting entries for (Namespace:UObjectToolTips, Key:AnimNode_BlendSpacePlayer:BlendSpace):
Localization Resource: (C:/Program Files (x86)/Epic Games/UE_4.15/Engine/Content/Localization/EditorTutorials/ja/EditorTutorials.locres) Source String Hash: (1599043277) Localized String: (再生するブレンドスペースのアセット)
Localization Resource: (C:/Program Files (x86)/Epic Games/UE_4.15/Engine/Content/Localization/ToolTips/ja/ToolTips.locres) Source String Hash: (1599043277) Localized String: (再生するブレンド空間アセット)
[2017.05.18-03.59.03:598][  0]LogTextLocalizationManager:Warning: Loaded localization resources contain conflicting entries for (Namespace:UObjectToolTips, Key:AnimNode_StateMachine:MaxTransitionsPerFrame):
Localization Resource: (C:/Program Files (x86)/Epic Games/UE_4.15/Engine/Content/Localization/EditorTutorials/ja/EditorTutorials.locres) Source String Hash: (1567650430) Localized String: (このマシーンで1フレームあたりに同時に処理できるトランジションの最大数)
Localization Resource: (C:/Program Files (x86)/Epic Games/UE_4.15/Engine/Content/Localization/ToolTips/ja/ToolTips.locres) Source String Hash: (1567650430) Localized String: (単一フレームでマシーンが「同時」に受け取れる遷移の最大数)
[2017.05.18-03.59.03:598][  0]LogTextLocalizationManager:Warning: Loaded localization resources contain conflicting entries for (Namespace:UObjectToolTips, Key:AnimNode_BlendSpacePlayer:PlayRate):
Localization Resource: (C:/Program Files (x86)/Epic Games/UE_4.15/Engine/Content/Localization/EditorTutorials/ja/EditorTutorials.locres) Source String Hash: (-1274923958) Localized String: (再生速度の倍率です。負の数値も使う事ができます。その場合逆再生になります。)
Localization Resource: (C:/Program Files (x86)/Epic Games/UE_4.15/Engine/Content/Localization/ToolTips/ja/ToolTips.locres) Source String Hash: (-1274923958) Localized String: (再生レート乗数。アニメーションを逆再生する負の値にすることができます。)
[2017.05.18-03.59.03:598][  0]LogTextLocalizationManager:Warning: Loaded localization resources contain conflicting entries for (Namespace:UObjectToolTips, Key:AnimNode_SequencePlayer:bLoopAnimation):
Localization Resource: (C:/Program Files (x86)/Epic Games/UE_4.15/Engine/Content/Localization/ToolTips/ja/ToolTips.locres) Source String Hash: (2133979316) Localized String: (ループが最後まで到達した時に、アニメーションのループを継続するべきか？)
Localization Resource: (C:/Program Files (x86)/Epic Games/UE_4.15/Engine/Content/Localization/Engine/ja/Engine.locres) Source String Hash: (2133979316) Localized String: (最後に到達した時にアニメーションのループを継続しますか？)
[2017.05.18-03.59.03:598][  0]LogTextLocalizationManager:Warning: Loaded localization resources contain conflicting entries for (Namespace:UObjectToolTips, Key:AnimNode_SequencePlayer:PlayRate):
Localization Resource: (C:/Program Files (x86)/Epic Games/UE_4.15/Engine/Content/Localization/ToolTips/ja/ToolTips.locres) Source String Hash: (-1274923958) Localized String: (再生レート乗数。アニメーションを逆再生する負の値にすることができます。)
Localization Resource: (C:/Program Files (x86)/Epic Games/UE_4.15/Engine/Content/Localization/Engine/ja/Engine.locres) Source String Hash: (-1274923958) Localized String: (再生速度の倍率です。負の数値も使う事ができます。その場合逆再生になります。)
[2017.05.18-03.59.14:100][  0]LogD3D11RHI: D3D11 adapters:
[2017.05.18-03.59.14:187][  0]LogD3D11RHI:    0. 'Intel(R) HD Graphics 5500' (Feature Level 11_0)
[2017.05.18-03.59.14:187][  0]LogD3D11RHI:       192/0/1632 MB DedicatedVideo/DedicatedSystem/SharedSystem, Outputs:1, VendorId:0x8086
[2017.05.18-03.59.14:187][  0]LogD3D11RHI: Chosen D3D11 Adapter: 0
[2017.05.18-03.59.14:193][  0]LogD3D11RHI: Creating new Direct3DDevice
[2017.05.18-03.59.14:193][  0]LogD3D11RHI:     GPU DeviceId: 0x1616 (for the marketing name, search the web for "GPU Device Id")
[2017.05.18-03.59.14:193][  0]LogWindows: EnumDisplayDevices:
[2017.05.18-03.59.14:193][  0]LogWindows:    0. 'Intel(R) HD Graphics 5500' (P:1 D:1)
[2017.05.18-03.59.14:194][  0]LogWindows:    1. 'Intel(R) HD Graphics 5500' (P:0 D:0)
[2017.05.18-03.59.14:194][  0]LogWindows:    2. 'Intel(R) HD Graphics 5500' (P:0 D:0)
[2017.05.18-03.59.14:194][  0]LogWindows:    3. 'RDPDD Chained DD' (P:0 D:0)
[2017.05.18-03.59.14:194][  0]LogWindows:    4. 'RDP Encoder Mirror Driver' (P:0 D:0)
[2017.05.18-03.59.14:194][  0]LogWindows:    5. 'RDP Reflector Display Driver' (P:0 D:0)
[2017.05.18-03.59.14:194][  0]LogWindows: DebugString: GetVideoDriverDetailsInvalid PrimaryIsNotTheChoosenAdapter GetVideoDriverDetailsInvalid PrimaryIsNotTheChoosenAdapter GetVideoDriverDetailsInvalid PrimaryIsNotTheChoosenAdapter FoundDriverCount:3 
[2017.05.18-03.59.14:194][  0]LogD3D11RHI:     Adapter Name: Intel(R) HD Graphics 5500
[2017.05.18-03.59.14:194][  0]LogD3D11RHI:   Driver Version: 10.18.14.4264 (internal:10.18.14.4264, unified:10.18.14.4264)
[2017.05.18-03.59.14:194][  0]LogD3D11RHI:      Driver Date: 8-4-2015
[2017.05.18-03.59.14:210][  0]LogRHI: Texture pool is 705 MB (70% of 1008 MB)
[2017.05.18-03.59.14:220][  0]LogD3D11RHI: Async texture creation enabled
[2017.05.18-03.59.14:477][  0]LogD3D11RHI: GPU Timing Frequency: 12.500000 (Debug: 2 0)
[2017.05.18-03.59.14:529][  0]LogShaderCompilers: Guid format shader working directory is -9 characters bigger than the processId version (../../../../../../Users/16147006/Documents/UE4CraneProject/Intermediate/Shaders/WorkingDirectory/2224/).
[2017.05.18-03.59.14:529][  0]LogShaderCompilers: Cleaned the shader compiler working directory 'C:/Users/16147006/AppData/Local/Temp/UnrealShaderWorkingDir/A25770E04E1E04536C6B98A926E9DEFB/'.
[2017.05.18-03.59.14:529][  0]LogShaderCompilers:Display: Using Local Shader Compiler.
[2017.05.18-03.59.24:789][  0]LogTemp:Display: Loaded TP AllDesktopTargetPlatform
[2017.05.18-03.59.24:858][  0]LogTemp:Display: Loaded TP MacClientTargetPlatform
[2017.05.18-03.59.24:914][  0]LogTemp:Display: Loaded TP MacNoEditorTargetPlatform
[2017.05.18-03.59.24:972][  0]LogTemp:Display: Loaded TP MacServerTargetPlatform
[2017.05.18-03.59.25:048][  0]LogTemp:Display: Loaded TP MacTargetPlatform
[2017.05.18-03.59.25:104][  0]LogTemp:Display: Loaded TP WindowsClientTargetPlatform
[2017.05.18-03.59.25:162][  0]LogTemp:Display: Loaded TP WindowsNoEditorTargetPlatform
[2017.05.18-03.59.25:220][  0]LogTemp:Display: Loaded TP WindowsServerTargetPlatform
[2017.05.18-03.59.25:287][  0]LogTemp:Display: Loaded TP WindowsTargetPlatform
[2017.05.18-03.59.25:381][  0]LogTemp:Display: Loaded TP AndroidTargetPlatform
[2017.05.18-03.59.25:437][  0]LogTemp:Display: Loaded TP Android_ASTCTargetPlatform
[2017.05.18-03.59.25:494][  0]LogTemp:Display: Loaded TP Android_ATCTargetPlatform
[2017.05.18-03.59.25:549][  0]LogTemp:Display: Loaded TP Android_DXTTargetPlatform
[2017.05.18-03.59.25:605][  0]LogTemp:Display: Loaded TP Android_ETC1TargetPlatform
[2017.05.18-03.59.25:661][  0]LogTemp:Display: Loaded TP Android_ETC2TargetPlatform
[2017.05.18-03.59.25:789][  0]LogTemp:Display: Loaded TP Android_MultiTargetPlatform
[2017.05.18-03.59.25:789][  0]LogTemp:Display: Loaded TP Android_PVRTCTargetPlatform
[2017.05.18-03.59.25:826][  0]LogTemp:Display: Loaded TP HTML5TargetPlatform
[2017.05.18-03.59.26:050][  0]LogTemp:Display: Loaded TP IOSTargetPlatform
[2017.05.18-03.59.26:086][  0]LogTemp:Display: Loaded TP TVOSTargetPlatform
[2017.05.18-03.59.26:141][  0]LogTemp:Display: Loaded TP LinuxClientTargetPlatform
[2017.05.18-03.59.26:196][  0]LogTemp:Display: Loaded TP LinuxNoEditorTargetPlatform
[2017.05.18-03.59.26:252][  0]LogTemp:Display: Loaded TP LinuxServerTargetPlatform
[2017.05.18-03.59.26:395][  0]LogTemp:Display: Loaded TP LinuxTargetPlatform
[2017.05.18-03.59.26:395][  0]LogTargetPlatformManager:Display: Building Assets For Windows
[2017.05.18-03.59.28:819][  0]LogDerivedDataCache:Display: Max Cache Size: 512 MB
[2017.05.18-03.59.29:808][  0]LogDerivedDataCache: Loaded boot cache 0.99s 50MB C:/Users/16147006/AppData/Local/UnrealEngine/4.15/DerivedDataCache/Boot.ddc.
[2017.05.18-03.59.29:808][  0]LogDerivedDataCache:Display: Loaded Boot cache: C:/Users/16147006/AppData/Local/UnrealEngine/4.15/DerivedDataCache/Boot.ddc
[2017.05.18-03.59.29:809][  0]LogDerivedDataCache: FDerivedDataBackendGraph:  Pak pak cache file ../../../../../../Users/16147006/Documents/UE4CraneProject/DerivedDataCache/DDC.ddp not found, will not use a pak cache.
[2017.05.18-03.59.29:809][  0]LogDerivedDataCache: Unable to find inner node Pak for hierarchical cache Hierarchy.
[2017.05.18-03.59.29:809][  0]LogDerivedDataCache: FDerivedDataBackendGraph:  CompressedPak pak cache file ../../../../../../Users/16147006/Documents/UE4CraneProject/DerivedDataCache/Compressed.ddp not found, will not use a pak cache.
[2017.05.18-03.59.29:809][  0]LogDerivedDataCache: Unable to find inner node CompressedPak for hierarchical cache Hierarchy.
[2017.05.18-03.59.29:959][  0]LogDerivedDataCache:Display: Pak cache opened for reading ../../../Engine/DerivedDataCache/Compressed.ddp.
[2017.05.18-03.59.29:970][  0]LogDerivedDataCache: Using Local data cache path C:/Users/16147006/AppData/Local/UnrealEngine/Common/DerivedDataCache: Writable
[2017.05.18-03.59.30:087][  0]LogSlate: Using Freetype 2.6.0
[2017.05.18-03.59.30:232][  0]LogSlate: SlateFontCache - WITH_FREETYPE: 1, WITH_HARFBUZZ: 1
[2017.05.18-03.59.30:232][  0]LogSlate: SlateFontCache - WITH_FREETYPE: 1, WITH_HARFBUZZ: 1
[2017.05.18-03.59.54:962][  0]LogInit: Selected Device Profile: [Windows]
[2017.05.18-03.59.55:003][  0]LogContentStreaming: Texture pool size is 0.00 MB
[2017.05.18-03.59.56:323][  0]LogMeshUtilities: Using QuadricMeshReduction for automatic static mesh reduction
[2017.05.18-03.59.56:430][  0]LogSimplygon: Simplygon DLL not present - disabling.
[2017.05.18-03.59.56:532][  0]LogMeshUtilities: Using SimplygonSwarm for distributed automatic mesh merging
[2017.05.18-03.59.56:532][  0]LogMeshUtilities: No automatic skeletal mesh reduction module available
[2017.05.18-03.59.56:532][  0]LogMeshUtilities: No automatic mesh merging module available
[2017.05.18-04.00.05:126][  0]LogNetVersion: GetLocalNetworkVersion: CL: 3299760, ProjectName: hasamu, ProjectVersion: , EngineNetworkVersion: 2, GameNetworkVersion: 0, NetworkChecksum: 671900762
[2017.05.18-04.00.05:331][  0]LogAssetRegistry: FAssetRegistry took 0.0213 seconds to start up
[2017.05.18-04.00.05:409][  0]LogPackageLocalizationCache: Processed 3 localized package path(s) for 2 prioritized culture(s) in 0.033990 seconds
[2017.05.18-04.00.05:460][  0]LogUObjectArray: 32493 objects as part of root set at end of initial load.
[2017.05.18-04.00.05:460][  0]LogUObjectAllocator: 7077024 out of 0 bytes used by permanent object pool.
[2017.05.18-04.00.05:460][  0]LogUObjectArray: CloseDisregardForGC: 0/0 objects in disregard for GC pool
[2017.05.18-04.00.05:550][  0]LogInit: WinSock: version 1.1 (2.2), MaxSocks=32767, MaxUdp=65467
[2017.05.18-04.00.50:087][  0]LogTcpMessaging: Initializing TcpMessaging bridge
[2017.05.18-04.00.50:140][  0]LogUdpMessaging: Initializing bridge on interface 0.0.0.0:0 to multicast group 230.0.0.1:6666.
[2017.05.18-04.00.52:289][  0]LogMaterial: Uniform references updated for custom material expression Custom.
[2017.05.18-04.00.54:228][  0]SourceControl: 情報 ソースコントロールは無効です
[2017.05.18-04.01.00:070][  0]LogEngine: Initializing Engine...
[2017.05.18-04.01.00:070][  0]LogHMD: Failed to initialize OpenVR with code 110
[2017.05.18-04.01.01:714][  0]LogAIModule: Creating AISystem for world Untitled
[2017.05.18-04.01.01:771][  0]LogInit: XAudio2 using 'スピーカー / ヘッドホン (Realtek High Definition Audio)' : 2 channels at 48 kHz using 32 bits per sample (channel mask 0x3)
[2017.05.18-04.01.02:031][  0]LogInit: FAudioDevice initialized.
[2017.05.18-04.01.02:064][  0]LogDerivedDataCache: Saved boot cache 0.03s 50MB C:/Users/16147006/AppData/Local/UnrealEngine/4.15/DerivedDataCache/Boot.ddc.
[2017.05.18-04.01.02:072][  0]LogInit: Texture streaming: Enabled
[2017.05.18-04.01.02:235][  0]LogEngineSessionManager: EngineSessionManager initialized
[2017.05.18-04.01.03:143][  0]LogInit: Transaction tracking system initialized
[2017.05.18-04.01.04:561][  0]BlueprintLog: New page: エディタの読み込み
[2017.05.18-04.01.08:663][  0]LocalizationService: 情報 ローカライズのサービスが無効になりました
[2017.05.18-04.01.11:242][  0]LogConsoleResponse:Display: 
[2017.05.18-04.01.17:134][  0]LogCook:Display: Max memory allowance for cook 16384mb min free memory 0mb
[2017.05.18-04.01.17:135][  0]LogCook:Display: Mobile HDR setting 1
[2017.05.18-04.01.17:451][  0]LogFileCache: Scanning file cache for directory 'C:/Users/16147006/Documents/UE4CraneProject/Content/' took 0.02s
[2017.05.18-04.01.21:768][  0]Cmd: MAP LOAD FILE="../../../../../../Users/16147006/Documents/UE4CraneProject/Content/ThirdPersonBP/Maps/ThirdPersonExampleMap.umap" TEMPLATE=0 SHOWPROGRESS=1 FEATURELEVEL=3
[2017.05.18-04.01.21:777][  0]LightingResults: New page: ライティングのビルド
[2017.05.18-04.01.21:871][  0]MapCheck: New page: マップをチェック
[2017.05.18-04.01.21:871][  0]LightingResults: New page: <何も選択されていません>
[2017.05.18-04.01.23:014][  0]LogLinker:Warning: ファイル '/Game/StarterContent/Audio/Explosion_Cue' が見つかりません
[2017.05.18-04.01.23:014][  0]LogLinker:Warning: ../../../../../../Users/16147006/Documents/UE4CraneProject/Content/ThirdPersonBP/PlayerShotWeapon.uasset のロード中にアセット '/Game/StarterContent/Audio/Explosion_Cue'  のファイルが見つかりません
[2017.05.18-04.01.23:014][  0]LoadErrors:Error: エラー /Game/ThirdPersonBP/PlayerShotWeapon : アセットのファイルが見つかりません /Game/StarterContent/Audio/Explosion_Cue
[2017.05.18-04.01.23:014][  0]LogLinker:Warning: ファイル '/Game/StarterContent/Particles/P_Fire' が見つかりません
[2017.05.18-04.01.23:014][  0]LogLinker:Warning: ../../../../../../Users/16147006/Documents/UE4CraneProject/Content/ThirdPersonBP/PlayerShotWeapon.uasset のロード中にアセット '/Game/StarterContent/Particles/P_Fire'  のファイルが見つかりません
[2017.05.18-04.01.23:014][  0]LoadErrors:Error: エラー /Game/ThirdPersonBP/PlayerShotWeapon : アセットのファイルが見つかりません /Game/StarterContent/Particles/P_Fire
[2017.05.18-04.01.23:014][  0]LogLinker:Warning: ファイル '/Game/StarterContent/Particles/P_Fire' が見つかりません
[2017.05.18-04.01.23:014][  0]LogLinker:Warning: ../../../../../../Users/16147006/Documents/UE4CraneProject/Content/ThirdPersonBP/PlayerShotWeapon.uasset のロード中にアセット '/Game/StarterContent/Particles/P_Fire'  のファイルが見つかりません
[2017.05.18-04.01.23:014][  0]LoadErrors:Error: エラー /Game/ThirdPersonBP/PlayerShotWeapon : アセットのファイルが見つかりません /Game/StarterContent/Particles/P_Fire
[2017.05.18-04.01.23:015][  0]LogLinker:Warning: ファイル '/Game/StarterContent/Audio/Explosion_Cue' が見つかりません
[2017.05.18-04.01.23:015][  0]LogLinker:Warning: ../../../../../../Users/16147006/Documents/UE4CraneProject/Content/ThirdPersonBP/PlayerShotWeapon.uasset のロード中にアセット '/Game/StarterContent/Audio/Explosion_Cue'  のファイルが見つかりません
[2017.05.18-04.01.23:015][  0]LoadErrors:Error: エラー /Game/ThirdPersonBP/PlayerShotWeapon : アセットのファイルが見つかりません /Game/StarterContent/Audio/Explosion_Cue
[2017.05.18-04.01.23:015][  0]LogLinker:Warning: ファイル '/Game/StarterContent/Audio/Explosion_Cue' が見つかりません
[2017.05.18-04.01.23:015][  0]LogLinker:Warning: ../../../../../../Users/16147006/Documents/UE4CraneProject/Content/ThirdPersonBP/Blueprints/ThirdPersonCharacter.uasset のロード中にアセット '/Game/StarterContent/Audio/Explosion_Cue'  のファイルが見つかりません
[2017.05.18-04.01.23:015][  0]LoadErrors:Error: エラー /Game/ThirdPersonBP/Blueprints/ThirdPersonCharacter : アセットのファイルが見つかりません /Game/StarterContent/Audio/Explosion_Cue
[2017.05.18-04.01.23:015][  0]LogLinker:Warning: ファイル '/Game/StarterContent/Particles/P_Fire' が見つかりません
[2017.05.18-04.01.23:015][  0]LogLinker:Warning: ../../../../../../Users/16147006/Documents/UE4CraneProject/Content/ThirdPersonBP/Blueprints/ThirdPersonCharacter.uasset のロード中にアセット '/Game/StarterContent/Particles/P_Fire'  のファイルが見つかりません
[2017.05.18-04.01.23:015][  0]LoadErrors:Error: エラー /Game/ThirdPersonBP/Blueprints/ThirdPersonCharacter : アセットのファイルが見つかりません /Game/StarterContent/Particles/P_Fire
[2017.05.18-04.01.23:015][  0]LogLinker:Warning: ファイル '/Game/StarterContent/Particles/P_Fire' が見つかりません
[2017.05.18-04.01.23:015][  0]LogLinker:Warning: ../../../../../../Users/16147006/Documents/UE4CraneProject/Content/ThirdPersonBP/Blueprints/ThirdPersonCharacter.uasset のロード中にアセット '/Game/StarterContent/Particles/P_Fire'  のファイルが見つかりません
[2017.05.18-04.01.23:015][  0]LoadErrors:Error: エラー /Game/ThirdPersonBP/Blueprints/ThirdPersonCharacter : アセットのファイルが見つかりません /Game/StarterContent/Particles/P_Fire
[2017.05.18-04.01.23:016][  0]LogLinker:Warning: ファイル '/Game/StarterContent/Audio/Explosion_Cue' が見つかりません
[2017.05.18-04.01.23:016][  0]LogLinker:Warning: ../../../../../../Users/16147006/Documents/UE4CraneProject/Content/ThirdPersonBP/Blueprints/ThirdPersonCharacter.uasset のロード中にアセット '/Game/StarterContent/Audio/Explosion_Cue'  のファイルが見つかりません
[2017.05.18-04.01.23:016][  0]LoadErrors:Error: エラー /Game/ThirdPersonBP/Blueprints/ThirdPersonCharacter : アセットのファイルが見つかりません /Game/StarterContent/Audio/Explosion_Cue
[2017.05.18-04.01.23:017][  0]LogLinker:Warning: ファイル '/Game/StarterContent/Particles/P_Fire' が見つかりません
[2017.05.18-04.01.23:017][  0]LoadErrors: 情報 ロードに失敗しました /Game/StarterContent/Particles/P_Fire.P_Fire 参照元 ParticleSystem_GEN_VARIABLE
[2017.05.18-04.01.23:017][  0]LogLinker:Warning: ../../../../../../Users/16147006/Documents/UE4CraneProject/Content/ThirdPersonBP/Blueprints/ThirdPersonCharacter.uasset のロード中にアセット '/Game/StarterContent/Particles/P_Fire'  のファイルが見つかりません
[2017.05.18-04.01.23:017][  0]LoadErrors: 情報 ロードに失敗しました /Game/StarterContent/Particles/P_Fire.P_Fire 参照元 ParticleSystem_GEN_VARIABLE
[2017.05.18-04.01.23:017][  0]LoadErrors:Error: エラー /Game/ThirdPersonBP/Blueprints/ThirdPersonCharacter : アセットのファイルが見つかりません /Game/StarterContent/Particles/P_Fire
[2017.05.18-04.01.23:017][  0]LogLinker:Warning: ファイル '/Game/StarterContent/Audio/Explosion_Cue' が見つかりません
[2017.05.18-04.01.23:017][  0]LoadErrors: 情報 ロードに失敗しました /Game/StarterContent/Audio/Explosion_Cue.Explosion_Cue 参照元 Audio_GEN_VARIABLE
[2017.05.18-04.01.23:017][  0]LogLinker:Warning: ../../../../../../Users/16147006/Documents/UE4CraneProject/Content/ThirdPersonBP/Blueprints/ThirdPersonCharacter.uasset のロード中にアセット '/Game/StarterContent/Audio/Explosion_Cue'  のファイルが見つかりません
[2017.05.18-04.01.23:017][  0]LoadErrors: 情報 ロードに失敗しました /Game/StarterContent/Audio/Explosion_Cue.Explosion_Cue 参照元 Audio_GEN_VARIABLE
[2017.05.18-04.01.23:017][  0]LoadErrors:Error: エラー /Game/ThirdPersonBP/Blueprints/ThirdPersonCharacter : アセットのファイルが見つかりません /Game/StarterContent/Audio/Explosion_Cue
[2017.05.18-04.01.23:173][  0]LogBlueprint:Warning: [Compiler ThirdPersonCharacter] 警告 インプットアクション イベントは  インプットアクション Shot  に不明なアクション 'Shot'' を参照しています
[2017.05.18-04.01.23:173][  0]LogBlueprint:Warning: [Compiler ThirdPersonCharacter] 警告 インプットアクション イベントは  インプットアクション ResetVR  に不明なアクション 'ResetVR'' を参照しています
[2017.05.18-04.01.23:174][  0]LogBlueprint:Warning: [Compiler ThirdPersonCharacter] 警告 インプット軸イベントは  インプットAxis LookUpRate  に不明な軸 'LookUpRate' を参照しています
[2017.05.18-04.01.23:174][  0]LogBlueprint:Warning: [Compiler ThirdPersonCharacter] 警告 インプット軸イベントは  インプットAxis TurnRate  に不明な軸 'TurnRate' を参照しています
[2017.05.18-04.01.23:175][  0]LogBlueprint:Warning: [Compiler ThirdPersonCharacter] 警告 インプットアクション イベントは  インプットアクション Jump  に不明なアクション 'Jump'' を参照しています
[2017.05.18-04.01.23:175][  0]LogBlueprint:Warning: [Compiler ThirdPersonCharacter] 警告 インプット軸イベントは  インプットAxis LookUp  に不明な軸 'LookUp' を参照しています
[2017.05.18-04.01.23:176][  0]LogBlueprint:Warning: [Compiler ThirdPersonCharacter] 警告 インプット軸イベントは  インプットAxis Turn  に不明な軸 'Turn' を参照しています
[2017.05.18-04.01.23:193][  0]LogBlueprint:Warning: [Compiler ThirdPersonCharacter] 警告 [0163.40] Compile of ThirdPersonCharacter successful, but with 7 Warning(s) [in 28 ms] (/Game/ThirdPersonBP/Blueprints/ThirdPersonCharacter.ThirdPersonCharacter)
[2017.05.18-04.01.23:193][  0]LogBlueprint:Warning: [Compiler ThirdPersonCharacter] 警告 [0163.40] Compile of ThirdPersonCharacter successful, but with 8 Warning(s) [in 0 ms] (/Game/ThirdPersonBP/Blueprints/ThirdPersonCharacter.ThirdPersonCharacter)
[2017.05.18-04.01.23:193][  0]LogBlueprint:Warning: [Compiler ThirdPersonCharacter] 警告 [0163.40] Compile of ThirdPersonCharacter successful, but with 9 Warning(s) [in 0 ms] (/Game/ThirdPersonBP/Blueprints/ThirdPersonCharacter.ThirdPersonCharacter)
[2017.05.18-04.01.23:203][  0]LogBlueprint:Warning: [Compiler ThirdPersonCharacter] 警告 インプットアクション イベントは  インプットアクション Shot  に不明なアクション 'Shot'' を参照しています
[2017.05.18-04.01.23:203][  0]LogBlueprint:Warning: [Compiler ThirdPersonCharacter] 警告 インプットアクション イベントは  インプットアクション ResetVR  に不明なアクション 'ResetVR'' を参照しています
[2017.05.18-04.01.23:203][  0]LogBlueprint:Warning: [Compiler ThirdPersonCharacter] 警告 インプット軸イベントは  インプットAxis LookUpRate  に不明な軸 'LookUpRate' を参照しています
[2017.05.18-04.01.23:203][  0]LogBlueprint:Warning: [Compiler ThirdPersonCharacter] 警告 インプット軸イベントは  インプットAxis TurnRate  に不明な軸 'TurnRate' を参照しています
[2017.05.18-04.01.23:203][  0]LogBlueprint:Warning: [Compiler ThirdPersonCharacter] 警告 インプットアクション イベントは  インプットアクション Jump  に不明なアクション 'Jump'' を参照しています
[2017.05.18-04.01.23:203][  0]LogBlueprint:Warning: [Compiler ThirdPersonCharacter] 警告 インプット軸イベントは  インプットAxis LookUp  に不明な軸 'LookUp' を参照しています
[2017.05.18-04.01.23:204][  0]LogBlueprint:Warning: [Compiler ThirdPersonCharacter] 警告 インプット軸イベントは  インプットAxis Turn  に不明な軸 'Turn' を参照しています
[2017.05.18-04.01.23:209][  0]LogBlueprint:Warning: [Compiler ThirdPersonCharacter] 警告 [0163.41] Compile of ThirdPersonCharacter successful, but with 7 Warning(s) [in 10 ms] (/Game/ThirdPersonBP/Blueprints/ThirdPersonCharacter.ThirdPersonCharacter)
[2017.05.18-04.01.23:209][  0]LogBlueprint:Warning: [Compiler ThirdPersonCharacter] 警告 [0163.41] Compile of ThirdPersonCharacter successful, but with 8 Warning(s) [in 0 ms] (/Game/ThirdPersonBP/Blueprints/ThirdPersonCharacter.ThirdPersonCharacter)
[2017.05.18-04.01.23:209][  0]LogBlueprint:Warning: [Compiler ThirdPersonCharacter] 警告 [0163.41] Compile of ThirdPersonCharacter successful, but with 9 Warning(s) [in 0 ms] (/Game/ThirdPersonBP/Blueprints/ThirdPersonCharacter.ThirdPersonCharacter)
[2017.05.18-04.01.23:602][  0]LogLinker:Warning: ファイル '/Game/StarterContent/Materials/M_Water_Ocean' が見つかりません
[2017.05.18-04.01.23:602][  0]LoadErrors: 情報 ロードに失敗しました /Game/StarterContent/Materials/M_Water_Ocean.M_Water_Ocean 参照元 CharacterMesh0
[2017.05.18-04.01.23:602][  0]LogLinker:Warning: ../../../../../../Users/16147006/Documents/UE4CraneProject/Content/ThirdPersonBP/EnemyCharacter.uasset のロード中にアセット '/Game/StarterContent/Materials/M_Water_Ocean'  のファイルが見つかりません
[2017.05.18-04.01.23:602][  0]LoadErrors: 情報 ロードに失敗しました /Game/StarterContent/Materials/M_Water_Ocean.M_Water_Ocean 参照元 CharacterMesh0
[2017.05.18-04.01.23:602][  0]LoadErrors:Error: エラー /Game/ThirdPersonBP/EnemyCharacter : アセットのファイルが見つかりません /Game/StarterContent/Materials/M_Water_Ocean
[2017.05.18-04.01.23:602][  0]LogLinker:Warning: ファイル '/Game/StarterContent/Materials/M_Wood_Floor_Walnut_Polished' が見つかりません
[2017.05.18-04.01.23:602][  0]LoadErrors: 情報 ロードに失敗しました /Game/StarterContent/Materials/M_Wood_Floor_Walnut_Polished.M_Wood_Floor_Walnut_Polished 参照元 CharacterMesh0
[2017.05.18-04.01.23:602][  0]LogLinker:Warning: ../../../../../../Users/16147006/Documents/UE4CraneProject/Content/ThirdPersonBP/EnemyCharacter.uasset のロード中にアセット '/Game/StarterContent/Materials/M_Wood_Floor_Walnut_Polished'  のファイルが見つかりません
[2017.05.18-04.01.23:602][  0]LoadErrors: 情報 ロードに失敗しました /Game/StarterContent/Materials/M_Wood_Floor_Walnut_Polished.M_Wood_Floor_Walnut_Polished 参照元 CharacterMesh0
[2017.05.18-04.01.23:603][  0]LoadErrors:Error: エラー /Game/ThirdPersonBP/EnemyCharacter : アセットのファイルが見つかりません /Game/StarterContent/Materials/M_Wood_Floor_Walnut_Polished
[2017.05.18-04.01.23:603][  0]LogLinker:Warning: ファイル '/Game/StarterContent/Materials/M_Water_Ocean' が見つかりません
[2017.05.18-04.01.23:603][  0]LogLinker:Warning: ../../../../../../Users/16147006/Documents/UE4CraneProject/Content/ThirdPersonBP/EnemyCharacter.uasset のロード中にアセット '/Game/StarterContent/Materials/M_Water_Ocean'  のファイルが見つかりません
[2017.05.18-04.01.23:603][  0]LoadErrors:Error: エラー /Game/ThirdPersonBP/EnemyCharacter : アセットのファイルが見つかりません /Game/StarterContent/Materials/M_Water_Ocean
[2017.05.18-04.01.23:603][  0]LogLinker:Warning: ファイル '/Game/StarterContent/Materials/M_Wood_Floor_Walnut_Polished' が見つかりません
[2017.05.18-04.01.23:603][  0]LogLinker:Warning: ../../../../../../Users/16147006/Documents/UE4CraneProject/Content/ThirdPersonBP/EnemyCharacter.uasset のロード中にアセット '/Game/StarterContent/Materials/M_Wood_Floor_Walnut_Polished'  のファイルが見つかりません
[2017.05.18-04.01.23:603][  0]LoadErrors:Error: エラー /Game/ThirdPersonBP/EnemyCharacter : アセットのファイルが見つかりません /Game/StarterContent/Materials/M_Wood_Floor_Walnut_Polished
[2017.05.18-04.01.23:603][  0]LogLinker:Warning: ファイル '/Game/StarterContent/Materials/M_Water_Ocean' が見つかりません
[2017.05.18-04.01.23:604][  0]LogLinker:Warning: ../../../../../../Users/16147006/Documents/UE4CraneProject/Content/ThirdPersonBP/EnemyCharacter.uasset のロード中にアセット '/Game/StarterContent/Materials/M_Water_Ocean'  のファイルが見つかりません
[2017.05.18-04.01.23:604][  0]LoadErrors:Error: エラー /Game/ThirdPersonBP/EnemyCharacter : アセットのファイルが見つかりません /Game/StarterContent/Materials/M_Water_Ocean
[2017.05.18-04.01.23:604][  0]LogLinker:Warning: ファイル '/Game/StarterContent/Materials/M_Wood_Floor_Walnut_Polished' が見つかりません
[2017.05.18-04.01.23:604][  0]LogLinker:Warning: ../../../../../../Users/16147006/Documents/UE4CraneProject/Content/ThirdPersonBP/EnemyCharacter.uasset のロード中にアセット '/Game/StarterContent/Materials/M_Wood_Floor_Walnut_Polished'  のファイルが見つかりません
[2017.05.18-04.01.23:604][  0]LoadErrors:Error: エラー /Game/ThirdPersonBP/EnemyCharacter : アセットのファイルが見つかりません /Game/StarterContent/Materials/M_Wood_Floor_Walnut_Polished
[2017.05.18-04.01.23:604][  0]LogLinker:Warning: ファイル '/Game/StarterContent/Particles/P_Steam_Lit' が見つかりません
[2017.05.18-04.01.23:604][  0]LogLinker:Warning: ../../../../../../Users/16147006/Documents/UE4CraneProject/Content/ThirdPersonBP/EnemyCharacter.uasset のロード中にアセット '/Game/StarterContent/Particles/P_Steam_Lit'  のファイルが見つかりません
[2017.05.18-04.01.23:604][  0]LoadErrors:Error: エラー /Game/ThirdPersonBP/EnemyCharacter : アセットのファイルが見つかりません /Game/StarterContent/Particles/P_Steam_Lit
[2017.05.18-04.01.23:604][  0]LogLinker:Warning: ファイル '/Game/StarterContent/Particles/P_Steam_Lit' が見つかりません
[2017.05.18-04.01.23:604][  0]LogLinker:Warning: ../../../../../../Users/16147006/Documents/UE4CraneProject/Content/ThirdPersonBP/EnemyCharacter.uasset のロード中にアセット '/Game/StarterContent/Particles/P_Steam_Lit'  のファイルが見つかりません
[2017.05.18-04.01.23:604][  0]LoadErrors:Error: エラー /Game/ThirdPersonBP/EnemyCharacter : アセットのファイルが見つかりません /Game/StarterContent/Particles/P_Steam_Lit
[2017.05.18-04.01.23:605][  0]LogLinker:Warning: ファイル '/Game/StarterContent/Particles/P_Steam_Lit' が見つかりません
[2017.05.18-04.01.23:605][  0]LoadErrors: 情報 ロードに失敗しました /Game/StarterContent/Particles/P_Steam_Lit.P_Steam_Lit 参照元 K2Node_CallFunction_1
[2017.05.18-04.01.23:605][  0]LogLinker:Warning: ../../../../../../Users/16147006/Documents/UE4CraneProject/Content/ThirdPersonBP/EnemyCharacter.uasset のロード中にアセット '/Game/StarterContent/Particles/P_Steam_Lit'  のファイルが見つかりません
[2017.05.18-04.01.23:605][  0]LoadErrors: 情報 ロードに失敗しました /Game/StarterContent/Particles/P_Steam_Lit.P_Steam_Lit 参照元 K2Node_CallFunction_1
[2017.05.18-04.01.23:605][  0]LoadErrors:Error: エラー /Game/ThirdPersonBP/EnemyCharacter : アセットのファイルが見つかりません /Game/StarterContent/Particles/P_Steam_Lit
[2017.05.18-04.01.23:650][  0]LogLinker:Warning: ファイル '/Game/StarterContent/Materials/M_Water_Ocean' が見つかりません
[2017.05.18-04.01.23:650][  0]LogLinker:Warning: ../../../../../../Users/16147006/Documents/UE4CraneProject/Content/ThirdPersonBP/EnemyCharacter.uasset のロード中にアセット '/Game/StarterContent/Materials/M_Water_Ocean'  のファイルが見つかりません
[2017.05.18-04.01.23:651][  0]LoadErrors:Error: エラー /Game/ThirdPersonBP/EnemyCharacter : アセットのファイルが見つかりません /Game/StarterContent/Materials/M_Water_Ocean
[2017.05.18-04.01.23:651][  0]LogLinker:Warning: ファイル '/Game/StarterContent/Materials/M_Wood_Floor_Walnut_Polished' が見つかりません
[2017.05.18-04.01.23:651][  0]LogLinker:Warning: ../../../../../../Users/16147006/Documents/UE4CraneProject/Content/ThirdPersonBP/EnemyCharacter.uasset のロード中にアセット '/Game/StarterContent/Materials/M_Wood_Floor_Walnut_Polished'  のファイルが見つかりません
[2017.05.18-04.01.23:651][  0]LoadErrors:Error: エラー /Game/ThirdPersonBP/EnemyCharacter : アセットのファイルが見つかりません /Game/StarterContent/Materials/M_Wood_Floor_Walnut_Polished
[2017.05.18-04.01.23:651][  0]LogLinker:Warning: ファイル '/Game/StarterContent/Materials/M_Water_Ocean' が見つかりません
[2017.05.18-04.01.23:651][  0]LogLinker:Warning: ../../../../../../Users/16147006/Documents/UE4CraneProject/Content/ThirdPersonBP/EnemyCharacter.uasset のロード中にアセット '/Game/StarterContent/Materials/M_Water_Ocean'  のファイルが見つかりません
[2017.05.18-04.01.23:651][  0]LoadErrors:Error: エラー /Game/ThirdPersonBP/EnemyCharacter : アセットのファイルが見つかりません /Game/StarterContent/Materials/M_Water_Ocean
[2017.05.18-04.01.23:651][  0]LogLinker:Warning: ファイル '/Game/StarterContent/Materials/M_Wood_Floor_Walnut_Polished' が見つかりません
[2017.05.18-04.01.23:651][  0]LogLinker:Warning: ../../../../../../Users/16147006/Documents/UE4CraneProject/Content/ThirdPersonBP/EnemyCharacter.uasset のロード中にアセット '/Game/StarterContent/Materials/M_Wood_Floor_Walnut_Polished'  のファイルが見つかりません
[2017.05.18-04.01.23:651][  0]LoadErrors:Error: エラー /Game/ThirdPersonBP/EnemyCharacter : アセットのファイルが見つかりません /Game/StarterContent/Materials/M_Wood_Floor_Walnut_Polished
[2017.05.18-04.01.23:651][  0]LogLinker:Warning: ファイル '/Game/StarterContent/Particles/P_Steam_Lit' が見つかりません
[2017.05.18-04.01.23:651][  0]LogLinker:Warning: ../../../../../../Users/16147006/Documents/UE4CraneProject/Content/ThirdPersonBP/EnemyCharacter.uasset のロード中にアセット '/Game/StarterContent/Particles/P_Steam_Lit'  のファイルが見つかりません
[2017.05.18-04.01.23:651][  0]LoadErrors:Error: エラー /Game/ThirdPersonBP/EnemyCharacter : アセットのファイルが見つかりません /Game/StarterContent/Particles/P_Steam_Lit
[2017.05.18-04.01.23:652][  0]LogLinker:Warning: ファイル '/Game/StarterContent/Particles/P_Steam_Lit' が見つかりません
[2017.05.18-04.01.23:652][  0]LogLinker:Warning: ../../../../../../Users/16147006/Documents/UE4CraneProject/Content/ThirdPersonBP/EnemyCharacter.uasset のロード中にアセット '/Game/StarterContent/Particles/P_Steam_Lit'  のファイルが見つかりません
[2017.05.18-04.01.23:652][  0]LoadErrors:Error: エラー /Game/ThirdPersonBP/EnemyCharacter : アセットのファイルが見つかりません /Game/StarterContent/Particles/P_Steam_Lit
[2017.05.18-04.01.28:891][  0]LogAIModule: Creating AISystem for world ThirdPersonExampleMap
[2017.05.18-04.01.29:091][  0]LogEditorServer: Finished looking for orphan Actors (0.000 secs)
[2017.05.18-04.01.29:239][  0]Cmd: MAP CHECKDEP NOCLEARLOG
[2017.05.18-04.01.29:344][  0]MapCheck: 情報 マップチェックが完了: 0 エラー、 0 警告、完了に 105.558ミリ秒かかりました。
[2017.05.18-04.01.29:344][  0]LogFileHelpers: Loading map 'ThirdPersonExampleMap' took 7.577
[2017.05.18-04.01.30:653][  0]LogCollectionManager: Loaded 0 collections in 0.005168 seconds
[2017.05.18-04.01.31:581][  0]LogFileCache: Scanning file cache for directory 'C:/Users/16147006/Documents/UE4CraneProject/Saved/Collections/' took 0.01s
[2017.05.18-04.01.31:581][  0]LogFileCache: Scanning file cache for directory 'C:/Users/16147006/Documents/UE4CraneProject/Content/Developers/16147006/Collections/' took 0.01s
[2017.05.18-04.01.31:581][  0]LogFileCache: Scanning file cache for directory 'C:/Users/16147006/Documents/UE4CraneProject/Content/Collections/' took 0.01s
[2017.05.18-04.01.31:581][  0]LogCollectionManager: Rebuilt the GUID cache for 0 collections in 0.000022 seconds
[2017.05.18-04.01.31:627][  0]LogContentBrowser: Native class hierarchy populated in 0.0319 seconds. Added 2245 classes and 453 folders.
[2017.05.18-04.01.31:726][  0]LogStats: UGameplayTagsManager::ConstructGameplayTagTree: Construct from data asset -  0.000 s
[2017.05.18-04.01.31:755][  0]LogStats: UGameplayTagsManager::ConstructGameplayTagTree: GameplayTagTreeChangedEvent.Broadcast -  0.000 s
[2017.05.18-04.01.31:829][  0]LogContentBrowser: Native class hierarchy updated for 'WidgetCarousel' in 0.0006 seconds. Added 0 classes and 0 folders.
[2017.05.18-04.01.37:189][  0]LogContentBrowser: Native class hierarchy updated for 'AddContentDialog' in 0.0020 seconds. Added 0 classes and 0 folders.
[2017.05.18-04.01.37:301][  0]LogContentBrowser: Native class hierarchy updated for 'SceneOutliner' in 0.0006 seconds. Added 1 classes and 2 folders.
[2017.05.18-04.01.38:209][  0]LogCrashTracker: Crashtracker disabled due to settings.
[2017.05.18-04.01.38:328][  0]LogUObjectGlobals:Warning: オブジェクト 'Class なし.' が見つかりませんでした
[2017.05.18-04.01.38:966][  0]LogContentBrowser: Native class hierarchy updated for 'HierarchicalLODOutliner' in 0.0007 seconds. Added 1 classes and 2 folders.
[2017.05.18-04.01.38:967][  0]LogLoad: (Engine Initialization) Total time: 179.17 seconds
[2017.05.18-04.01.38:967][  0]LogLoad: (Engine Initialization) Total Blueprint compile time: 1.62 seconds
[2017.05.18-04.01.38:967][  0]LogExternalProfiler: Found external profiler: VSPerf
[2017.05.18-04.01.38:967][  0]LogExternalProfiler: Using external profiler: VSPerf
[2017.05.18-04.01.39:306][  0]LogOcInput: OculusInput pre-init called
[2017.05.18-04.01.39:555][  0]SourceControl: 情報 On branch master
[2017.05.18-04.01.39:555][  0]SourceControl: 情報 Your branch is up-to-date with 'origin/master'.
[2017.05.18-04.01.39:555][  0]SourceControl: 情報 Changes not staged for commit:
[2017.05.18-04.01.39:555][  0]SourceControl: 情報   (use "git add <file>..." to update what will be committed)
[2017.05.18-04.01.39:555][  0]SourceControl: 情報   (use "git checkout -- <file>..." to discard changes in working directory)
[2017.05.18-04.01.39:555][  0]SourceControl: 情報 	modified:   Intermediate/CachedAssetRegistry.bin
[2017.05.18-04.01.39:555][  0]SourceControl: 情報 	modified:   Saved/Config/Windows/Engine.ini
[2017.05.18-04.01.39:555][  0]SourceControl: 情報 Untracked files:
[2017.05.18-04.01.39:555][  0]SourceControl: 情報   (use "git add <file>..." to include in what will be committed)
[2017.05.18-04.01.39:555][  0]SourceControl: 情報 	Saved/Logs/UE4CC-Windows-D08ADA884DF9AE97F45A4FA50465C6A5/
[2017.05.18-04.01.39:555][  0]SourceControl: 情報 	Saved/Logs/hasamu.log
[2017.05.18-04.01.39:555][  0]SourceControl: 情報 no changes added to commit (use "git add" and/or "git commit -a")
[2017.05.18-04.01.39:599][  0]LogContentStreaming: Texture pool size now 1000 MB
[2017.05.18-04.01.39:694][  0]LogSlate: Took 0.052451 seconds to synchronously load lazily loaded font '../../../Engine/Content/Slate/Fonts/Roboto-Regular.ttf' (155K)
[2017.05.18-04.01.40:003][  0]LogSlate: Took 0.297134 seconds to synchronously load lazily loaded font '../../../Engine/Content/Slate/Fonts/DroidSansFallback.ttf' (3848K)
[2017.05.18-04.01.40:132][  0]LogSlate: Took 0.121143 seconds to synchronously load lazily loaded font '../../../Engine/Content/Slate/Fonts/Roboto-Bold.ttf' (160K)
[2017.05.18-04.01.40:259][  0]LogSlate: Took 0.112745 seconds to synchronously load lazily loaded font '../../../Engine/Content/Editor/Slate/Fonts/FontAwesome.ttf' (139K)
[2017.05.18-04.01.41:425][  0]LogRenderer: Reallocating scene render targets to support 856x372 NumSamples 1 (Frame:2).
[2017.05.18-04.01.41:425][  0]LogSlate: Took 0.081135 seconds to synchronously load lazily loaded font '../../../Engine/Content/Slate/Fonts/Roboto-Light.ttf' (159K)
[2017.05.18-04.01.44:311][  6]LogAssetRegistry: Asset discovery search completed in 99.0017 seconds
[2017.05.18-04.01.44:339][  6]LogCollectionManager: Rebuilt the object cache for 0 collections in 0.000040 seconds (found 0 objects)
[2017.05.18-04.01.44:339][  6]LogCollectionManager: Fixed up redirectors for 0 collections in 0.027465 seconds (updated 0 objects)
[2017.05.18-04.02.38:752][ 61]LogSlate: Took 0.001058 seconds to synchronously load lazily loaded font '../../../Engine/Content/Slate/Fonts/Roboto-Light.ttf' (159K)
[2017.05.18-04.02.39:089][ 61]LogMaterial: Missing cached shader map for material SkeletonMaterial, compiling. 
[2017.05.18-04.02.39:124][ 61]LogTemp:Display: Added material ShaderMap 0x0000000043C5EB00 with Material 0x000000003322DD00 to ShaderMapsBeingCompiled
[2017.05.18-04.02.39:281][ 61]LogTemp:Display: Kicking off shader compilation for SkeletonMaterial, GameThreadShaderMap 0x0000000043C5EB00
[2017.05.18-04.02.39:703][ 61]LogSlate: Took 0.000200 seconds to synchronously load lazily loaded font '../../../Engine/Content/Slate/Fonts/Roboto-Regular.ttf' (155K)
[2017.05.18-04.02.40:874][ 61]LogMaterial: Missing cached shader map for material SkeletonMaterial, compiling. 
[2017.05.18-04.02.40:875][ 61]LogTemp:Display: Added material ShaderMap 0x000000003FF88800 with Material 0x000000003322DD00 to ShaderMapsBeingCompiled
[2017.05.18-04.02.40:889][ 61]LogTemp:Display: Kicking off shader compilation for SkeletonMaterial, GameThreadShaderMap 0x000000003FF88800
[2017.05.18-04.02.40:889][ 61]LogMaterial: 0.00 seconds spent updating 1 materials, 1 interfaces, 0 instances, 0 with static permutations.
[2017.05.18-04.02.41:164][ 61]LogSlate: Took 0.132724 seconds to synchronously load lazily loaded font '../../../Engine/Content/Editor/Slate/Fonts/Roboto-BoldCondensed.ttf' (158K)
[2017.05.18-04.02.41:636][ 62]LogTemp:Display: Finished compile of shader map 0x0000000043C5EB00
[2017.05.18-04.02.41:636][ 62]LogTemp:Display: Shader map SkeletonMaterial complete, GameThreadShaderMap 0x0000000043C5EB00, marking material SkeletonMaterial as finished
[2017.05.18-04.02.41:636][ 62]LogTemp:Display: Marking material as finished 0x000000003322DD00
[2017.05.18-04.02.43:707][ 78]LogTemp:Display: Finished compile of shader map 0x000000003FF88800
[2017.05.18-04.02.43:707][ 78]LogTemp:Display: Shader map SkeletonMaterial complete, GameThreadShaderMap 0x000000003FF88800, marking material SkeletonMaterial as finished
[2017.05.18-04.02.43:707][ 78]LogTemp:Display: Marking material as finished 0x000000003322DD00
[2017.05.18-04.02.44:035][ 79]MaterialEditorStats: 情報 Base pass shader with only dynamic lighting: 58 instructions
[2017.05.18-04.02.44:035][ 79]MaterialEditorStats: 情報 Vertex shader: 29 instructions
[2017.05.18-04.02.44:035][ 79]MaterialEditorStats: 情報 Texture samplers: 0/16
[2017.05.18-04.04.11:200][311]LogMaterial: Missing cached shader map for material SkeletonMaterial, compiling. 
[2017.05.18-04.04.11:201][311]LogTemp:Display: Added material ShaderMap 0x000000003047E400 with Material 0x000000003322DD00 to ShaderMapsBeingCompiled
[2017.05.18-04.04.11:219][311]LogTemp:Display: Kicking off shader compilation for SkeletonMaterial, GameThreadShaderMap 0x000000003047E400
[2017.05.18-04.04.11:219][311]LogMaterial: 0.00 seconds spent updating 1 materials, 1 interfaces, 0 instances, 0 with static permutations.
[2017.05.18-04.04.11:221][311]LogMaterial: Missing cached shader map for material FMatExpressionPreview MaterialExpressionVectorParameter_0, compiling. 
[2017.05.18-04.04.11:243][311]LogTemp:Display: Added material ShaderMap 0x000000004004A080 with Material 0x0000000030376E00 to ShaderMapsBeingCompiled
[2017.05.18-04.04.11:246][311]LogTemp:Display: Kicking off shader compilation for FMatExpressionPreview MaterialExpressionVectorParameter_0, GameThreadShaderMap 0x000000004004A080
[2017.05.18-04.04.11:687][312]LogSlate: Took 0.260033 seconds to synchronously load lazily loaded font '../../../Engine/Content/Editor/Slate/Fonts/Roboto-Italic.ttf' (157K)
[2017.05.18-04.04.16:267][595]LogTemp:Display: Finished compile of shader map 0x000000003047E400
[2017.05.18-04.04.16:267][595]LogTemp:Display: Shader map SkeletonMaterial complete, GameThreadShaderMap 0x000000003047E400, marking material SkeletonMaterial as finished
[2017.05.18-04.04.16:267][595]LogTemp:Display: Marking material as finished 0x000000003322DD00
[2017.05.18-04.04.16:758][635]MaterialEditorStats: 情報 Base pass shader with only dynamic lighting: 58 instructions
[2017.05.18-04.04.16:758][635]MaterialEditorStats: 情報 Vertex shader: 29 instructions
[2017.05.18-04.04.16:758][635]MaterialEditorStats: 情報 Texture samplers: 0/16
[2017.05.18-04.04.17:302][659]LogTemp:Display: Finished compile of shader map 0x000000004004A080
[2017.05.18-04.04.17:302][659]LogTemp:Display: Shader map FMatExpressionPreview MaterialExpressionVectorParameter_0 complete, GameThreadShaderMap 0x000000004004A080, marking material FMatExpressionPreview MaterialExpressionVectorParameter_0 as finished
[2017.05.18-04.04.17:302][659]LogTemp:Display: Marking material as finished 0x0000000030376E00
[2017.05.18-04.04.18:570][778]LogMaterial: Missing cached shader map for material SkeletonMaterial, compiling. 
[2017.05.18-04.04.18:572][778]LogTemp:Display: Added material ShaderMap 0x00000000448D0F00 with Material 0x000000003322DD00 to ShaderMapsBeingCompiled
[2017.05.18-04.04.18:589][778]LogTemp:Display: Kicking off shader compilation for SkeletonMaterial, GameThreadShaderMap 0x00000000448D0F00
[2017.05.18-04.04.18:590][778]LogMaterial: 0.00 seconds spent updating 1 materials, 1 interfaces, 0 instances, 0 with static permutations.
[2017.05.18-04.04.18:656][778]LogMaterial: Missing cached shader map for material FMatExpressionPreview MaterialExpressionVectorParameter_0, compiling. 
[2017.05.18-04.04.18:658][778]LogTemp:Display: Added material ShaderMap 0x000000004AF54B80 with Material 0x0000000033EAE800 to ShaderMapsBeingCompiled
[2017.05.18-04.04.18:663][778]LogTemp:Display: Kicking off shader compilation for FMatExpressionPreview MaterialExpressionVectorParameter_0, GameThreadShaderMap 0x000000004AF54B80
[2017.05.18-04.04.22:834][910]LogTemp:Display: Finished compile of shader map 0x00000000448D0F00
[2017.05.18-04.04.22:834][910]LogTemp:Display: Shader map SkeletonMaterial complete, GameThreadShaderMap 0x00000000448D0F00, marking material SkeletonMaterial as finished
[2017.05.18-04.04.22:834][910]LogTemp:Display: Marking material as finished 0x000000003322DD00
[2017.05.18-04.04.22:838][910]LogTemp:Display: Finished compile of shader map 0x000000004AF54B80
[2017.05.18-04.04.22:838][910]LogTemp:Display: Shader map FMatExpressionPreview MaterialExpressionVectorParameter_0 complete, GameThreadShaderMap 0x000000004AF54B80, marking material FMatExpressionPreview MaterialExpressionVectorParameter_0 as finished
[2017.05.18-04.04.22:838][910]LogTemp:Display: Marking material as finished 0x0000000033EAE800
[2017.05.18-04.04.23:168][911]MaterialEditorStats: 情報 Base pass shader with only dynamic lighting: 58 instructions
[2017.05.18-04.04.23:168][911]MaterialEditorStats: 情報 Vertex shader: 29 instructions
[2017.05.18-04.04.23:168][911]MaterialEditorStats: 情報 Texture samplers: 0/16
[2017.05.18-04.04.32:386][296]LogMaterial: Missing cached shader map for material SkeletonMaterial, compiling. 
[2017.05.18-04.04.32:387][296]LogTemp:Display: Added material ShaderMap 0x0000000033E2AB00 with Material 0x000000003322DD00 to ShaderMapsBeingCompiled
[2017.05.18-04.04.32:399][296]LogTemp:Display: Kicking off shader compilation for SkeletonMaterial, GameThreadShaderMap 0x0000000033E2AB00
[2017.05.18-04.04.32:399][296]LogMaterial: 0.00 seconds spent updating 1 materials, 1 interfaces, 0 instances, 0 with static permutations.
[2017.05.18-04.04.35:879][532]LogTemp:Display: Finished compile of shader map 0x0000000033E2AB00
[2017.05.18-04.04.35:879][532]LogTemp:Display: Shader map SkeletonMaterial complete, GameThreadShaderMap 0x0000000033E2AB00, marking material SkeletonMaterial as finished
[2017.05.18-04.04.35:879][532]LogTemp:Display: Marking material as finished 0x000000003322DD00
[2017.05.18-04.04.38:968][894]MaterialEditorStats: 情報 Base pass shader with only dynamic lighting: 58 instructions
[2017.05.18-04.04.38:969][894]MaterialEditorStats: 情報 Vertex shader: 29 instructions
[2017.05.18-04.04.38:969][894]MaterialEditorStats: 情報 Texture samplers: 0/16
[2017.05.18-04.05.09:112][  9]LogMaterial: Missing cached shader map for material SkeletonMaterial, compiling. 
[2017.05.18-04.05.09:113][  9]LogTemp:Display: Added material ShaderMap 0x000000004AF53900 with Material 0x000000003322DD00 to ShaderMapsBeingCompiled
[2017.05.18-04.05.09:142][  9]LogTemp:Display: Kicking off shader compilation for SkeletonMaterial, GameThreadShaderMap 0x000000004AF53900
[2017.05.18-04.05.09:162][  9]LogMaterial: Missing cached shader map for material SkeletonMaterial, compiling. 
[2017.05.18-04.05.09:163][  9]LogTemp:Display: Added material ShaderMap 0x000000003321EE80 with Material 0x000000003322DD00 to ShaderMapsBeingCompiled
[2017.05.18-04.05.09:180][  9]LogTemp:Display: Kicking off shader compilation for SkeletonMaterial, GameThreadShaderMap 0x000000003321EE80
[2017.05.18-04.05.09:180][  9]LogMaterial: 0.00 seconds spent updating 1 materials, 1 interfaces, 0 instances, 0 with static permutations.
[2017.05.18-04.05.11:953][184]LogMaterial: Missing cached shader map for material SkeletonMaterial, compiling. 
[2017.05.18-04.05.11:955][184]LogTemp:Display: Added material ShaderMap 0x0000000043A89D00 with Material 0x000000003322DD00 to ShaderMapsBeingCompiled
[2017.05.18-04.05.11:986][184]LogTemp:Display: Kicking off shader compilation for SkeletonMaterial, GameThreadShaderMap 0x0000000043A89D00
[2017.05.18-04.05.11:987][184]LogMaterial: 0.00 seconds spent updating 1 materials, 1 interfaces, 0 instances, 0 with static permutations.
[2017.05.18-04.05.13:151][255]LogTemp:Display: Finished compile of shader map 0x000000003321EE80
[2017.05.18-04.05.13:152][255]LogTemp:Display: Shader map SkeletonMaterial complete, GameThreadShaderMap 0x000000003321EE80, marking material SkeletonMaterial as finished
[2017.05.18-04.05.13:152][255]LogTemp:Display: Marking material as finished 0x000000003322DD00
[2017.05.18-04.05.17:784][553]LogMaterial: Missing cached shader map for material SkeletonMaterial, compiling. 
[2017.05.18-04.05.17:786][553]LogTemp:Display: Added material ShaderMap 0x000000004B35B900 with Material 0x000000003322DD00 to ShaderMapsBeingCompiled
[2017.05.18-04.05.17:818][553]LogTemp:Display: Kicking off shader compilation for SkeletonMaterial, GameThreadShaderMap 0x000000004B35B900
[2017.05.18-04.05.17:818][553]LogMaterial: 0.00 seconds spent updating 1 materials, 1 interfaces, 0 instances, 0 with static permutations.
[2017.05.18-04.05.19:317][662]LogMaterial: Missing cached shader map for material SkeletonMaterial, compiling. 
[2017.05.18-04.05.19:319][662]LogTemp:Display: Added material ShaderMap 0x000000004B6FAB00 with Material 0x000000003322DD00 to ShaderMapsBeingCompiled
[2017.05.18-04.05.19:352][662]LogTemp:Display: Kicking off shader compilation for SkeletonMaterial, GameThreadShaderMap 0x000000004B6FAB00
[2017.05.18-04.05.19:352][662]LogMaterial: 0.00 seconds spent updating 1 materials, 1 interfaces, 0 instances, 0 with static permutations.
[2017.05.18-04.05.19:426][662]LogMaterial: Missing cached shader map for material FMatExpressionPreview MaterialExpressionVectorParameter_0, compiling. 
[2017.05.18-04.05.19:427][662]LogTemp:Display: Added material ShaderMap 0x000000004AE6A400 with Material 0x000000004A017700 to ShaderMapsBeingCompiled
[2017.05.18-04.05.19:432][662]LogTemp:Display: Kicking off shader compilation for FMatExpressionPreview MaterialExpressionVectorParameter_0, GameThreadShaderMap 0x000000004AE6A400
[2017.05.18-04.05.19:437][662]LogTemp:Display: Finished compile of shader map 0x0000000043A89D00
[2017.05.18-04.05.19:437][662]LogTemp:Display: Shader map SkeletonMaterial complete, GameThreadShaderMap 0x0000000043A89D00, marking material SkeletonMaterial as finished
[2017.05.18-04.05.19:437][662]LogTemp:Display: Marking material as finished 0x000000003322DD00
[2017.05.18-04.05.20:050][700]LogTemp:Display: Finished compile of shader map 0x000000004B35B900
[2017.05.18-04.05.20:050][700]LogTemp:Display: Shader map SkeletonMaterial complete, GameThreadShaderMap 0x000000004B35B900, marking material SkeletonMaterial as finished
[2017.05.18-04.05.20:050][700]LogTemp:Display: Marking material as finished 0x000000003322DD00
[2017.05.18-04.05.24:312][813]LogTemp:Display: Finished compile of shader map 0x000000004AE6A400
[2017.05.18-04.05.24:312][813]LogTemp:Display: Shader map FMatExpressionPreview MaterialExpressionVectorParameter_0 complete, GameThreadShaderMap 0x000000004AE6A400, marking material FMatExpressionPreview MaterialExpressionVectorParameter_0 as finished
[2017.05.18-04.05.24:312][813]LogTemp:Display: Marking material as finished 0x000000004A017700
[2017.05.18-04.05.24:320][813]LogTemp:Display: Finished compile of shader map 0x000000004B6FAB00
[2017.05.18-04.05.24:320][813]LogTemp:Display: Shader map SkeletonMaterial complete, GameThreadShaderMap 0x000000004B6FAB00, marking material SkeletonMaterial as finished
[2017.05.18-04.05.24:320][813]LogTemp:Display: Marking material as finished 0x000000003322DD00
[2017.05.18-04.05.24:643][814]MaterialEditorStats: 情報 Base pass shader with only dynamic lighting: 50 instructions
[2017.05.18-04.05.24:643][814]MaterialEditorStats: 情報 Base pass shader for self shadowed translucency: 86 instructions
[2017.05.18-04.05.24:643][814]MaterialEditorStats: 情報 Vertex shader: 81 instructions
[2017.05.18-04.05.24:643][814]MaterialEditorStats: 情報 Texture samplers: 4/16
[2017.05.18-04.05.41:041][970]LogMaterialEditor: Saving and Compiling material SkeletonMaterial
[2017.05.18-04.05.41:818][970]LogMaterial: Missing cached shader map for material SkeletonMaterial, compiling. 
[2017.05.18-04.05.41:819][970]LogTemp:Display: Added material ShaderMap 0x0000000043C5EB00 with Material 0x000000003322DD00 to ShaderMapsBeingCompiled
[2017.05.18-04.05.41:856][970]LogTemp:Display: Kicking off shader compilation for SkeletonMaterial, GameThreadShaderMap 0x0000000043C5EB00
[2017.05.18-04.05.41:856][970]LogMaterial: 0.00 seconds spent updating 1 materials, 1 interfaces, 0 instances, 0 with static permutations.
[2017.05.18-04.05.41:986][970]LogMaterial: Missing cached shader map for material SkeletonMaterial, compiling. 
[2017.05.18-04.05.41:988][970]LogTemp:Display: Added material ShaderMap 0x000000004AE68100 with Material 0x000000004B9D4280 to ShaderMapsBeingCompiled
[2017.05.18-04.05.42:053][970]LogTemp:Display: Kicking off shader compilation for SkeletonMaterial, GameThreadShaderMap 0x000000004AE68100
[2017.05.18-04.05.42:058][970]LogMaterial: Missing cached shader map for material SkeletonMaterial, compiling. 
[2017.05.18-04.05.42:060][970]LogTemp:Display: Added material ShaderMap 0x0000000043A88B80 with Material 0x000000004B9D4280 to ShaderMapsBeingCompiled
[2017.05.18-04.05.42:100][970]LogTemp:Display: Kicking off shader compilation for SkeletonMaterial, GameThreadShaderMap 0x0000000043A88B80
[2017.05.18-04.05.42:101][970]LogMaterial: 0.00 seconds spent updating 1 materials, 1 interfaces, 0 instances, 0 with static permutations.
[2017.05.18-04.05.42:245][970]LogMaterial: Missing cached shader map for material FDebugViewModeMaterialProxy SkeletonMaterial, compiling. 
[2017.05.18-04.05.42:246][970]LogTemp:Display: Added material ShaderMap 0x0000000006332400 with Material 0x0000000030377700 to ShaderMapsBeingCompiled
[2017.05.18-04.05.44:507][970]LogTemp:Display: Finished compile of shader map 0x0000000006332400
[2017.05.18-04.05.44:507][970]LogTemp:Display: Shader map FDebugViewModeMaterialProxy SkeletonMaterial complete, GameThreadShaderMap 0x0000000006332400, marking material FDebugViewModeMaterialProxy SkeletonMaterial as finished
[2017.05.18-04.05.44:507][970]LogTemp:Display: Marking material as finished 0x0000000030377700
[2017.05.18-04.05.44:526][970]TextureStreamingBuild:Display: Compiling optional shaders took 2.307 seconds.
[2017.05.18-04.05.48:146][970]LogTemp:Display: Finished compile of shader map 0x0000000043A88B80
[2017.05.18-04.05.48:147][970]LogTemp:Display: Shader map SkeletonMaterial complete, GameThreadShaderMap 0x0000000043A88B80, marking material SkeletonMaterial as finished
[2017.05.18-04.05.48:147][970]LogTemp:Display: Marking material as finished 0x000000004B9D4280
[2017.05.18-04.05.48:156][970]LogTemp:Display: Finished compile of shader map 0x0000000043C5EB00
[2017.05.18-04.05.48:156][970]LogTemp:Display: Shader map SkeletonMaterial complete, GameThreadShaderMap 0x0000000043C5EB00, marking material SkeletonMaterial as finished
[2017.05.18-04.05.48:156][970]LogTemp:Display: Marking material as finished 0x000000003322DD00
[2017.05.18-04.05.48:540][970]LogSavePackage: Save=19.75ms
[2017.05.18-04.05.48:540][970]LogSavePackage: Moving '../../../../../../Users/16147006/Documents/UE4CraneProject/Saved/SkeletonMaterialA63C6F7D4B1D3AEA8C9737A82E00DF05.tmp' to '../../../../../../Users/16147006/Documents/UE4CraneProject/Content/ThirdPersonBP/Blueprints/SkeletonMaterial.uasset'
[2017.05.18-04.05.48:546][970]LogSavePackage:Display: Finished SavePackage ../../../../../../Users/16147006/Documents/UE4CraneProject/Content/ThirdPersonBP/Blueprints/SkeletonMaterial.uasset
[2017.05.18-04.05.52:154][ 86]LogTemp: Repeting last play command: 選択ビューポート
[2017.05.18-04.05.52:223][ 86]LogBlueprintUserMessages: Early PlayInEditor Detection: Level '/Game/ThirdPersonBP/Maps/ThirdPersonExampleMap.ThirdPersonExampleMap:PersistentLevel' has LevelScriptBlueprint '/Game/ThirdPersonBP/Maps/ThirdPersonExampleMap.ThirdPersonExampleMap:PersistentLevel.ThirdPersonExampleMap' with GeneratedClass '/Game/ThirdPersonBP/Maps/ThirdPersonExampleMap.ThirdPersonExampleMap_C' with ClassGeneratedBy '/Game/ThirdPersonBP/Maps/ThirdPersonExampleMap.ThirdPersonExampleMap:PersistentLevel.ThirdPersonExampleMap'
[2017.05.18-04.05.52:223][ 86]LogPlayLevel: PlayLevel: No blueprints needed recompiling
[2017.05.18-04.05.52:269][ 86]PIE: New page: PIEセッション: ThirdPersonExampleMap (2017/05/18 22:05:52)
[2017.05.18-04.05.52:270][ 86]LogPlayLevel: Creating play world package: /Game/ThirdPersonBP/Maps/UEDPIE_0_ThirdPersonExampleMap
[2017.05.18-04.05.52:339][ 86]LogPlayLevel: PIE: StaticDuplicateObject took: (0.069638s)
[2017.05.18-04.05.52:341][ 86]LogAIModule: Creating AISystem for world ThirdPersonExampleMap
[2017.05.18-04.05.52:341][ 86]LogPlayLevel: PIE: World Init took: (0.002041s)
[2017.05.18-04.05.52:342][ 86]LogPlayLevel: PIE: Created PIE world by copying editor world from /Game/ThirdPersonBP/Maps/ThirdPersonExampleMap.ThirdPersonExampleMap to /Game/ThirdPersonBP/Maps/UEDPIE_0_ThirdPersonExampleMap.ThirdPersonExampleMap (0.072150s)
[2017.05.18-04.05.52:392][ 86]LogInit: XAudio2 using 'スピーカー / ヘッドホン (Realtek High Definition Audio)' : 2 channels at 48 kHz using 32 bits per sample (channel mask 0x3)
[2017.05.18-04.05.52:441][ 86]LogInit: FAudioDevice initialized.
[2017.05.18-04.05.52:630][ 86]LogLoad: Game class is 'ThirdPersonGameMode_C'
[2017.05.18-04.05.52:633][ 86]LogWorld: Bringing World /Game/ThirdPersonBP/Maps/UEDPIE_0_ThirdPersonExampleMap.ThirdPersonExampleMap up for play (max tick rate 0) at 2017.05.18-13.05.52
[2017.05.18-04.05.52:634][ 86]LogWorld: Bringing up level for play took: 0.002905
[2017.05.18-04.05.52:750][ 86]LogContentBrowser: Native class hierarchy updated for 'MovieSceneCapture' in 0.0012 seconds. Added 11 classes and 0 folders.
[2017.05.18-04.05.52:755][ 86]PIE: 情報 /Game/ThirdPersonBP/Maps/UEDPIE_0_ThirdPersonExampleMap 0.239のプレイ イン エディタの開始時間
[2017.05.18-04.05.52:755][ 86]LogBlueprintUserMessages: Late PlayInEditor Detection: Level '/Game/ThirdPersonBP/Maps/ThirdPersonExampleMap.ThirdPersonExampleMap:PersistentLevel' has LevelScriptBlueprint '/Game/ThirdPersonBP/Maps/ThirdPersonExampleMap.ThirdPersonExampleMap:PersistentLevel.ThirdPersonExampleMap' with GeneratedClass '/Game/ThirdPersonBP/Maps/ThirdPersonExampleMap.ThirdPersonExampleMap_C' with ClassGeneratedBy '/Game/ThirdPersonBP/Maps/ThirdPersonExampleMap.ThirdPersonExampleMap:PersistentLevel.ThirdPersonExampleMap'
[2017.05.18-04.05.59:275][287]LogBlueprintUserMessages: Early EndPlayMap Detection: Level '/Game/ThirdPersonBP/Maps/ThirdPersonExampleMap.ThirdPersonExampleMap:PersistentLevel' has LevelScriptBlueprint '/Game/ThirdPersonBP/Maps/ThirdPersonExampleMap.ThirdPersonExampleMap:PersistentLevel.ThirdPersonExampleMap' with GeneratedClass '/Game/ThirdPersonBP/Maps/ThirdPersonExampleMap.ThirdPersonExampleMap_C' with ClassGeneratedBy '/Game/ThirdPersonBP/Maps/ThirdPersonExampleMap.ThirdPersonExampleMap:PersistentLevel.ThirdPersonExampleMap'
[2017.05.18-04.05.59:384][287]LogBlueprintUserMessages: Late EndPlayMap Detection: Level '/Game/ThirdPersonBP/Maps/ThirdPersonExampleMap.ThirdPersonExampleMap:PersistentLevel' has LevelScriptBlueprint '/Game/ThirdPersonBP/Maps/ThirdPersonExampleMap.ThirdPersonExampleMap:PersistentLevel.ThirdPersonExampleMap' with GeneratedClass '/Game/ThirdPersonBP/Maps/ThirdPersonExampleMap.ThirdPersonExampleMap_C' with ClassGeneratedBy '/Game/ThirdPersonBP/Maps/ThirdPersonExampleMap.ThirdPersonExampleMap:PersistentLevel.ThirdPersonExampleMap'
[2017.05.18-04.06.05:446][407]LogSavePackage: Save=147.86ms
[2017.05.18-04.06.05:449][407]LogSavePackage: Moving '../../../../../../Users/16147006/Documents/UE4CraneProject/Saved/ThirdPersonExampleMapE6E7609E43A0F27336ADA8804E45A26A.tmp' to '../../../../../../Users/16147006/Documents/UE4CraneProject/Content/ThirdPersonBP/Maps/ThirdPersonExampleMap.umap'
[2017.05.18-04.06.05:456][407]LogSavePackage:Display: Finished SavePackage ../../../../../../Users/16147006/Documents/UE4CraneProject/Content/ThirdPersonBP/Maps/ThirdPersonExampleMap.umap
[2017.05.18-04.06.06:092][407]LogSavePackage: Save=400.46ms
[2017.05.18-04.06.06:092][407]LogSavePackage: Moving '../../../../../../Users/16147006/Documents/UE4CraneProject/Saved/ThirdPersonExampleMap_BuiltDataB2780E7D49B2BFCC3C90438C26F4AC8E.tmp' to '../../../../../../Users/16147006/Documents/UE4CraneProject/Content/ThirdPersonBP/Maps/ThirdPersonExampleMap_BuiltData.uasset'
[2017.05.18-04.06.06:094][407]LogSavePackage:Display: Finished SavePackage ../../../../../../Users/16147006/Documents/UE4CraneProject/Content/ThirdPersonBP/Maps/ThirdPersonExampleMap_BuiltData.uasset
[2017.05.18-04.06.07:742][434]Cmd: QUIT_EDITOR
[2017.05.18-04.06.08:184][434]LogExit: Preparing to exit.
[2017.05.18-04.06.09:517][434]LogDirectoryWatcher: A directory notification for 'C:/Users/16147006/Documents/UE4CraneProject/Content/' was aborted.
[2017.05.18-04.06.09:593][434]LogExit: Editor shut down
[2017.05.18-04.06.09:594][434]LogExit: Transaction tracking system shut down
[2017.05.18-04.06.09:644][434]LogTemp:Display: Removed shader map 0x000000004AE68100 from material 0x000000004B9D4280
[2017.05.18-04.06.09:663][434]LogTemp:Display: Removed shader map 0x000000004AF53900 from material 0x000000003322DD00
[2017.05.18-04.06.10:999][434]LogObj: Freed 0b from 0 cluster array pools.
[2017.05.18-04.06.10:999][434]LogExit: Object subsystem successfully closed.
[2017.05.18-04.06.11:142][434]LogD3D11RHI: Shutdown
[2017.05.18-04.06.11:142][434]LogD3D11RHI: CleanupD3DDevice
[2017.05.18-04.06.11:350][434]LogD3D11RHI: ~FD3D11DynamicRHI
[2017.05.18-04.06.12:113][434]LogModuleManager: Shutting down and abandoning module MovieSceneCapture (502)
[2017.05.18-04.06.12:113][434]LogModuleManager: Shutting down and abandoning module MaterialEditor (500)
[2017.05.18-04.06.12:113][434]LogModuleManager: Shutting down and abandoning module HierarchicalLODOutliner (498)
[2017.05.18-04.06.12:113][434]LogModuleManager: Shutting down and abandoning module CrashTracker (496)
[2017.05.18-04.06.12:113][434]LogModuleManager: Shutting down and abandoning module SceneOutliner (494)
[2017.05.18-04.06.12:113][434]LogModuleManager: Shutting down and abandoning module AddContentDialog (492)
[2017.05.18-04.06.12:129][434]LogDirectoryWatcher: A directory notification for 'C:/Program Files (x86)/Epic Games/UE_4.15/FeaturePacks/' was aborted.
[2017.05.18-04.06.12:130][434]LogModuleManager: Shutting down and abandoning module WidgetCarousel (491)
[2017.05.18-04.06.12:130][434]LogModuleManager: Shutting down and abandoning module EditorWidgets (488)
[2017.05.18-04.06.12:130][434]LogModuleManager: Shutting down and abandoning module CollectionManager (486)
[2017.05.18-04.06.12:142][434]LogDirectoryWatcher: A directory notification for 'C:/Users/16147006/Documents/UE4CraneProject/Content/Collections/' was aborted.
[2017.05.18-04.06.12:142][434]LogDirectoryWatcher: A directory notification for 'C:/Users/16147006/Documents/UE4CraneProject/Content/Developers/16147006/Collections/' was aborted.
[2017.05.18-04.06.12:142][434]LogDirectoryWatcher: A directory notification for 'C:/Users/16147006/Documents/UE4CraneProject/Saved/Collections/' was aborted.
[2017.05.18-04.06.12:142][434]LogModuleManager: Shutting down and abandoning module StatsViewer (484)
[2017.05.18-04.06.12:142][434]LogModuleManager: Shutting down and abandoning module FoliageEdit (482)
[2017.05.18-04.06.12:142][434]LogModuleManager: Shutting down and abandoning module LandscapeEditor (480)
[2017.05.18-04.06.12:142][434]LogModuleManager: Shutting down and abandoning module SceneDepthPickerMode (478)
[2017.05.18-04.06.12:142][434]LogModuleManager: Shutting down and abandoning module ActorPickerMode (476)
[2017.05.18-04.06.12:142][434]LogModuleManager: Shutting down and abandoning module GeometryMode (474)
[2017.05.18-04.06.12:142][434]LogModuleManager: Shutting down and abandoning module TextureAlignMode (472)
[2017.05.18-04.06.12:142][434]LogModuleManager: Shutting down and abandoning module BspMode (470)
[2017.05.18-04.06.12:142][434]LogModuleManager: Shutting down and abandoning module HardwareSurvey (468)
[2017.05.18-04.06.12:142][434]LogModuleManager: Shutting down and abandoning module SequenceRecorderSections (466)
[2017.05.18-04.06.12:142][434]LogModuleManager: Shutting down and abandoning module AutomationWorker (464)
[2017.05.18-04.06.12:143][434]LogModuleManager: Shutting down and abandoning module MatineeToLevelSequence (462)
[2017.05.18-04.06.12:143][434]LogModuleManager: Shutting down and abandoning module LevelSequenceEditor (460)
[2017.05.18-04.06.12:159][434]LogModuleManager: Shutting down and abandoning module PlacementMode (459)
[2017.05.18-04.06.12:159][434]LogModuleManager: Shutting down and abandoning module WmfMediaFactory (456)
[2017.05.18-04.06.12:159][434]LogModuleManager: Shutting down and abandoning module WmfMediaEditor (454)
[2017.05.18-04.06.12:159][434]LogModuleManager: Shutting down and abandoning module MfMediaFactory (452)
[2017.05.18-04.06.12:159][434]LogModuleManager: Shutting down and abandoning module MfMediaEditor (450)
[2017.05.18-04.06.12:159][434]LogModuleManager: Shutting down and abandoning module AvfMediaFactory (448)
[2017.05.18-04.06.12:160][434]LogModuleManager: Shutting down and abandoning module AvfMediaEditor (446)
[2017.05.18-04.06.12:160][434]LogModuleManager: Shutting down and abandoning module AndroidMediaFactory (444)
[2017.05.18-04.06.12:160][434]LogModuleManager: Shutting down and abandoning module Media (443)
[2017.05.18-04.06.12:160][434]LogModuleManager: Shutting down and abandoning module AndroidMediaEditor (440)
[2017.05.18-04.06.12:160][434]LogModuleManager: Shutting down and abandoning module CharacterAI (438)
[2017.05.18-04.06.12:160][434]LogModuleManager: Shutting down and abandoning module AudioCapture (436)
[2017.05.18-04.06.12:160][434]LogModuleManager: Shutting down and abandoning module SequenceRecorder (435)
[2017.05.18-04.06.12:202][434]LogModuleManager: Shutting down and abandoning module SmartSnapping (432)
[2017.05.18-04.06.12:202][434]LogModuleManager: Shutting down and abandoning module SessionServices (430)
[2017.05.18-04.06.12:202][434]LogModuleManager: Shutting down and abandoning module ViewportSnapping (428)
[2017.05.18-04.06.12:202][434]LogModuleManager: Shutting down and abandoning module ViewportInteraction (426)
[2017.05.18-04.06.12:202][434]LogModuleManager: Shutting down and abandoning module LogVisualizer (424)
[2017.05.18-04.06.12:211][434]LogModuleManager: Shutting down and abandoning module IntroTutorials (422)
[2017.05.18-04.06.12:218][434]LogModuleManager: Shutting down and abandoning module GameProjectGeneration (421)
[2017.05.18-04.06.12:234][434]LogModuleManager: Shutting down and abandoning module EditorLiveStreaming (418)
[2017.05.18-04.06.12:234][434]LogModuleManager: Shutting down and abandoning module IOSPlatformEditor (416)
[2017.05.18-04.06.12:234][434]LogModuleManager: Shutting down and abandoning module HTML5PlatformEditor (414)
[2017.05.18-04.06.12:234][434]LogModuleManager: Shutting down and abandoning module AndroidPlatformEditor (412)
[2017.05.18-04.06.12:234][434]LogModuleManager: Shutting down and abandoning module AndroidDeviceDetection (411)
[2017.05.18-04.06.13:239][434]LogModuleManager: Shutting down and abandoning module IOSRuntimeSettings (408)
[2017.05.18-04.06.13:239][434]LogModuleManager: Shutting down and abandoning module AndroidRuntimeSettings (406)
[2017.05.18-04.06.13:352][434]LogModuleManager: Shutting down and abandoning module InputBindingEditor (404)
[2017.05.18-04.06.13:373][434]LogModuleManager: Shutting down and abandoning module NiagaraEditor (402)
[2017.05.18-04.06.13:679][434]LogModuleManager: Shutting down and abandoning module MergeActors (400)
[2017.05.18-04.06.13:710][434]LogModuleManager: Shutting down and abandoning module SizeMap (398)
[2017.05.18-04.06.13:710][434]LogModuleManager: Shutting down and abandoning module TreeMap (396)
[2017.05.18-04.06.13:710][434]LogModuleManager: Shutting down and abandoning module ReferenceViewer (394)
[2017.05.18-04.06.13:710][434]LogModuleManager: Shutting down and abandoning module LocalizationDashboard (392)
[2017.05.18-04.06.13:722][434]LogModuleManager: Shutting down and abandoning module LocalizationService (391)
[2017.05.18-04.06.13:752][434]LogModuleManager: Shutting down and abandoning module HardwareTargeting (388)
[2017.05.18-04.06.13:752][434]LogModuleManager: Shutting down and abandoning module DeviceProfileEditor (386)
[2017.05.18-04.06.13:914][434]LogModuleManager: Shutting down and abandoning module UndoHistory (384)
[2017.05.18-04.06.13:965][434]LogModuleManager: Shutting down and abandoning module UserFeedback (382)
[2017.05.18-04.06.13:965][434]LogModuleManager: Shutting down and abandoning module XmlParser (380)
[2017.05.18-04.06.13:965][434]LogModuleManager: Shutting down and abandoning module Blutility (378)
[2017.05.18-04.06.13:965][434]LogModuleManager: Shutting down and abandoning module ProjectSettingsViewer (376)
[2017.05.18-04.06.13:965][434]LogModuleManager: Shutting down and abandoning module ProjectTargetPlatformEditor (375)
[2017.05.18-04.06.13:965][434]LogModuleManager: Shutting down and abandoning module EditorSettingsViewer (372)
[2017.05.18-04.06.13:965][434]LogModuleManager: Shutting down and abandoning module SettingsEditor (370)
[2017.05.18-04.06.13:992][434]LogModuleManager: Shutting down and abandoning module ProjectLauncher (368)
[2017.05.18-04.06.14:175][434]LogModuleManager: Shutting down and abandoning module SessionFrontend (366)
[2017.05.18-04.06.14:214][434]LogModuleManager: Shutting down and abandoning module ProfilerClient (364)
[2017.05.18-04.06.14:248][434]LogModuleManager: Shutting down and abandoning module DeviceManager (362)
[2017.05.18-04.06.14:282][434]LogModuleManager: Shutting down and abandoning module TargetDeviceServices (361)
[2017.05.18-04.06.14:384][434]LogModuleManager: Shutting down and abandoning module AutomationController (358)
[2017.05.18-04.06.14:399][434]LogModuleManager: Shutting down and abandoning module AutomationWindow (356)
[2017.05.18-04.06.14:525][434]LogModuleManager: Shutting down and abandoning module Layers (354)
[2017.05.18-04.06.14:615][434]LogModuleManager: Shutting down and abandoning module ComponentVisualizers (352)
[2017.05.18-04.06.14:615][434]LogModuleManager: Shutting down and abandoning module DetailCustomizations (350)
[2017.05.18-04.06.14:615][434]LogModuleManager: Shutting down and abandoning module PackagesDialog (348)
[2017.05.18-04.06.14:640][434]LogModuleManager: Shutting down and abandoning module Persona (346)
[2017.05.18-04.06.14:666][434]LogModuleManager: Shutting down and abandoning module AnimGraph (345)
[2017.05.18-04.06.14:666][434]LogModuleManager: Shutting down and abandoning module Kismet (342)
[2017.05.18-04.06.14:682][434]LogModuleManager: Shutting down and abandoning module GraphEditor (340)
[2017.05.18-04.06.14:682][434]LogModuleManager: Shutting down and abandoning module ClassViewer (338)
[2017.05.18-04.06.14:682][434]LogModuleManager: Shutting down and abandoning module Toolbox (336)
[2017.05.18-04.06.14:682][434]LogModuleManager: Shutting down and abandoning module ModuleUI (334)
[2017.05.18-04.06.14:700][434]LogModuleManager: Shutting down and abandoning module MovieSceneTools (332)
[2017.05.18-04.06.14:723][434]LogModuleManager: Shutting down and abandoning module OutputLog (330)
[2017.05.18-04.06.14:723][434]LogModuleManager: Shutting down and abandoning module GammaUI (328)
[2017.05.18-04.06.14:745][434]LogModuleManager: Shutting down and abandoning module Documentation (326)
[2017.05.18-04.06.14:745][434]LogModuleManager: Shutting down and abandoning module Niagara (324)
[2017.05.18-04.06.14:745][434]LogModuleManager: Shutting down and abandoning module StreamingPauseRendering (322)
[2017.05.18-04.06.14:745][434]LogModuleManager: Shutting down and abandoning module AnalyticsET (320)
[2017.05.18-04.06.14:745][434]LogModuleManager: Shutting down and abandoning module PortalServices (318)
[2017.05.18-04.06.14:745][434]LogModuleManager: Shutting down and abandoning module PortalRpc (316)
[2017.05.18-04.06.14:745][434]LogModuleManager: Shutting down and abandoning module MessagingRpc (314)
[2017.05.18-04.06.14:745][434]LogModuleManager: Shutting down and abandoning module AIModule (312)
[2017.05.18-04.06.14:745][434]LogModuleManager: Shutting down and abandoning module GameplayDebugger (311)
[2017.05.18-04.06.14:760][434]LogModuleManager: Shutting down and abandoning module AITestSuite (309)
[2017.05.18-04.06.14:760][434]LogModuleManager: Shutting down and abandoning module ProfilerService (306)
[2017.05.18-04.06.14:804][434]LogModuleManager: Shutting down and abandoning module TaskGraph (304)
[2017.05.18-04.06.14:836][434]LogModuleManager: Shutting down and abandoning module SteamVRController (302)
[2017.05.18-04.06.14:836][434]LogModuleManager: Shutting down and abandoning module SteamVR (300)
[2017.05.18-04.06.14:836][434]LogModuleManager: Shutting down and abandoning module ProceduralMeshComponentEditor (298)
[2017.05.18-04.06.14:836][434]LogModuleManager: Shutting down and abandoning module ProceduralMeshComponent (296)
[2017.05.18-04.06.14:849][434]LogModuleManager: Shutting down and abandoning module OculusLibrary (294)
[2017.05.18-04.06.14:849][434]LogModuleManager: Shutting down and abandoning module OculusInput (292)
[2017.05.18-04.06.14:849][434]LogModuleManager: Shutting down and abandoning module MobilePatchingUtils (290)
[2017.05.18-04.06.14:849][434]LogModuleManager: Shutting down and abandoning module CustomMeshComponent (288)
[2017.05.18-04.06.14:849][434]LogModuleManager: Shutting down and abandoning module CableComponent (286)
[2017.05.18-04.06.14:849][434]LogModuleManager: Shutting down and abandoning module ArchVisCharacter (284)
[2017.05.18-04.06.14:849][434]LogModuleManager: Shutting down and abandoning module MediaPlayerEditor (280)
[2017.05.18-04.06.14:889][434]LogModuleManager: Shutting down and abandoning module HTML5Networking (278)
[2017.05.18-04.06.14:889][434]LogModuleManager: Shutting down and abandoning module AlembicImporter (276)
[2017.05.18-04.06.14:902][434]LogModuleManager: Shutting down and abandoning module AlembicLibrary (275)
[2017.05.18-04.06.14:902][434]LogModuleManager: Shutting down and abandoning module GeometryCache (274)
[2017.05.18-04.06.14:902][434]LogModuleManager: Shutting down and abandoning module GeometryCacheEd (273)
[2017.05.18-04.06.14:902][434]LogModuleManager: Shutting down and abandoning module SuperSearchEditor (268)
[2017.05.18-04.06.14:902][434]LogModuleManager: Shutting down and abandoning module SuperSearch (267)
[2017.05.18-04.06.14:902][434]LogModuleManager: Shutting down and abandoning module SpeedTreeImporter (264)
[2017.05.18-04.06.14:902][434]LogModuleManager: Shutting down and abandoning module PluginBrowser (262)
[2017.05.18-04.06.14:926][434]LogModuleManager: Shutting down and abandoning module MobileLauncherProfileWizard (260)
[2017.05.18-04.06.14:948][434]LogModuleManager: Shutting down and abandoning module EpicSurvey (258)
[2017.05.18-04.06.14:948][434]LogModuleManager: Shutting down and abandoning module VisualStudioSourceCodeAccess (256)
[2017.05.18-04.06.14:948][434]LogModuleManager: Shutting down and abandoning module DesktopPlatform (255)
[2017.05.18-04.06.14:948][434]LogModuleManager: Shutting down and abandoning module UObjectPlugin (252)
[2017.05.18-04.06.14:948][434]LogModuleManager: Shutting down and abandoning module SubversionSourceControl (250)
[2017.05.18-04.06.14:948][434]LogModuleManager: Shutting down and abandoning module PerforceSourceControl (248)
[2017.05.18-04.06.14:948][434]LogModuleManager: Shutting down and abandoning module GitSourceControl (246)
[2017.05.18-04.06.14:948][434]LogModuleManager: Shutting down and abandoning module SourceControl (245)
[2017.05.18-04.06.14:948][434]LogModuleManager: Shutting down and abandoning module LightPropagationVolumeEditor (242)
[2017.05.18-04.06.14:948][434]LogModuleManager: Shutting down and abandoning module PaperTiledImporter (240)
[2017.05.18-04.06.14:949][434]LogModuleManager: Shutting down and abandoning module PaperSpriteSheetImporter (238)
[2017.05.18-04.06.14:949][434]LogModuleManager: Shutting down and abandoning module Paper2DEditor (236)
[2017.05.18-04.06.14:972][434]LogModuleManager: Shutting down and abandoning module MeshPaint (235)
[2017.05.18-04.06.14:972][434]LogModuleManager: Shutting down and abandoning module LevelEditor (233)
[2017.05.18-04.06.15:025][434]LogModuleManager: Shutting down and abandoning module PixelInspectorModule (232)
[2017.05.18-04.06.15:025][434]LogModuleManager: Shutting down and abandoning module MainFrame (230)
[2017.05.18-04.06.15:025][434]LogModuleManager: Shutting down and abandoning module HotReload (229)
[2017.05.18-04.06.15:026][434]LogModuleManager: Shutting down and abandoning module ContentBrowser (225)
[2017.05.18-04.06.15:028][434]LogModuleManager: Shutting down and abandoning module PhysXVehiclesEditor (222)
[2017.05.18-04.06.15:042][434]LogModuleManager: Shutting down and abandoning module PhysXVehicles (220)
[2017.05.18-04.06.15:042][434]LogModuleManager: Shutting down and abandoning module LocationServicesBPLibrary (218)
[2017.05.18-04.06.15:042][434]LogModuleManager: Shutting down and abandoning module UdpMessaging (216)
[2017.05.18-04.06.15:142][434]LogModuleManager: Shutting down and abandoning module TcpMessaging (214)
[2017.05.18-04.06.15:242][434]LogModuleManager: Shutting down and abandoning module GameplayTagsEditor (212)
[2017.05.18-04.06.15:258][434]LogModuleManager: Shutting down and abandoning module FacialAnimationEditor (210)
[2017.05.18-04.06.15:275][434]LogModuleManager: Shutting down and abandoning module FacialAnimation (208)
[2017.05.18-04.06.15:275][434]LogModuleManager: Shutting down and abandoning module LightPropagationVolumeRuntime (206)
[2017.05.18-04.06.15:275][434]LogModuleManager: Shutting down and abandoning module Paper2D (204)
[2017.05.18-04.06.15:275][434]LogModuleManager: Shutting down and abandoning module WindowsMoviePlayer (202)
[2017.05.18-04.06.15:275][434]LogModuleManager: Shutting down and abandoning module WmfMedia (200)
[2017.05.18-04.06.15:299][434]LogModuleManager: Shutting down and abandoning module MfMedia (198)
[2017.05.18-04.06.15:299][434]LogModuleManager: Shutting down and abandoning module MediaAssets (196)
[2017.05.18-04.06.15:299][434]LogModuleManager: Shutting down and abandoning module GameLiveStreaming (194)
[2017.05.18-04.06.15:299][434]LogModuleManager: Shutting down and abandoning module VREditor (192)
[2017.05.18-04.06.15:299][434]LogModuleManager: Shutting down and abandoning module GameplayTasksEditor (190)
[2017.05.18-04.06.15:299][434]LogModuleManager: Shutting down and abandoning module BehaviorTreeEditor (188)
[2017.05.18-04.06.15:340][434]LogModuleManager: Shutting down and abandoning module FunctionalTesting (186)
[2017.05.18-04.06.15:340][434]LogModuleManager: Shutting down and abandoning module CollisionAnalyzer (184)
[2017.05.18-04.06.15:354][434]LogModuleManager: Shutting down and abandoning module UMG (182)
[2017.05.18-04.06.15:368][434]LogModuleManager: Shutting down and abandoning module UMGEditor (181)
[2017.05.18-04.06.15:384][434]LogModuleManager: Shutting down and abandoning module Sequencer (180)
[2017.05.18-04.06.15:415][434]LogModuleManager: Shutting down and abandoning module AssetTools (178)
[2017.05.18-04.06.15:436][434]LogModuleManager: Shutting down and abandoning module MessageLog (177)
[2017.05.18-04.06.15:436][434]LogModuleManager: Shutting down and abandoning module WorkspaceMenuStructure (176)
[2017.05.18-04.06.15:436][434]LogModuleManager: Shutting down and abandoning module SlateReflector (170)
[2017.05.18-04.06.15:615][434]LogModuleManager: Shutting down and abandoning module Slate (168)
[2017.05.18-04.06.15:615][434]LogModuleManager: Shutting down and abandoning module EditorStyle (166)
[2017.05.18-04.06.15:618][434]LogModuleManager: Shutting down and abandoning module SourceCodeAccess (164)
[2017.05.18-04.06.15:669][434]LogModuleManager: Shutting down and abandoning module HeadMountedDisplay (162)
[2017.05.18-04.06.15:669][434]LogModuleManager: Shutting down and abandoning module XAudio2 (160)
[2017.05.18-04.06.15:669][434]LogModuleManager: Shutting down and abandoning module Networking (158)
[2017.05.18-04.06.15:669][434]LogModuleManager: Shutting down and abandoning module Core (154)
[2017.05.18-04.06.15:669][434]LogModuleManager: Shutting down and abandoning module AssetRegistry (152)
[2017.05.18-04.06.15:818][434]LogDirectoryWatcher: A directory notification for '../../../Engine/Content/' was aborted.
[2017.05.18-04.06.15:818][434]LogDirectoryWatcher: A directory notification for '../../../../../../Users/16147006/Documents/UE4CraneProject/Content/' was aborted.
[2017.05.18-04.06.15:818][434]LogDirectoryWatcher: A directory notification for '../../../Engine/Plugins/2D/Paper2D/Content/' was aborted.
[2017.05.18-04.06.15:818][434]LogModuleManager: Shutting down and abandoning module DirectoryWatcher (151)
[2017.05.18-04.06.15:819][434]LogModuleManager: Shutting down and abandoning module KismetCompiler (148)
[2017.05.18-04.06.15:819][434]LogModuleManager: Shutting down and abandoning module PhysXFormats (146)
[2017.05.18-04.06.15:819][434]LogModuleManager: Shutting down and abandoning module MeshUtilities (144)
[2017.05.18-04.06.15:819][434]LogModuleManager: Shutting down and abandoning module SimplygonSwarm (143)
[2017.05.18-04.06.15:819][434]LogModuleManager: Shutting down and abandoning module SimplygonMeshReduction (141)
[2017.05.18-04.06.15:819][434]LogModuleManager: Shutting down and abandoning module QuadricMeshReduction (139)
[2017.05.18-04.06.15:819][434]LogModuleManager: Shutting down and abandoning module PropertyEditor (137)
[2017.05.18-04.06.15:819][434]LogModuleManager: Shutting down and abandoning module DerivedDataCache (134)
[2017.05.18-04.06.15:903][434]LogDerivedDataCache: Shutdown
[2017.05.18-04.06.15:903][434]LogModuleManager: Shutting down and abandoning module TargetPlatform (132)
[2017.05.18-04.06.15:903][434]LogModuleManager: Shutting down and abandoning module VulkanShaderFormat (131)
[2017.05.18-04.06.15:924][434]LogModuleManager: Shutting down and abandoning module ShaderFormatOpenGL (129)
[2017.05.18-04.06.15:938][434]LogModuleManager: Shutting down and abandoning module ShaderFormatD3D (127)
[2017.05.18-04.06.15:938][434]LogModuleManager: Shutting down and abandoning module MetalShaderFormat (125)
[2017.05.18-04.06.15:955][434]LogModuleManager: Shutting down and abandoning module TextureFormatUncompressed (123)
[2017.05.18-04.06.15:955][434]LogModuleManager: Shutting down and abandoning module TextureFormatPVR (121)
[2017.05.18-04.06.15:955][434]LogModuleManager: Shutting down and abandoning module TextureFormatDXT (119)
[2017.05.18-04.06.15:955][434]LogModuleManager: Shutting down and abandoning module TextureFormatIntelISPCTexComp (117)
[2017.05.18-04.06.15:977][434]LogModuleManager: Shutting down and abandoning module TextureFormatASTC (115)
[2017.05.18-04.06.15:977][434]LogModuleManager: Shutting down and abandoning module ImageWrapper (114)
[2017.05.18-04.06.15:977][434]LogModuleManager: Shutting down and abandoning module TextureFormatAndroid (111)
[2017.05.18-04.06.15:978][434]LogModuleManager: Shutting down and abandoning module AudioFormatOpus (109)
[2017.05.18-04.06.15:978][434]LogModuleManager: Shutting down and abandoning module AudioFormatOgg (107)
[2017.05.18-04.06.15:978][434]LogModuleManager: Shutting down and abandoning module AudioFormatADPCM (105)
[2017.05.18-04.06.15:978][434]LogModuleManager: Shutting down and abandoning module LinuxTargetPlatform (103)
[2017.05.18-04.06.15:978][434]LogModuleManager: Shutting down and abandoning module LinuxServerTargetPlatform (101)
[2017.05.18-04.06.15:978][434]LogModuleManager: Shutting down and abandoning module LinuxNoEditorTargetPlatform (99)
[2017.05.18-04.06.15:978][434]LogModuleManager: Shutting down and abandoning module LinuxClientTargetPlatform (97)
[2017.05.18-04.06.15:978][434]LogModuleManager: Shutting down and abandoning module TVOSTargetPlatform (95)
[2017.05.18-04.06.15:978][434]LogModuleManager: Shutting down and abandoning module Messaging (93)
[2017.05.18-04.06.15:978][434]LogModuleManager: Shutting down and abandoning module IOSTargetPlatform (91)
[2017.05.18-04.06.15:978][434]LogModuleManager: Shutting down and abandoning module HTML5TargetPlatform (89)
[2017.05.18-04.06.15:978][434]LogModuleManager: Shutting down and abandoning module Android_PVRTCTargetPlatform (87)
[2017.05.18-04.06.15:978][434]LogModuleManager: Shutting down and abandoning module Android_MultiTargetPlatform (85)
[2017.05.18-04.06.15:978][434]LogModuleManager: Shutting down and abandoning module Android_ETC2TargetPlatform (83)
[2017.05.18-04.06.15:978][434]LogModuleManager: Shutting down and abandoning module Android_ETC1TargetPlatform (81)
[2017.05.18-04.06.15:978][434]LogModuleManager: Shutting down and abandoning module Android_DXTTargetPlatform (79)
[2017.05.18-04.06.15:978][434]LogModuleManager: Shutting down and abandoning module Android_ATCTargetPlatform (77)
[2017.05.18-04.06.15:978][434]LogModuleManager: Shutting down and abandoning module Android_ASTCTargetPlatform (75)
[2017.05.18-04.06.15:978][434]LogModuleManager: Shutting down and abandoning module AndroidTargetPlatform (73)
[2017.05.18-04.06.15:978][434]LogModuleManager: Shutting down and abandoning module WindowsTargetPlatform (71)
[2017.05.18-04.06.15:978][434]LogModuleManager: Shutting down and abandoning module WindowsServerTargetPlatform (69)
[2017.05.18-04.06.15:978][434]LogModuleManager: Shutting down and abandoning module WindowsNoEditorTargetPlatform (67)
[2017.05.18-04.06.15:978][434]LogModuleManager: Shutting down and abandoning module WindowsClientTargetPlatform (65)
[2017.05.18-04.06.15:978][434]LogModuleManager: Shutting down and abandoning module MacTargetPlatform (63)
[2017.05.18-04.06.15:978][434]LogModuleManager: Shutting down and abandoning module MacServerTargetPlatform (61)
[2017.05.18-04.06.15:978][434]LogModuleManager: Shutting down and abandoning module MacNoEditorTargetPlatform (59)
[2017.05.18-04.06.15:979][434]LogModuleManager: Shutting down and abandoning module MacClientTargetPlatform (57)
[2017.05.18-04.06.15:979][434]LogModuleManager: Shutting down and abandoning module AllDesktopTargetPlatform (55)
[2017.05.18-04.06.15:979][434]LogModuleManager: Shutting down and abandoning module InputCore (52)
[2017.05.18-04.06.15:979][434]LogModuleManager: Shutting down and abandoning module Settings (50)
[2017.05.18-04.06.15:979][434]LogModuleManager: Shutting down and abandoning module OculusRift (48)
[2017.05.18-04.06.15:979][434]LogModuleManager: Shutting down and abandoning module GearVR (46)
[2017.05.18-04.06.16:001][434]LogModuleManager: Shutting down and abandoning module ExampleDeviceProfileSelector (44)
[2017.05.18-04.06.16:001][434]LogModuleManager: Shutting down and abandoning module OnlineBlueprintSupport (42)
[2017.05.18-04.06.16:001][434]LogModuleManager: Shutting down and abandoning module OnlineSubsystem (38)
[2017.05.18-04.06.16:001][434]LogOnline:Display: Unloading online subsystem: NULL
[2017.05.18-04.06.16:018][434]LogModuleManager: Shutting down and abandoning module XMPP (37)
[2017.05.18-04.06.16:043][434]LogModuleManager: Shutting down and abandoning module HTTP (35)
[2017.05.18-04.06.16:057][434]LogHttp:Display: Http module shutting down, but needs to wait on 1 outstanding Http requests:
[2017.05.18-04.06.16:057][434]LogHttp:Display: 	verb=[POST] url=[https://datarouter.ol.epicgames.com/datarouter/api/v1/public/data?SessionID=%7BFA39EBCA-4971-F922-575F-199E4025DCD7%7D&AppID=UEEditor.Rocket.Release&AppVersion=4.15.1-3348071%2B%2B%2BUE4%2BRelease-4.15&UserID=ca68aeb146fd2da8def0499d85ce1c43%7C8946633df60b49f39a7813cef32cd67b%7C123d1d78-d500-4324-8750-eb230958395b&AppEnvironment=datacollector-binary&UploadType=eteventstream] status=Processing
[2017.05.18-04.06.16:066][434]LogModuleManager: Shutting down and abandoning module SSL (34)
[2017.05.18-04.06.16:067][434]LogModuleManager: Shutting down and abandoning module AudioEditor (30)
[2017.05.18-04.06.16:090][434]LogModuleManager: Shutting down and abandoning module TextureCompressor (28)
[2017.05.18-04.06.16:113][434]LogModuleManager: Shutting down and abandoning module ShaderCore (26)
[2017.05.18-04.06.16:113][434]LogModuleManager: Shutting down and abandoning module Landscape (24)
[2017.05.18-04.06.16:113][434]LogModuleManager: Shutting down and abandoning module SlateRHIRenderer (22)
[2017.05.18-04.06.16:151][434]LogModuleManager: Shutting down and abandoning module OpenGLDrv (20)
[2017.05.18-04.06.16:159][434]LogModuleManager: Shutting down and abandoning module D3D11RHI (18)
[2017.05.18-04.06.16:159][434]LogModuleManager: Shutting down and abandoning module AnimGraphRuntime (16)
[2017.05.18-04.06.16:159][434]LogModuleManager: Shutting down and abandoning module Renderer (14)
[2017.05.18-04.06.16:159][434]LogModuleManager: Shutting down and abandoning module Engine (12)
[2017.05.18-04.06.16:159][434]LogModuleManager: Shutting down and abandoning module CoreUObject (10)
[2017.05.18-04.06.16:159][434]LogModuleManager: Shutting down and abandoning module NetworkFile (8)
[2017.05.18-04.06.16:159][434]LogModuleManager: Shutting down and abandoning module StreamingFile (6)
[2017.05.18-04.06.16:159][434]LogModuleManager: Shutting down and abandoning module SandboxFile (4)
[2017.05.18-04.06.16:159][434]LogModuleManager: Shutting down and abandoning module PakFile (2)
[2017.05.18-04.06.16:256][434]LogExit: Exiting.
[2017.05.18-04.06.16:277][434]Log file closed, 05/18/17 13:06:16
