Log file open, 05/01/17 22:38:49
LogInit:Display: Running engine for game: mugen
LogPlatformFile: Not using cached read wrapper
LogInit:Display: RandInit(-1237482690) SRandInit(-1237482689).
LogTaskGraph: Started task graph with 5 named threads and 6 total threads with 1 sets of task threads.
LogStats: Stats thread started at 0.126137
LogInit: Using libcurl 7.47.1
LogInit:  - built for x86_64-pc-win32
LogInit:  - supports SSL with OpenSSL/1.0.2g
LogInit:  - supports HTTP deflate (compression) using libz 1.2.8
LogInit:  - other features:
LogInit:      CURL_VERSION_SSL
LogInit:      CURL_VERSION_LIBZ
LogInit:      CURL_VERSION_IPV6
LogInit:      CURL_VERSION_ASYNCHDNS
LogInit:      CURL_VERSION_LARGEFILE
LogInit:      CURL_VERSION_IDN
LogInit:  CurlRequestOptions (configurable via config and command line):
LogInit:  - bVerifyPeer = false  - Libcurl will NOT verify peer certificate
LogInit:  - bUseHttpProxy = false  - Libcurl will NOT use HTTP proxy
LogInit:  - bDontReuseConnections = false  - Libcurl will reuse connections
LogInit:  - CertBundlePath = nullptr  - Libcurl will use whatever was configured at build time.
LogInit: Build: ++UE4+Release-4.15-CL-3299760
LogInit: Engine Version: 4.15.0-3299760+++UE4+Release-4.15
LogInit: Compatible Engine Version: 4.15.0-3299760+++UE4+Release-4.15
LogInit: Net CL: 3299760
LogDevObjectVersion: Number of dev versions registered: 14
LogDevObjectVersion:   Dev-Blueprints (B0D832E4-1F89-4F0D-ACCF-7EB736FD4AA2): 8
LogDevObjectVersion:   Dev-Build (E1C64328-A22C-4D53-A36C-8E866417BD8C): 0
LogDevObjectVersion:   Dev-Core (375EC13C-06E4-48FB-B500-84F0262A717E): 2
LogDevObjectVersion:   Dev-Editor (E4B068ED-F494-42E9-A231-DA0B2E46BB41): 14
LogDevObjectVersion:   Dev-Framework (CFFC743F-43B0-4480-9391-14DF171D2073): 22
LogDevObjectVersion:   Dev-Mobile (B02B49B5-BB20-44E9-A304-32B752E40360): 0
LogDevObjectVersion:   Dev-Networking (A4E4105C-59A1-49B5-A7C5-40C4547EDFEE): 0
LogDevObjectVersion:   Dev-Online (39C831C9-5AE6-47DC-9A44-9C173E1C8E7C): 0
LogDevObjectVersion:   Dev-Physics (78F01B33-EBEA-4F98-B9B4-84EACCB95AA2): 0
LogDevObjectVersion:   Dev-Platform (6631380F-2D4D-43E0-8009-CF276956A95A): 0
LogDevObjectVersion:   Dev-Rendering (12F88B9F-8875-4AFC-A67C-D90C383ABD29): 12
LogDevObjectVersion:   Dev-Sequencer (7B5AE74C-D270-4C10-A958-57980B212A5A): 3
LogDevObjectVersion:   Dev-VR (D7296918-1DD6-4BDD-9DE2-64A83CC13884): 0
LogDevObjectVersion:   Dev-LoadTimes (C2A15278-BFE7-4AFE-6C17-90FF531DF755): 1
LogInit: Compiled (64-bit): Feb 14 2017 02:04:14
LogInit: Compiled with Visual C++: 19.00.23026.00
LogInit: Build Configuration: Development
LogInit: Branch Name: ++UE4+Release-4.15
LogInit: Command line:  
LogInit: Base directory: C:/Program Files/Epic Games/UE_4.15/Engine/Binaries/Win64/
LogInit: Installed Engine Build: 1
LogInit: Presizing for max 8388607 objects, including 0 objects not considered by GC, pre-allocating 0 bytes for permanent pool.
LogInit: Object subsystem initialized
[2017.05.01-13.38.51:505][  0]LogInit: Selected Device Profile: [Windows]
[2017.05.01-13.38.51:505][  0]LogInit: Applying CVar settings loaded from the selected device profile: [Windows]
[2017.05.01-13.38.51:537][  0]LogInit: Computer: 16DELL-184S
[2017.05.01-13.38.51:537][  0]LogInit: User: 16148006S
[2017.05.01-13.38.51:537][  0]LogInit: CPU Page size=65536, Cores=2
[2017.05.01-13.38.51:537][  0]LogInit: High frequency timer resolution =2.822929 MHz
[2017.05.01-13.38.51:537][  0]LogMemory: Memory total: Physical=7.9GB (8GB approx)
[2017.05.01-13.38.51:537][  0]LogMemory: Platform Memory Stats for Windows
[2017.05.01-13.38.51:537][  0]LogMemory: Process Physical Memory: 263.40 MB used, 263.40 MB peak
[2017.05.01-13.38.51:537][  0]LogMemory: Process Virtual Memory: 263.85 MB used, 263.85 MB peak
[2017.05.01-13.38.51:537][  0]LogMemory: Physical Memory: 3721.41 MB used,  4344.08 MB free, 8065.50 MB total
[2017.05.01-13.38.51:537][  0]LogMemory: Virtual Memory: 629.50 MB used,  4344.08 MB free, 8388608.00 MB total
[2017.05.01-13.38.51:685][  0]LogTextLocalizationManager: No specific translations for ('ja-JP') exist, so ('ja') translations will be used.
[2017.05.01-13.38.51:815][  0]LogTextLocalizationManager:Warning: Loaded localization resources contain conflicting entries for (Namespace:UObjectToolTips, Key:AnimNode_AssetPlayerBase:bIgnoreForRelevancyTest):
Localization Resource: (C:/Program Files/Epic Games/UE_4.15/Engine/Content/Localization/EditorTutorials/ja/EditorTutorials.locres) Source String Hash: (319969718) Localized String: (真の場合、Relevant anim ノードはアニメーションで最も高いウェイトのものを無視します。
このノード)
Localization Resource: (C:/Program Files/Epic Games/UE_4.15/Engine/Content/Localization/Engine/ja/Engine.locres) Source String Hash: (319969718) Localized String: (真の場合、アニメーションで最も高いウェイトのものを無視するRelevant anim ノードは
このノードを無視します)
[2017.05.01-13.38.51:815][  0]LogTextLocalizationManager:Warning: Loaded localization resources contain conflicting entries for (Namespace:UObjectToolTips, Key:AnimNode_BlendSpacePlayer:bLoop):
Localization Resource: (C:/Program Files/Epic Games/UE_4.15/Engine/Content/Localization/EditorTutorials/ja/EditorTutorials.locres) Source String Hash: (2133979316) Localized String: (再生が最後まで終わった後、ループ再生するようにしますか？)
Localization Resource: (C:/Program Files/Epic Games/UE_4.15/Engine/Content/Localization/ToolTips/ja/ToolTips.locres) Source String Hash: (2133979316) Localized String: (ループが最後まで到達した時に、アニメーションのループを継続するべきか？)
[2017.05.01-13.38.51:815][  0]LogTextLocalizationManager:Warning: Loaded localization resources contain conflicting entries for (Namespace:UObjectToolTips, Key:AnimNode_BlendSpacePlayer:X):
Localization Resource: (C:/Program Files/Epic Games/UE_4.15/Engine/Content/Localization/EditorTutorials/ja/EditorTutorials.locres) Source String Hash: (2060772590) Localized String: (ブレンドスペースで値を取得するX座標)
Localization Resource: (C:/Program Files/Epic Games/UE_4.15/Engine/Content/Localization/ToolTips/ja/ToolTips.locres) Source String Hash: (2060772590) Localized String: (ブレンドスペースでサンプリングするX座標)
[2017.05.01-13.38.51:815][  0]LogTextLocalizationManager:Warning: Loaded localization resources contain conflicting entries for (Namespace:UObjectToolTips, Key:AnimNode_BlendSpacePlayer:Y):
Localization Resource: (C:/Program Files/Epic Games/UE_4.15/Engine/Content/Localization/EditorTutorials/ja/EditorTutorials.locres) Source String Hash: (-1719607538) Localized String: (ブレンドスペースで値を取得するY座標)
Localization Resource: (C:/Program Files/Epic Games/UE_4.15/Engine/Content/Localization/ToolTips/ja/ToolTips.locres) Source String Hash: (-1719607538) Localized String: (ブレンドスペースでサンプリングするY座標)
[2017.05.01-13.38.51:815][  0]LogTextLocalizationManager:Warning: Loaded localization resources contain conflicting entries for (Namespace:UObjectToolTips, Key:AnimNode_BlendSpacePlayer:Z):
Localization Resource: (C:/Program Files/Epic Games/UE_4.15/Engine/Content/Localization/EditorTutorials/ja/EditorTutorials.locres) Source String Hash: (1728943471) Localized String: (ブレンドスペースで値を取得するZ座標)
Localization Resource: (C:/Program Files/Epic Games/UE_4.15/Engine/Content/Localization/ToolTips/ja/ToolTips.locres) Source String Hash: (1728943471) Localized String: (ブレンドスペースでサンプリングするZ座標)
[2017.05.01-13.38.51:815][  0]LogTextLocalizationManager:Warning: Loaded localization resources contain conflicting entries for (Namespace:UObjectToolTips, Key:AnimNode_BlendSpacePlayer:BlendSpace):
Localization Resource: (C:/Program Files/Epic Games/UE_4.15/Engine/Content/Localization/EditorTutorials/ja/EditorTutorials.locres) Source String Hash: (1599043277) Localized String: (再生するブレンドスペースのアセット)
Localization Resource: (C:/Program Files/Epic Games/UE_4.15/Engine/Content/Localization/ToolTips/ja/ToolTips.locres) Source String Hash: (1599043277) Localized String: (再生するブレンド空間アセット)
[2017.05.01-13.38.51:815][  0]LogTextLocalizationManager:Warning: Loaded localization resources contain conflicting entries for (Namespace:UObjectToolTips, Key:AnimNode_StateMachine:MaxTransitionsPerFrame):
Localization Resource: (C:/Program Files/Epic Games/UE_4.15/Engine/Content/Localization/EditorTutorials/ja/EditorTutorials.locres) Source String Hash: (1567650430) Localized String: (このマシーンで1フレームあたりに同時に処理できるトランジションの最大数)
Localization Resource: (C:/Program Files/Epic Games/UE_4.15/Engine/Content/Localization/ToolTips/ja/ToolTips.locres) Source String Hash: (1567650430) Localized String: (単一フレームでマシーンが「同時」に受け取れる遷移の最大数)
[2017.05.01-13.38.51:815][  0]LogTextLocalizationManager:Warning: Loaded localization resources contain conflicting entries for (Namespace:UObjectToolTips, Key:AnimNode_BlendSpacePlayer:PlayRate):
Localization Resource: (C:/Program Files/Epic Games/UE_4.15/Engine/Content/Localization/EditorTutorials/ja/EditorTutorials.locres) Source String Hash: (-1274923958) Localized String: (再生速度の倍率です。負の数値も使う事ができます。その場合逆再生になります。)
Localization Resource: (C:/Program Files/Epic Games/UE_4.15/Engine/Content/Localization/ToolTips/ja/ToolTips.locres) Source String Hash: (-1274923958) Localized String: (再生レート乗数。アニメーションを逆再生する負の値にすることができます。)
[2017.05.01-13.38.51:815][  0]LogTextLocalizationManager:Warning: Loaded localization resources contain conflicting entries for (Namespace:UObjectToolTips, Key:AnimNode_SequencePlayer:bLoopAnimation):
Localization Resource: (C:/Program Files/Epic Games/UE_4.15/Engine/Content/Localization/ToolTips/ja/ToolTips.locres) Source String Hash: (2133979316) Localized String: (ループが最後まで到達した時に、アニメーションのループを継続するべきか？)
Localization Resource: (C:/Program Files/Epic Games/UE_4.15/Engine/Content/Localization/Engine/ja/Engine.locres) Source String Hash: (2133979316) Localized String: (最後に到達した時にアニメーションのループを継続しますか？)
[2017.05.01-13.38.51:815][  0]LogTextLocalizationManager:Warning: Loaded localization resources contain conflicting entries for (Namespace:UObjectToolTips, Key:AnimNode_SequencePlayer:PlayRate):
Localization Resource: (C:/Program Files/Epic Games/UE_4.15/Engine/Content/Localization/ToolTips/ja/ToolTips.locres) Source String Hash: (-1274923958) Localized String: (再生レート乗数。アニメーションを逆再生する負の値にすることができます。)
Localization Resource: (C:/Program Files/Epic Games/UE_4.15/Engine/Content/Localization/Engine/ja/Engine.locres) Source String Hash: (-1274923958) Localized String: (再生速度の倍率です。負の数値も使う事ができます。その場合逆再生になります。)
[2017.05.01-13.38.52:524][  0]LogD3D11RHI: D3D11 adapters:
[2017.05.01-13.38.52:528][  0]LogD3D11RHI:    0. 'Intel(R) HD Graphics 4000' (Feature Level 11_0)
[2017.05.01-13.38.52:528][  0]LogD3D11RHI:       64/0/1632 MB DedicatedVideo/DedicatedSystem/SharedSystem, Outputs:1, VendorId:0x8086
[2017.05.01-13.38.52:528][  0]LogD3D11RHI: Chosen D3D11 Adapter: 0
[2017.05.01-13.38.52:533][  0]LogD3D11RHI: Creating new Direct3DDevice
[2017.05.01-13.38.52:533][  0]LogD3D11RHI:     GPU DeviceId: 0x166 (for the marketing name, search the web for "GPU Device Id")
[2017.05.01-13.38.52:533][  0]LogWindows: EnumDisplayDevices:
[2017.05.01-13.38.52:533][  0]LogWindows:    0. 'Intel(R) HD Graphics 4000' (P:1 D:1)
[2017.05.01-13.38.52:534][  0]LogWindows:    1. 'Intel(R) HD Graphics 4000' (P:0 D:0)
[2017.05.01-13.38.52:534][  0]LogWindows:    2. 'RDPDD Chained DD' (P:0 D:0)
[2017.05.01-13.38.52:534][  0]LogWindows:    3. 'RDP Encoder Mirror Driver' (P:0 D:0)
[2017.05.01-13.38.52:534][  0]LogWindows:    4. 'RDP Reflector Display Driver' (P:0 D:0)
[2017.05.01-13.38.52:534][  0]LogWindows: DebugString: GetVideoDriverDetailsInvalid PrimaryIsNotTheChoosenAdapter GetVideoDriverDetailsInvalid PrimaryIsNotTheChoosenAdapter GetVideoDriverDetailsInvalid PrimaryIsNotTheChoosenAdapter FoundDriverCount:2 
[2017.05.01-13.38.52:534][  0]LogD3D11RHI:     Adapter Name: Intel(R) HD Graphics 4000
[2017.05.01-13.38.52:534][  0]LogD3D11RHI:   Driver Version: 10.18.10.4425 (internal:10.18.10.4425, unified:10.18.10.4425)
[2017.05.01-13.38.52:534][  0]LogD3D11RHI:      Driver Date: 4-4-2016
[2017.05.01-13.38.52:534][  0]LogRHI: Texture pool is 616 MB (70% of 880 MB)
[2017.05.01-13.38.52:539][  0]LogD3D11RHI: Async texture creation enabled
[2017.05.01-13.38.52:544][  0]LogD3D11RHI: GPU Timing Frequency: 12.500000 (Debug: 2 0)
[2017.05.01-13.38.52:544][  0]LogShaderCompilers: Guid format shader working directory is 1 characters bigger than the processId version (../../../../../../Users/16148006S/Documents/yuugen/Intermediate/Shaders/WorkingDirectory/380/).
[2017.05.01-13.38.52:545][  0]LogShaderCompilers: Cleaned the shader compiler working directory 'C:/Users/16148006S/AppData/Local/Temp/UnrealShaderWorkingDir/252E903C4B329506309C7B8D465B94BB/'.
[2017.05.01-13.38.52:545][  0]LogShaderCompilers:Display: Using Local Shader Compiler.
[2017.05.01-13.38.54:401][  0]LogTemp:Display: Loaded TP AllDesktopTargetPlatform
[2017.05.01-13.38.54:479][  0]LogTemp:Display: Loaded TP MacClientTargetPlatform
[2017.05.01-13.38.54:557][  0]LogTemp:Display: Loaded TP MacNoEditorTargetPlatform
[2017.05.01-13.38.54:635][  0]LogTemp:Display: Loaded TP MacServerTargetPlatform
[2017.05.01-13.38.54:714][  0]LogTemp:Display: Loaded TP MacTargetPlatform
[2017.05.01-13.38.54:789][  0]LogTemp:Display: Loaded TP WindowsClientTargetPlatform
[2017.05.01-13.38.54:866][  0]LogTemp:Display: Loaded TP WindowsNoEditorTargetPlatform
[2017.05.01-13.38.54:937][  0]LogTemp:Display: Loaded TP WindowsServerTargetPlatform
[2017.05.01-13.38.55:002][  0]LogTemp:Display: Loaded TP WindowsTargetPlatform
[2017.05.01-13.38.55:086][  0]LogTemp:Display: Loaded TP AndroidTargetPlatform
[2017.05.01-13.38.55:171][  0]LogTemp:Display: Loaded TP Android_ASTCTargetPlatform
[2017.05.01-13.38.55:246][  0]LogTemp:Display: Loaded TP Android_ATCTargetPlatform
[2017.05.01-13.38.55:318][  0]LogTemp:Display: Loaded TP Android_DXTTargetPlatform
[2017.05.01-13.38.55:392][  0]LogTemp:Display: Loaded TP Android_ETC1TargetPlatform
[2017.05.01-13.38.55:470][  0]LogTemp:Display: Loaded TP Android_ETC2TargetPlatform
[2017.05.01-13.38.55:626][  0]LogTemp:Display: Loaded TP Android_MultiTargetPlatform
[2017.05.01-13.38.55:626][  0]LogTemp:Display: Loaded TP Android_PVRTCTargetPlatform
[2017.05.01-13.38.55:675][  0]LogTemp:Display: Loaded TP HTML5TargetPlatform
[2017.05.01-13.38.55:800][  0]LogTemp:Display: Loaded TP IOSTargetPlatform
[2017.05.01-13.38.55:847][  0]LogTemp:Display: Loaded TP TVOSTargetPlatform
[2017.05.01-13.38.55:920][  0]LogTemp:Display: Loaded TP LinuxClientTargetPlatform
[2017.05.01-13.38.55:996][  0]LogTemp:Display: Loaded TP LinuxNoEditorTargetPlatform
[2017.05.01-13.38.56:065][  0]LogTemp:Display: Loaded TP LinuxServerTargetPlatform
[2017.05.01-13.38.56:140][  0]LogTemp:Display: Loaded TP LinuxTargetPlatform
[2017.05.01-13.38.56:140][  0]LogTargetPlatformManager:Display: Building Assets For Windows
[2017.05.01-13.38.56:739][  0]LogDerivedDataCache:Display: Max Cache Size: 512 MB
[2017.05.01-13.38.56:813][  0]LogDerivedDataCache: Loaded boot cache 0.07s 60MB C:/Users/16148006S/AppData/Local/UnrealEngine/4.15/DerivedDataCache/Boot.ddc.
[2017.05.01-13.38.56:813][  0]LogDerivedDataCache:Display: Loaded Boot cache: C:/Users/16148006S/AppData/Local/UnrealEngine/4.15/DerivedDataCache/Boot.ddc
[2017.05.01-13.38.56:814][  0]LogDerivedDataCache: FDerivedDataBackendGraph:  Pak pak cache file ../../../../../../Users/16148006S/Documents/yuugen/DerivedDataCache/DDC.ddp not found, will not use a pak cache.
[2017.05.01-13.38.56:814][  0]LogDerivedDataCache: Unable to find inner node Pak for hierarchical cache Hierarchy.
[2017.05.01-13.38.56:814][  0]LogDerivedDataCache: FDerivedDataBackendGraph:  CompressedPak pak cache file ../../../../../../Users/16148006S/Documents/yuugen/DerivedDataCache/Compressed.ddp not found, will not use a pak cache.
[2017.05.01-13.38.56:814][  0]LogDerivedDataCache: Unable to find inner node CompressedPak for hierarchical cache Hierarchy.
[2017.05.01-13.38.56:837][  0]LogDerivedDataCache:Display: Pak cache opened for reading ../../../Engine/DerivedDataCache/Compressed.ddp.
[2017.05.01-13.38.56:848][  0]LogDerivedDataCache: Using Local data cache path C:/Users/16148006S/AppData/Local/UnrealEngine/Common/DerivedDataCache: Writable
[2017.05.01-13.38.56:864][  0]LogSlate: Using Freetype 2.6.0
[2017.05.01-13.38.56:865][  0]LogSlate: SlateFontCache - WITH_FREETYPE: 1, WITH_HARFBUZZ: 1
[2017.05.01-13.38.56:865][  0]LogSlate: SlateFontCache - WITH_FREETYPE: 1, WITH_HARFBUZZ: 1
[2017.05.01-13.38.57:250][  0]LogInit: Selected Device Profile: [Windows]
[2017.05.01-13.38.57:257][  0]LogContentStreaming: Texture pool size is 0.00 MB
[2017.05.01-13.38.57:550][  0]LogMeshUtilities: Using QuadricMeshReduction for automatic static mesh reduction
[2017.05.01-13.38.57:619][  0]LogSimplygon: Simplygon DLL not present - disabling.
[2017.05.01-13.38.57:687][  0]LogMeshUtilities: Using SimplygonSwarm for distributed automatic mesh merging
[2017.05.01-13.38.57:687][  0]LogMeshUtilities: No automatic skeletal mesh reduction module available
[2017.05.01-13.38.57:687][  0]LogMeshUtilities: No automatic mesh merging module available
[2017.05.01-13.38.58:726][  0]LogNetVersion: GetLocalNetworkVersion: CL: 3299760, ProjectName: mugen, ProjectVersion: , EngineNetworkVersion: 2, GameNetworkVersion: 0, NetworkChecksum: 120315307
[2017.05.01-13.38.58:781][  0]LogAssetRegistry: FAssetRegistry took 0.0222 seconds to start up
[2017.05.01-13.38.58:882][  0]LogPackageLocalizationCache: Processed 3 localized package path(s) for 2 prioritized culture(s) in 0.064012 seconds
[2017.05.01-13.38.58:890][  0]LogUObjectArray: 32475 objects as part of root set at end of initial load.
[2017.05.01-13.38.58:890][  0]LogUObjectAllocator: 7073368 out of 0 bytes used by permanent object pool.
[2017.05.01-13.38.58:890][  0]LogUObjectArray: CloseDisregardForGC: 0/0 objects in disregard for GC pool
[2017.05.01-13.38.58:995][  0]LogInit: WinSock: version 1.1 (2.2), MaxSocks=32767, MaxUdp=65467
[2017.05.01-13.39.01:004][  0]LogTcpMessaging: Initializing TcpMessaging bridge
[2017.05.01-13.39.01:047][  0]LogUdpMessaging: Initializing bridge on interface 0.0.0.0:0 to multicast group 230.0.0.1:6666.
[2017.05.01-13.39.01:622][  0]LogMaterial: Uniform references updated for custom material expression Custom.
[2017.05.01-13.39.02:119][  0]SourceControl: 情報 ソースコントロールは無効です
[2017.05.01-13.39.04:525][  0]LogEngine: Initializing Engine...
[2017.05.01-13.39.04:525][  0]LogHMD: Failed to initialize OpenVR with code 110
[2017.05.01-13.39.04:845][  0]LogAIModule: Creating AISystem for world Untitled
[2017.05.01-13.39.04:856][  0]LogInit: XAudio2 using 'スピーカー (High Definition Audio デバイス)' : 2 channels at 44.1 kHz using 16 bits per sample (channel mask 0x3)
[2017.05.01-13.39.04:865][  0]LogInit: FAudioDevice initialized.
[2017.05.01-13.39.04:903][  0]LogDerivedDataCache: Saved boot cache 0.04s 50MB C:/Users/16148006S/AppData/Local/UnrealEngine/4.15/DerivedDataCache/Boot.ddc.
[2017.05.01-13.39.04:910][  0]LogInit: Texture streaming: Enabled
[2017.05.01-13.39.05:019][  0]LogEngineSessionManager: EngineSessionManager initialized
[2017.05.01-13.39.05:130][  0]LogInit: Transaction tracking system initialized
[2017.05.01-13.39.05:576][  0]BlueprintLog: New page: エディタの読み込み
[2017.05.01-13.39.06:713][  0]LocalizationService: 情報 ローカライズのサービスが無効になりました
[2017.05.01-13.39.07:573][  0]LogConsoleResponse:Display: 
[2017.05.01-13.39.07:789][  0]LogCook:Display: Max memory allowance for cook 16384mb min free memory 0mb
[2017.05.01-13.39.07:789][  0]LogCook:Display: Mobile HDR setting 1
[2017.05.01-13.39.08:536][  0]LogFileCache: Scanning file cache for directory 'C:/Users/16148006S/Documents/yuugen/Content/' took 0.02s
[2017.05.01-13.39.09:328][  0]Cmd: MAP LOAD FILE="../../../../../../Users/16148006S/Documents/yuugen/Content/ThirdPersonBP/Maps/ThirdPersonExampleMap.umap" TEMPLATE=0 SHOWPROGRESS=1 FEATURELEVEL=3
[2017.05.01-13.39.09:329][  0]LightingResults: New page: ライティングのビルド
[2017.05.01-13.39.09:379][  0]MapCheck: New page: マップをチェック
[2017.05.01-13.39.09:379][  0]LightingResults: New page: <何も選択されていません>
[2017.05.01-13.39.10:242][  0]LogAIModule: Creating AISystem for world ThirdPersonExampleMap
[2017.05.01-13.39.10:259][  0]LogEditorServer: Finished looking for orphan Actors (0.000 secs)
[2017.05.01-13.39.10:260][  0]Cmd: MAP CHECKDEP NOCLEARLOG
[2017.05.01-13.39.10:327][  0]MapCheck: 情報 マップチェックが完了: 0 エラー、 0 警告、完了に 66.644ミリ秒かかりました。
[2017.05.01-13.39.10:327][  0]LogFileHelpers: Loading map 'ThirdPersonExampleMap' took 0.999
[2017.05.01-13.39.10:580][  0]LogCollectionManager: Loaded 0 collections in 0.001402 seconds
[2017.05.01-13.39.10:670][  0]LogFileCache: Scanning file cache for directory 'C:/Users/16148006S/Documents/yuugen/Saved/Collections/' took 0.01s
[2017.05.01-13.39.10:670][  0]LogFileCache: Scanning file cache for directory 'C:/Users/16148006S/Documents/yuugen/Content/Developers/16148006S/Collections/' took 0.01s
[2017.05.01-13.39.10:670][  0]LogFileCache: Scanning file cache for directory 'C:/Users/16148006S/Documents/yuugen/Content/Collections/' took 0.01s
[2017.05.01-13.39.10:670][  0]LogCollectionManager: Rebuilt the GUID cache for 0 collections in 0.000002 seconds
[2017.05.01-13.39.10:682][  0]LogContentBrowser: Native class hierarchy populated in 0.0116 seconds. Added 2244 classes and 450 folders.
[2017.05.01-13.39.10:688][  0]LogStats: UGameplayTagsManager::ConstructGameplayTagTree: Construct from data asset -  0.000 s
[2017.05.01-13.39.10:688][  0]LogStats: UGameplayTagsManager::ConstructGameplayTagTree: GameplayTagTreeChangedEvent.Broadcast -  0.000 s
[2017.05.01-13.39.10:771][  0]LogContentBrowser: Native class hierarchy updated for 'WidgetCarousel' in 0.0007 seconds. Added 0 classes and 0 folders.
[2017.05.01-13.39.10:818][  0]LogContentBrowser: Native class hierarchy updated for 'AddContentDialog' in 0.0010 seconds. Added 0 classes and 0 folders.
[2017.05.01-13.39.10:901][  0]LogContentBrowser: Native class hierarchy updated for 'SceneOutliner' in 0.0006 seconds. Added 1 classes and 2 folders.
[2017.05.01-13.39.11:061][  0]LogCrashTracker: Crashtracker disabled due to settings.
[2017.05.01-13.39.11:068][  0]LogUObjectGlobals:Warning: オブジェクト 'Class なし.' が見つかりませんでした
[2017.05.01-13.39.11:152][  0]LogContentBrowser: Native class hierarchy updated for 'HierarchicalLODOutliner' in 0.0008 seconds. Added 1 classes and 2 folders.
[2017.05.01-13.39.11:152][  0]LogLoad: (Engine Initialization) Total time: 23.69 seconds
[2017.05.01-13.39.11:153][  0]LogLoad: (Engine Initialization) Total Blueprint compile time: 0.31 seconds
[2017.05.01-13.39.11:153][  0]LogExternalProfiler: Found external profiler: VSPerf
[2017.05.01-13.39.11:153][  0]LogExternalProfiler: Using external profiler: VSPerf
[2017.05.01-13.39.11:170][  0]LogOcInput: OculusInput pre-init called
[2017.05.01-13.39.11:191][  0]SourceControl: 情報 On branch master
[2017.05.01-13.39.11:191][  0]SourceControl: 情報 Your branch is up-to-date with '有限できる無限増殖/master'.
[2017.05.01-13.39.11:191][  0]SourceControl: 情報 Changes not staged for commit:
[2017.05.01-13.39.11:191][  0]SourceControl: 情報   (use "git add <file>..." to update what will be committed)
[2017.05.01-13.39.11:191][  0]SourceControl: 情報   (use "git checkout -- <file>..." to discard changes in working directory)
[2017.05.01-13.39.11:191][  0]SourceControl: 情報 	modified:   Content/StarterContent/Materials/M_Wood_Floor_Walnut_Polished.uasset
[2017.05.01-13.39.11:191][  0]SourceControl: 情報 	modified:   Content/ThirdPersonBP/EnemyCharacter.uasset
[2017.05.01-13.39.11:191][  0]SourceControl: 情報 	modified:   Content/ThirdPersonBP/Maps/ThirdPersonExampleMap.umap
[2017.05.01-13.39.11:191][  0]SourceControl: 情報 	modified:   Content/ThirdPersonBP/Maps/ThirdPersonExampleMap_BuiltData.uasset
[2017.05.01-13.39.11:191][  0]SourceControl: 情報 no changes added to commit (use "git add" and/or "git commit -a")
[2017.05.01-13.39.11:191][  0]LogContentStreaming: Texture pool size now 1000 MB
[2017.05.01-13.39.11:192][  0]LogSlate: Took 0.000213 seconds to synchronously load lazily loaded font '../../../Engine/Content/Slate/Fonts/Roboto-Regular.ttf' (155K)
[2017.05.01-13.39.11:199][  0]LogSlate: Took 0.004255 seconds to synchronously load lazily loaded font '../../../Engine/Content/Slate/Fonts/DroidSansFallback.ttf' (3848K)
[2017.05.01-13.39.11:202][  0]LogSlate: Took 0.000205 seconds to synchronously load lazily loaded font '../../../Engine/Content/Slate/Fonts/Roboto-Bold.ttf' (160K)
[2017.05.01-13.39.11:207][  0]LogSlate: Took 0.000202 seconds to synchronously load lazily loaded font '../../../Engine/Content/Editor/Slate/Fonts/FontAwesome.ttf' (139K)
[2017.05.01-13.39.11:323][  0]LogSlate: Took 0.000190 seconds to synchronously load lazily loaded font '../../../Engine/Content/Slate/Fonts/Roboto-Light.ttf' (159K)
[2017.05.01-13.39.11:418][  1]LogRenderer: Reallocating scene render targets to support 792x360 NumSamples 1 (Frame:2).
[2017.05.01-13.39.12:204][  2]LogAssetRegistry: Asset discovery search completed in 13.4452 seconds
[2017.05.01-13.39.12:204][  2]LogCollectionManager: Rebuilt the object cache for 0 collections in 0.000006 seconds (found 0 objects)
[2017.05.01-13.39.12:204][  2]LogCollectionManager: Fixed up redirectors for 0 collections in 0.000032 seconds (updated 0 objects)
[2017.05.01-13.39.25:999][122]LogSlate: Took 0.000697 seconds to synchronously load lazily loaded font '../../../Engine/Content/Slate/Fonts/Roboto-Light.ttf' (159K)
[2017.05.01-13.39.26:950][122]LogSlate: Took 0.000411 seconds to synchronously load lazily loaded font '../../../Engine/Content/Slate/Fonts/Roboto-Regular.ttf' (155K)
[2017.05.01-13.39.28:279][122]LogContentBrowser: Native class hierarchy updated for 'BlueprintGraph' in 0.0033 seconds. Added 112 classes and 0 folders.
[2017.05.01-13.39.31:072][122]LogSlate: Took 0.000417 seconds to synchronously load lazily loaded font '../../../Engine/Content/Editor/Slate/Fonts/Roboto-BoldCondensed.ttf' (158K)
[2017.05.01-13.39.33:922][153]LogSlate: Took 0.000348 seconds to synchronously load lazily loaded font '../../../Engine/Content/Editor/Slate/Fonts/Roboto-Italic.ttf' (157K)
[2017.05.01-13.46.32:066][126]LogSlate: Took 0.000547 seconds to synchronously load lazily loaded font '../../../Engine/Content/Slate/Fonts/Roboto-Light.ttf' (159K)
[2017.05.01-13.49.48:110][ 49]LogSlate: Took 0.000447 seconds to synchronously load lazily loaded font '../../../Engine/Content/Editor/Slate/Fonts/Roboto-BoldCondensedItalic.ttf' (160K)
[2017.05.01-13.58.55:058][  3]LogActorComponent: UnregisterComponent: (/Engine/Transient.EditorFloorComp) Not registered. Aborting.
[2017.05.01-13.58.58:978][ 53]Cmd: QUIT_EDITOR
[2017.05.01-13.58.59:226][ 53]LogExit: Preparing to exit.
[2017.05.01-13.59.00:042][ 53]LogDirectoryWatcher: A directory notification for 'C:/Users/16148006S/Documents/yuugen/Content/' was aborted.
[2017.05.01-13.59.00:150][ 53]LogExit: Editor shut down
[2017.05.01-13.59.00:151][ 53]LogExit: Transaction tracking system shut down
[2017.05.01-13.59.00:393][ 53]LogObj: Freed 0b from 0 cluster array pools.
[2017.05.01-13.59.00:393][ 53]LogExit: Object subsystem successfully closed.
[2017.05.01-13.59.00:433][ 53]LogD3D11RHI: Shutdown
[2017.05.01-13.59.00:433][ 53]LogD3D11RHI: CleanupD3DDevice
[2017.05.01-13.59.00:994][ 53]LogD3D11RHI: ~FD3D11DynamicRHI
[2017.05.01-13.59.01:017][ 53]LogModuleManager: Shutting down and abandoning module BlueprintGraph (500)
[2017.05.01-13.59.01:017][ 53]LogModuleManager: Shutting down and abandoning module BlueprintProfiler (498)
[2017.05.01-13.59.01:017][ 53]LogModuleManager: Shutting down and abandoning module HierarchicalLODOutliner (496)
[2017.05.01-13.59.01:017][ 53]LogModuleManager: Shutting down and abandoning module CrashTracker (494)
[2017.05.01-13.59.01:017][ 53]LogModuleManager: Shutting down and abandoning module SceneOutliner (492)
[2017.05.01-13.59.01:017][ 53]LogModuleManager: Shutting down and abandoning module AddContentDialog (490)
[2017.05.01-13.59.01:017][ 53]LogDirectoryWatcher: A directory notification for 'C:/Program Files/Epic Games/UE_4.15/FeaturePacks/' was aborted.
[2017.05.01-13.59.01:019][ 53]LogModuleManager: Shutting down and abandoning module WidgetCarousel (489)
[2017.05.01-13.59.01:019][ 53]LogModuleManager: Shutting down and abandoning module EditorWidgets (486)
[2017.05.01-13.59.01:019][ 53]LogModuleManager: Shutting down and abandoning module CollectionManager (484)
[2017.05.01-13.59.01:019][ 53]LogDirectoryWatcher: A directory notification for 'C:/Users/16148006S/Documents/yuugen/Content/Collections/' was aborted.
[2017.05.01-13.59.01:020][ 53]LogDirectoryWatcher: A directory notification for 'C:/Users/16148006S/Documents/yuugen/Content/Developers/16148006S/Collections/' was aborted.
[2017.05.01-13.59.01:020][ 53]LogDirectoryWatcher: A directory notification for 'C:/Users/16148006S/Documents/yuugen/Saved/Collections/' was aborted.
[2017.05.01-13.59.01:020][ 53]LogModuleManager: Shutting down and abandoning module StatsViewer (482)
[2017.05.01-13.59.01:020][ 53]LogModuleManager: Shutting down and abandoning module FoliageEdit (480)
[2017.05.01-13.59.01:020][ 53]LogModuleManager: Shutting down and abandoning module LandscapeEditor (478)
[2017.05.01-13.59.01:020][ 53]LogModuleManager: Shutting down and abandoning module SceneDepthPickerMode (476)
[2017.05.01-13.59.01:020][ 53]LogModuleManager: Shutting down and abandoning module ActorPickerMode (474)
[2017.05.01-13.59.01:020][ 53]LogModuleManager: Shutting down and abandoning module GeometryMode (472)
[2017.05.01-13.59.01:020][ 53]LogModuleManager: Shutting down and abandoning module TextureAlignMode (470)
[2017.05.01-13.59.01:020][ 53]LogModuleManager: Shutting down and abandoning module BspMode (468)
[2017.05.01-13.59.01:020][ 53]LogModuleManager: Shutting down and abandoning module HardwareSurvey (466)
[2017.05.01-13.59.01:020][ 53]LogModuleManager: Shutting down and abandoning module SequenceRecorderSections (464)
[2017.05.01-13.59.01:020][ 53]LogModuleManager: Shutting down and abandoning module AutomationWorker (462)
[2017.05.01-13.59.01:020][ 53]LogModuleManager: Shutting down and abandoning module MatineeToLevelSequence (460)
[2017.05.01-13.59.01:020][ 53]LogModuleManager: Shutting down and abandoning module LevelSequenceEditor (458)
[2017.05.01-13.59.01:021][ 53]LogModuleManager: Shutting down and abandoning module PlacementMode (457)
[2017.05.01-13.59.01:021][ 53]LogModuleManager: Shutting down and abandoning module WmfMediaFactory (454)
[2017.05.01-13.59.01:021][ 53]LogModuleManager: Shutting down and abandoning module WmfMediaEditor (452)
[2017.05.01-13.59.01:021][ 53]LogModuleManager: Shutting down and abandoning module MfMediaFactory (450)
[2017.05.01-13.59.01:021][ 53]LogModuleManager: Shutting down and abandoning module MfMediaEditor (448)
[2017.05.01-13.59.01:021][ 53]LogModuleManager: Shutting down and abandoning module AvfMediaFactory (446)
[2017.05.01-13.59.01:021][ 53]LogModuleManager: Shutting down and abandoning module AvfMediaEditor (444)
[2017.05.01-13.59.01:021][ 53]LogModuleManager: Shutting down and abandoning module AndroidMediaFactory (442)
[2017.05.01-13.59.01:021][ 53]LogModuleManager: Shutting down and abandoning module Media (441)
[2017.05.01-13.59.01:021][ 53]LogModuleManager: Shutting down and abandoning module AndroidMediaEditor (438)
[2017.05.01-13.59.01:021][ 53]LogModuleManager: Shutting down and abandoning module CharacterAI (436)
[2017.05.01-13.59.01:021][ 53]LogModuleManager: Shutting down and abandoning module AudioCapture (434)
[2017.05.01-13.59.01:021][ 53]LogModuleManager: Shutting down and abandoning module SequenceRecorder (433)
[2017.05.01-13.59.01:021][ 53]LogModuleManager: Shutting down and abandoning module SmartSnapping (430)
[2017.05.01-13.59.01:021][ 53]LogModuleManager: Shutting down and abandoning module SessionServices (428)
[2017.05.01-13.59.01:022][ 53]LogModuleManager: Shutting down and abandoning module ViewportSnapping (426)
[2017.05.01-13.59.01:022][ 53]LogModuleManager: Shutting down and abandoning module ViewportInteraction (424)
[2017.05.01-13.59.01:022][ 53]LogModuleManager: Shutting down and abandoning module LogVisualizer (422)
[2017.05.01-13.59.01:022][ 53]LogModuleManager: Shutting down and abandoning module IntroTutorials (420)
[2017.05.01-13.59.01:022][ 53]LogModuleManager: Shutting down and abandoning module GameProjectGeneration (419)
[2017.05.01-13.59.01:022][ 53]LogModuleManager: Shutting down and abandoning module EditorLiveStreaming (416)
[2017.05.01-13.59.01:022][ 53]LogModuleManager: Shutting down and abandoning module IOSPlatformEditor (414)
[2017.05.01-13.59.01:022][ 53]LogModuleManager: Shutting down and abandoning module HTML5PlatformEditor (412)
[2017.05.01-13.59.01:022][ 53]LogModuleManager: Shutting down and abandoning module AndroidPlatformEditor (410)
[2017.05.01-13.59.01:022][ 53]LogModuleManager: Shutting down and abandoning module AndroidDeviceDetection (409)
[2017.05.01-13.59.01:801][ 53]LogModuleManager: Shutting down and abandoning module IOSRuntimeSettings (406)
[2017.05.01-13.59.01:801][ 53]LogModuleManager: Shutting down and abandoning module AndroidRuntimeSettings (404)
[2017.05.01-13.59.01:801][ 53]LogModuleManager: Shutting down and abandoning module InputBindingEditor (402)
[2017.05.01-13.59.01:801][ 53]LogModuleManager: Shutting down and abandoning module NiagaraEditor (400)
[2017.05.01-13.59.01:802][ 53]LogModuleManager: Shutting down and abandoning module MergeActors (398)
[2017.05.01-13.59.01:802][ 53]LogModuleManager: Shutting down and abandoning module SizeMap (396)
[2017.05.01-13.59.01:802][ 53]LogModuleManager: Shutting down and abandoning module TreeMap (394)
[2017.05.01-13.59.01:802][ 53]LogModuleManager: Shutting down and abandoning module ReferenceViewer (392)
[2017.05.01-13.59.01:802][ 53]LogModuleManager: Shutting down and abandoning module LocalizationDashboard (390)
[2017.05.01-13.59.01:802][ 53]LogModuleManager: Shutting down and abandoning module LocalizationService (389)
[2017.05.01-13.59.01:802][ 53]LogModuleManager: Shutting down and abandoning module HardwareTargeting (386)
[2017.05.01-13.59.01:802][ 53]LogModuleManager: Shutting down and abandoning module DeviceProfileEditor (384)
[2017.05.01-13.59.01:802][ 53]LogModuleManager: Shutting down and abandoning module UndoHistory (382)
[2017.05.01-13.59.01:802][ 53]LogModuleManager: Shutting down and abandoning module UserFeedback (380)
[2017.05.01-13.59.01:802][ 53]LogModuleManager: Shutting down and abandoning module XmlParser (378)
[2017.05.01-13.59.01:802][ 53]LogModuleManager: Shutting down and abandoning module Blutility (376)
[2017.05.01-13.59.01:802][ 53]LogModuleManager: Shutting down and abandoning module ProjectSettingsViewer (374)
[2017.05.01-13.59.01:802][ 53]LogModuleManager: Shutting down and abandoning module ProjectTargetPlatformEditor (373)
[2017.05.01-13.59.01:804][ 53]LogModuleManager: Shutting down and abandoning module EditorSettingsViewer (370)
[2017.05.01-13.59.01:804][ 53]LogModuleManager: Shutting down and abandoning module SettingsEditor (368)
[2017.05.01-13.59.01:804][ 53]LogModuleManager: Shutting down and abandoning module ProjectLauncher (366)
[2017.05.01-13.59.01:804][ 53]LogModuleManager: Shutting down and abandoning module SessionFrontend (364)
[2017.05.01-13.59.01:804][ 53]LogModuleManager: Shutting down and abandoning module ProfilerClient (362)
[2017.05.01-13.59.01:804][ 53]LogModuleManager: Shutting down and abandoning module DeviceManager (360)
[2017.05.01-13.59.01:804][ 53]LogModuleManager: Shutting down and abandoning module TargetDeviceServices (359)
[2017.05.01-13.59.01:844][ 53]LogModuleManager: Shutting down and abandoning module AutomationController (356)
[2017.05.01-13.59.01:844][ 53]LogModuleManager: Shutting down and abandoning module AutomationWindow (354)
[2017.05.01-13.59.01:844][ 53]LogModuleManager: Shutting down and abandoning module Layers (352)
[2017.05.01-13.59.01:844][ 53]LogModuleManager: Shutting down and abandoning module ComponentVisualizers (350)
[2017.05.01-13.59.01:844][ 53]LogModuleManager: Shutting down and abandoning module DetailCustomizations (348)
[2017.05.01-13.59.01:844][ 53]LogModuleManager: Shutting down and abandoning module PackagesDialog (346)
[2017.05.01-13.59.01:844][ 53]LogModuleManager: Shutting down and abandoning module Persona (344)
[2017.05.01-13.59.01:844][ 53]LogModuleManager: Shutting down and abandoning module AnimGraph (343)
[2017.05.01-13.59.01:844][ 53]LogModuleManager: Shutting down and abandoning module Kismet (340)
[2017.05.01-13.59.01:862][ 53]LogModuleManager: Shutting down and abandoning module GraphEditor (338)
[2017.05.01-13.59.01:862][ 53]LogModuleManager: Shutting down and abandoning module ClassViewer (336)
[2017.05.01-13.59.01:866][ 53]LogModuleManager: Shutting down and abandoning module Toolbox (334)
[2017.05.01-13.59.01:866][ 53]LogModuleManager: Shutting down and abandoning module ModuleUI (332)
[2017.05.01-13.59.01:866][ 53]LogModuleManager: Shutting down and abandoning module MovieSceneTools (330)
[2017.05.01-13.59.01:867][ 53]LogModuleManager: Shutting down and abandoning module OutputLog (328)
[2017.05.01-13.59.01:867][ 53]LogModuleManager: Shutting down and abandoning module GammaUI (326)
[2017.05.01-13.59.01:867][ 53]LogModuleManager: Shutting down and abandoning module Documentation (324)
[2017.05.01-13.59.01:867][ 53]LogModuleManager: Shutting down and abandoning module Niagara (322)
[2017.05.01-13.59.01:867][ 53]LogModuleManager: Shutting down and abandoning module StreamingPauseRendering (320)
[2017.05.01-13.59.01:867][ 53]LogModuleManager: Shutting down and abandoning module AnalyticsET (318)
[2017.05.01-13.59.01:867][ 53]LogModuleManager: Shutting down and abandoning module PortalServices (316)
[2017.05.01-13.59.01:867][ 53]LogModuleManager: Shutting down and abandoning module PortalRpc (314)
[2017.05.01-13.59.01:867][ 53]LogModuleManager: Shutting down and abandoning module MessagingRpc (312)
[2017.05.01-13.59.01:867][ 53]LogModuleManager: Shutting down and abandoning module AIModule (310)
[2017.05.01-13.59.01:868][ 53]LogModuleManager: Shutting down and abandoning module GameplayDebugger (309)
[2017.05.01-13.59.01:868][ 53]LogModuleManager: Shutting down and abandoning module AITestSuite (307)
[2017.05.01-13.59.01:868][ 53]LogModuleManager: Shutting down and abandoning module ProfilerService (304)
[2017.05.01-13.59.01:984][ 53]LogModuleManager: Shutting down and abandoning module TaskGraph (302)
[2017.05.01-13.59.01:985][ 53]LogModuleManager: Shutting down and abandoning module SteamVRController (300)
[2017.05.01-13.59.01:985][ 53]LogModuleManager: Shutting down and abandoning module SteamVR (298)
[2017.05.01-13.59.01:985][ 53]LogModuleManager: Shutting down and abandoning module ProceduralMeshComponentEditor (296)
[2017.05.01-13.59.01:985][ 53]LogModuleManager: Shutting down and abandoning module ProceduralMeshComponent (294)
[2017.05.01-13.59.01:985][ 53]LogModuleManager: Shutting down and abandoning module OculusLibrary (292)
[2017.05.01-13.59.01:985][ 53]LogModuleManager: Shutting down and abandoning module OculusInput (290)
[2017.05.01-13.59.01:985][ 53]LogModuleManager: Shutting down and abandoning module MobilePatchingUtils (288)
[2017.05.01-13.59.01:985][ 53]LogModuleManager: Shutting down and abandoning module CustomMeshComponent (286)
[2017.05.01-13.59.01:985][ 53]LogModuleManager: Shutting down and abandoning module CableComponent (284)
[2017.05.01-13.59.01:985][ 53]LogModuleManager: Shutting down and abandoning module ArchVisCharacter (282)
[2017.05.01-13.59.01:985][ 53]LogModuleManager: Shutting down and abandoning module MediaPlayerEditor (278)
[2017.05.01-13.59.01:985][ 53]LogModuleManager: Shutting down and abandoning module HTML5Networking (276)
[2017.05.01-13.59.01:985][ 53]LogModuleManager: Shutting down and abandoning module AlembicImporter (274)
[2017.05.01-13.59.01:985][ 53]LogModuleManager: Shutting down and abandoning module AlembicLibrary (273)
[2017.05.01-13.59.01:985][ 53]LogModuleManager: Shutting down and abandoning module GeometryCache (272)
[2017.05.01-13.59.01:985][ 53]LogModuleManager: Shutting down and abandoning module GeometryCacheEd (271)
[2017.05.01-13.59.01:985][ 53]LogModuleManager: Shutting down and abandoning module SuperSearchEditor (266)
[2017.05.01-13.59.01:985][ 53]LogModuleManager: Shutting down and abandoning module SuperSearch (265)
[2017.05.01-13.59.01:985][ 53]LogModuleManager: Shutting down and abandoning module SpeedTreeImporter (262)
[2017.05.01-13.59.01:985][ 53]LogModuleManager: Shutting down and abandoning module PluginBrowser (260)
[2017.05.01-13.59.01:985][ 53]LogModuleManager: Shutting down and abandoning module MobileLauncherProfileWizard (258)
[2017.05.01-13.59.01:985][ 53]LogModuleManager: Shutting down and abandoning module EpicSurvey (256)
[2017.05.01-13.59.01:985][ 53]LogModuleManager: Shutting down and abandoning module VisualStudioSourceCodeAccess (254)
[2017.05.01-13.59.01:985][ 53]LogModuleManager: Shutting down and abandoning module DesktopPlatform (253)
[2017.05.01-13.59.01:985][ 53]LogModuleManager: Shutting down and abandoning module UObjectPlugin (250)
[2017.05.01-13.59.01:985][ 53]LogModuleManager: Shutting down and abandoning module SubversionSourceControl (248)
[2017.05.01-13.59.01:986][ 53]LogModuleManager: Shutting down and abandoning module PerforceSourceControl (246)
[2017.05.01-13.59.01:986][ 53]LogModuleManager: Shutting down and abandoning module GitSourceControl (244)
[2017.05.01-13.59.01:986][ 53]LogModuleManager: Shutting down and abandoning module SourceControl (243)
[2017.05.01-13.59.01:986][ 53]LogModuleManager: Shutting down and abandoning module LightPropagationVolumeEditor (240)
[2017.05.01-13.59.01:986][ 53]LogModuleManager: Shutting down and abandoning module PaperTiledImporter (238)
[2017.05.01-13.59.01:986][ 53]LogModuleManager: Shutting down and abandoning module PaperSpriteSheetImporter (236)
[2017.05.01-13.59.01:986][ 53]LogModuleManager: Shutting down and abandoning module Paper2DEditor (234)
[2017.05.01-13.59.01:986][ 53]LogModuleManager: Shutting down and abandoning module MeshPaint (233)
[2017.05.01-13.59.01:986][ 53]LogModuleManager: Shutting down and abandoning module LevelEditor (231)
[2017.05.01-13.59.01:990][ 53]LogModuleManager: Shutting down and abandoning module PixelInspectorModule (230)
[2017.05.01-13.59.01:990][ 53]LogModuleManager: Shutting down and abandoning module MainFrame (228)
[2017.05.01-13.59.01:990][ 53]LogModuleManager: Shutting down and abandoning module HotReload (227)
[2017.05.01-13.59.01:991][ 53]LogModuleManager: Shutting down and abandoning module ContentBrowser (223)
[2017.05.01-13.59.01:992][ 53]LogModuleManager: Shutting down and abandoning module PhysXVehiclesEditor (220)
[2017.05.01-13.59.01:992][ 53]LogModuleManager: Shutting down and abandoning module PhysXVehicles (218)
[2017.05.01-13.59.01:992][ 53]LogModuleManager: Shutting down and abandoning module LocationServicesBPLibrary (216)
[2017.05.01-13.59.01:992][ 53]LogModuleManager: Shutting down and abandoning module UdpMessaging (214)
[2017.05.01-13.59.02:092][ 53]LogModuleManager: Shutting down and abandoning module TcpMessaging (212)
[2017.05.01-13.59.02:192][ 53]LogModuleManager: Shutting down and abandoning module GameplayTagsEditor (210)
[2017.05.01-13.59.02:192][ 53]LogModuleManager: Shutting down and abandoning module FacialAnimationEditor (208)
[2017.05.01-13.59.02:192][ 53]LogModuleManager: Shutting down and abandoning module FacialAnimation (206)
[2017.05.01-13.59.02:192][ 53]LogModuleManager: Shutting down and abandoning module LightPropagationVolumeRuntime (204)
[2017.05.01-13.59.02:192][ 53]LogModuleManager: Shutting down and abandoning module Paper2D (202)
[2017.05.01-13.59.02:192][ 53]LogModuleManager: Shutting down and abandoning module WindowsMoviePlayer (200)
[2017.05.01-13.59.02:192][ 53]LogModuleManager: Shutting down and abandoning module WmfMedia (198)
[2017.05.01-13.59.02:228][ 53]LogModuleManager: Shutting down and abandoning module MfMedia (196)
[2017.05.01-13.59.02:228][ 53]LogModuleManager: Shutting down and abandoning module MediaAssets (194)
[2017.05.01-13.59.02:228][ 53]LogModuleManager: Shutting down and abandoning module GameLiveStreaming (192)
[2017.05.01-13.59.02:228][ 53]LogModuleManager: Shutting down and abandoning module VREditor (190)
[2017.05.01-13.59.02:228][ 53]LogModuleManager: Shutting down and abandoning module GameplayTasksEditor (188)
[2017.05.01-13.59.02:228][ 53]LogModuleManager: Shutting down and abandoning module BehaviorTreeEditor (186)
[2017.05.01-13.59.02:228][ 53]LogModuleManager: Shutting down and abandoning module FunctionalTesting (184)
[2017.05.01-13.59.02:228][ 53]LogModuleManager: Shutting down and abandoning module CollisionAnalyzer (182)
[2017.05.01-13.59.02:229][ 53]LogModuleManager: Shutting down and abandoning module UMG (180)
[2017.05.01-13.59.02:229][ 53]LogModuleManager: Shutting down and abandoning module UMGEditor (179)
[2017.05.01-13.59.02:229][ 53]LogModuleManager: Shutting down and abandoning module Sequencer (178)
[2017.05.01-13.59.02:229][ 53]LogModuleManager: Shutting down and abandoning module AssetTools (176)
[2017.05.01-13.59.02:229][ 53]LogModuleManager: Shutting down and abandoning module MessageLog (175)
[2017.05.01-13.59.02:229][ 53]LogModuleManager: Shutting down and abandoning module WorkspaceMenuStructure (174)
[2017.05.01-13.59.02:229][ 53]LogModuleManager: Shutting down and abandoning module SlateReflector (168)
[2017.05.01-13.59.02:229][ 53]LogModuleManager: Shutting down and abandoning module Slate (166)
[2017.05.01-13.59.02:229][ 53]LogModuleManager: Shutting down and abandoning module EditorStyle (164)
[2017.05.01-13.59.02:236][ 53]LogModuleManager: Shutting down and abandoning module SourceCodeAccess (162)
[2017.05.01-13.59.02:236][ 53]LogModuleManager: Shutting down and abandoning module HeadMountedDisplay (160)
[2017.05.01-13.59.02:236][ 53]LogModuleManager: Shutting down and abandoning module XAudio2 (158)
[2017.05.01-13.59.02:236][ 53]LogModuleManager: Shutting down and abandoning module Networking (156)
[2017.05.01-13.59.02:236][ 53]LogModuleManager: Shutting down and abandoning module Core (152)
[2017.05.01-13.59.02:236][ 53]LogModuleManager: Shutting down and abandoning module AssetRegistry (150)
[2017.05.01-13.59.02:472][ 53]LogDirectoryWatcher: A directory notification for '../../../Engine/Content/' was aborted.
[2017.05.01-13.59.02:472][ 53]LogDirectoryWatcher: A directory notification for '../../../../../../Users/16148006S/Documents/yuugen/Content/' was aborted.
[2017.05.01-13.59.02:472][ 53]LogDirectoryWatcher: A directory notification for '../../../Engine/Plugins/2D/Paper2D/Content/' was aborted.
[2017.05.01-13.59.02:472][ 53]LogModuleManager: Shutting down and abandoning module DirectoryWatcher (149)
[2017.05.01-13.59.02:473][ 53]LogModuleManager: Shutting down and abandoning module KismetCompiler (146)
[2017.05.01-13.59.02:473][ 53]LogModuleManager: Shutting down and abandoning module PhysXFormats (144)
[2017.05.01-13.59.02:473][ 53]LogModuleManager: Shutting down and abandoning module MeshUtilities (142)
[2017.05.01-13.59.02:473][ 53]LogModuleManager: Shutting down and abandoning module SimplygonSwarm (141)
[2017.05.01-13.59.02:473][ 53]LogModuleManager: Shutting down and abandoning module SimplygonMeshReduction (139)
[2017.05.01-13.59.02:473][ 53]LogModuleManager: Shutting down and abandoning module QuadricMeshReduction (137)
[2017.05.01-13.59.02:473][ 53]LogModuleManager: Shutting down and abandoning module PropertyEditor (135)
[2017.05.01-13.59.02:473][ 53]LogModuleManager: Shutting down and abandoning module DerivedDataCache (132)
[2017.05.01-13.59.02:517][ 53]LogDerivedDataCache: Shutdown
[2017.05.01-13.59.02:517][ 53]LogModuleManager: Shutting down and abandoning module TargetPlatform (130)
[2017.05.01-13.59.02:517][ 53]LogModuleManager: Shutting down and abandoning module VulkanShaderFormat (129)
[2017.05.01-13.59.02:517][ 53]LogModuleManager: Shutting down and abandoning module ShaderFormatOpenGL (127)
[2017.05.01-13.59.02:517][ 53]LogModuleManager: Shutting down and abandoning module ShaderFormatD3D (125)
[2017.05.01-13.59.02:517][ 53]LogModuleManager: Shutting down and abandoning module MetalShaderFormat (123)
[2017.05.01-13.59.02:517][ 53]LogModuleManager: Shutting down and abandoning module TextureFormatUncompressed (121)
[2017.05.01-13.59.02:517][ 53]LogModuleManager: Shutting down and abandoning module TextureFormatPVR (119)
[2017.05.01-13.59.02:517][ 53]LogModuleManager: Shutting down and abandoning module TextureFormatDXT (117)
[2017.05.01-13.59.02:517][ 53]LogModuleManager: Shutting down and abandoning module TextureFormatIntelISPCTexComp (115)
[2017.05.01-13.59.02:544][ 53]LogModuleManager: Shutting down and abandoning module TextureFormatASTC (113)
[2017.05.01-13.59.02:544][ 53]LogModuleManager: Shutting down and abandoning module ImageWrapper (112)
[2017.05.01-13.59.02:544][ 53]LogModuleManager: Shutting down and abandoning module TextureFormatAndroid (109)
[2017.05.01-13.59.02:544][ 53]LogModuleManager: Shutting down and abandoning module AudioFormatOpus (107)
[2017.05.01-13.59.02:544][ 53]LogModuleManager: Shutting down and abandoning module AudioFormatOgg (105)
[2017.05.01-13.59.02:544][ 53]LogModuleManager: Shutting down and abandoning module AudioFormatADPCM (103)
[2017.05.01-13.59.02:544][ 53]LogModuleManager: Shutting down and abandoning module LinuxTargetPlatform (101)
[2017.05.01-13.59.02:544][ 53]LogModuleManager: Shutting down and abandoning module LinuxServerTargetPlatform (99)
[2017.05.01-13.59.02:544][ 53]LogModuleManager: Shutting down and abandoning module LinuxNoEditorTargetPlatform (97)
[2017.05.01-13.59.02:544][ 53]LogModuleManager: Shutting down and abandoning module LinuxClientTargetPlatform (95)
[2017.05.01-13.59.02:544][ 53]LogModuleManager: Shutting down and abandoning module TVOSTargetPlatform (93)
[2017.05.01-13.59.02:544][ 53]LogModuleManager: Shutting down and abandoning module Messaging (91)
[2017.05.01-13.59.02:544][ 53]LogModuleManager: Shutting down and abandoning module IOSTargetPlatform (89)
[2017.05.01-13.59.02:544][ 53]LogModuleManager: Shutting down and abandoning module HTML5TargetPlatform (87)
[2017.05.01-13.59.02:544][ 53]LogModuleManager: Shutting down and abandoning module Android_PVRTCTargetPlatform (85)
[2017.05.01-13.59.02:544][ 53]LogModuleManager: Shutting down and abandoning module Android_MultiTargetPlatform (83)
[2017.05.01-13.59.02:544][ 53]LogModuleManager: Shutting down and abandoning module Android_ETC2TargetPlatform (81)
[2017.05.01-13.59.02:544][ 53]LogModuleManager: Shutting down and abandoning module Android_ETC1TargetPlatform (79)
[2017.05.01-13.59.02:544][ 53]LogModuleManager: Shutting down and abandoning module Android_DXTTargetPlatform (77)
[2017.05.01-13.59.02:544][ 53]LogModuleManager: Shutting down and abandoning module Android_ATCTargetPlatform (75)
[2017.05.01-13.59.02:544][ 53]LogModuleManager: Shutting down and abandoning module Android_ASTCTargetPlatform (73)
[2017.05.01-13.59.02:544][ 53]LogModuleManager: Shutting down and abandoning module AndroidTargetPlatform (71)
[2017.05.01-13.59.02:544][ 53]LogModuleManager: Shutting down and abandoning module WindowsTargetPlatform (69)
[2017.05.01-13.59.02:545][ 53]LogModuleManager: Shutting down and abandoning module WindowsServerTargetPlatform (67)
[2017.05.01-13.59.02:545][ 53]LogModuleManager: Shutting down and abandoning module WindowsNoEditorTargetPlatform (65)
[2017.05.01-13.59.02:545][ 53]LogModuleManager: Shutting down and abandoning module WindowsClientTargetPlatform (63)
[2017.05.01-13.59.02:545][ 53]LogModuleManager: Shutting down and abandoning module MacTargetPlatform (61)
[2017.05.01-13.59.02:545][ 53]LogModuleManager: Shutting down and abandoning module MacServerTargetPlatform (59)
[2017.05.01-13.59.02:545][ 53]LogModuleManager: Shutting down and abandoning module MacNoEditorTargetPlatform (57)
[2017.05.01-13.59.02:545][ 53]LogModuleManager: Shutting down and abandoning module MacClientTargetPlatform (55)
[2017.05.01-13.59.02:545][ 53]LogModuleManager: Shutting down and abandoning module AllDesktopTargetPlatform (53)
[2017.05.01-13.59.02:545][ 53]LogModuleManager: Shutting down and abandoning module InputCore (50)
[2017.05.01-13.59.02:545][ 53]LogModuleManager: Shutting down and abandoning module Settings (48)
[2017.05.01-13.59.02:545][ 53]LogModuleManager: Shutting down and abandoning module OculusRift (46)
[2017.05.01-13.59.02:545][ 53]LogModuleManager: Shutting down and abandoning module ExampleDeviceProfileSelector (44)
[2017.05.01-13.59.02:545][ 53]LogModuleManager: Shutting down and abandoning module OnlineBlueprintSupport (42)
[2017.05.01-13.59.02:545][ 53]LogModuleManager: Shutting down and abandoning module OnlineSubsystem (38)
[2017.05.01-13.59.02:545][ 53]LogOnline:Display: Unloading online subsystem: NULL
[2017.05.01-13.59.02:545][ 53]LogModuleManager: Shutting down and abandoning module XMPP (37)
[2017.05.01-13.59.02:545][ 53]LogModuleManager: Shutting down and abandoning module HTTP (35)
[2017.05.01-13.59.02:545][ 53]LogHttp:Display: Http module shutting down, but needs to wait on 1 outstanding Http requests:
[2017.05.01-13.59.02:545][ 53]LogHttp:Display: 	verb=[POST] url=[https://datarouter.ol.epicgames.com/datarouter/api/v1/public/data?SessionID=%7B8CABF8CE-43FC-6F11-14E0-11B5DCAF1B39%7D&AppID=UEEditor.Rocket.Release&AppVersion=4.15.0-3299760%2B%2B%2BUE4%2BRelease-4.15&UserID=12a8dae1473d6c2a66a1bf87b812c928%7Cc5df9eff1ba8467988cd5f6f44cacb1c%7C0738e75e-8123-43bc-9067-d7657b130072&AppEnvironment=datacollector-binary&UploadType=eteventstream] status=Processing
[2017.05.01-13.59.02:562][ 53]LogModuleManager: Shutting down and abandoning module SSL (34)
[2017.05.01-13.59.02:564][ 53]LogModuleManager: Shutting down and abandoning module AudioEditor (30)
[2017.05.01-13.59.02:564][ 53]LogModuleManager: Shutting down and abandoning module TextureCompressor (28)
[2017.05.01-13.59.02:606][ 53]LogModuleManager: Shutting down and abandoning module ShaderCore (26)
[2017.05.01-13.59.02:606][ 53]LogModuleManager: Shutting down and abandoning module Landscape (24)
[2017.05.01-13.59.02:606][ 53]LogModuleManager: Shutting down and abandoning module SlateRHIRenderer (22)
[2017.05.01-13.59.02:613][ 53]LogModuleManager: Shutting down and abandoning module OpenGLDrv (20)
[2017.05.01-13.59.02:613][ 53]LogModuleManager: Shutting down and abandoning module D3D11RHI (18)
[2017.05.01-13.59.02:613][ 53]LogModuleManager: Shutting down and abandoning module AnimGraphRuntime (16)
[2017.05.01-13.59.02:613][ 53]LogModuleManager: Shutting down and abandoning module Renderer (14)
[2017.05.01-13.59.02:613][ 53]LogModuleManager: Shutting down and abandoning module Engine (12)
[2017.05.01-13.59.02:613][ 53]LogModuleManager: Shutting down and abandoning module CoreUObject (10)
[2017.05.01-13.59.02:613][ 53]LogModuleManager: Shutting down and abandoning module NetworkFile (8)
[2017.05.01-13.59.02:613][ 53]LogModuleManager: Shutting down and abandoning module StreamingFile (6)
[2017.05.01-13.59.02:613][ 53]LogModuleManager: Shutting down and abandoning module SandboxFile (4)
[2017.05.01-13.59.02:613][ 53]LogModuleManager: Shutting down and abandoning module PakFile (2)
[2017.05.01-13.59.02:623][ 53]LogExit: Exiting.
[2017.05.01-13.59.02:627][ 53]Log file closed, 05/01/17 22:59:02
